{"obj": {"type": "AssignString", "path": ["sys", "name"], "value": "Untitled"}, "version": 1}
{"obj": {"type": "AssignString", "path": ["sys", "description"], "value": ""}, "version": 2}
{"obj": {"type": "AssignString", "path": ["sys", "hostname"], "value": "DESKTOP-6KTR5KC"}, "version": 3}
{"obj": {"type": "AssignBool", "path": ["sys", "failed"], "value": false}, "version": 4}
{"obj": {"type": "ClearStringLog", "path": ["monitoring", "stdout"]}, "version": 5}
{"obj": {"type": "ClearStringLog", "path": ["monitoring", "stderr"]}, "version": 6}
{"obj": {"type": "AssignString", "path": ["source_code", "entrypoint"], "value": "app.py"}, "version": 7}
{"obj": {"type": "UploadFileSet", "path": ["source_code", "files"], "file_globs": ["D:\\Portfolio\\Bert based sentiment system\\*.py"], "reset": "False"}, "version": 8}
{"obj": {"type": "ConfigFloatSeries", "path": ["monitoring", "cpu"], "min": 0.0, "max": 100.0, "unit": "%"}, "version": 9}
{"obj": {"type": "ClearFloatLog", "path": ["monitoring", "cpu"]}, "version": 10}
{"obj": {"type": "ConfigFloatSeries", "path": ["monitoring", "memory"], "min": 0.0, "max": 23.94460678100586, "unit": "GB"}, "version": 11}
{"obj": {"type": "ClearFloatLog", "path": ["monitoring", "memory"]}, "version": 12}
{"obj": {"type": "ConfigFloatSeries", "path": ["monitoring", "gpu"], "min": 0.0, "max": 100.0, "unit": "%"}, "version": 13}
{"obj": {"type": "ClearFloatLog", "path": ["monitoring", "gpu"]}, "version": 14}
{"obj": {"type": "ConfigFloatSeries", "path": ["monitoring", "gpu_memory"], "min": 0.0, "max": 12.0, "unit": "GB"}, "version": 15}
{"obj": {"type": "ClearFloatLog", "path": ["monitoring", "gpu_memory"]}, "version": 16}
{"obj": {"type": "AssignFloat", "path": ["config", "hyperparameters", "lr"], "value": 0.01}, "version": 17}
{"obj": {"type": "AssignInt", "path": ["config", "hyperparameters", "bs"], "value": 32}, "version": 18}
{"obj": {"type": "AssignInt", "path": ["config", "hyperparameters", "H"], "value": 64}, "version": 19}
{"obj": {"type": "AssignInt", "path": ["config", "hyperparameters", "n_classes"], "value": 2}, "version": 20}
{"obj": {"type": "AssignString", "path": ["config", "hyperparameters", "model_filename"], "value": "bertclassifier"}, "version": 21}
{"obj": {"type": "AssignString", "path": ["config", "hyperparameters", "device"], "value": "cuda:0"}, "version": 22}
{"obj": {"type": "AssignString", "path": ["config", "criterion"], "value": "CrossEntropyLoss"}, "version": 23}
{"obj": {"type": "LogFloats", "path": ["monitoring", "cpu"], "values": [{"value": 61.9, "step": null, "ts": 1659557098.9848046}]}, "version": 24}
{"obj": {"type": "LogFloats", "path": ["monitoring", "memory"], "values": [{"value": 20.131450653076172, "step": null, "ts": 1659557098.9848046}]}, "version": 25}
{"obj": {"type": "LogFloats", "path": ["monitoring", "gpu_memory"], "values": [{"value": 3.0700836181640625, "step": null, "ts": 1659557098.9848046}]}, "version": 26}
{"obj": {"type": "LogStrings", "path": ["monitoring", "stderr"], "values": [{"value": " * Running on all addresses (0.0.0.0)\n   WARNING: This is a development server. Do not use it in a production deployment.\n * Running on http://127.0.0.1:5000\n * Running on http://192.168.100.43:5000 (Press CTRL+C to quit)\n", "step": null, "ts": 1659557102.923948}]}, "version": 27}
{"obj": {"type": "LogStrings", "path": ["monitoring", "stderr"], "values": [{"value": " * Restarting with stat\n", "step": null, "ts": 1659557102.9310925}]}, "version": 28}
{"obj": {"type": "LogFloats", "path": ["monitoring", "cpu"], "values": [{"value": 99.3, "step": null, "ts": 1659557109.0062585}]}, "version": 29}
{"obj": {"type": "LogFloats", "path": ["monitoring", "memory"], "values": [{"value": 20.46672821044922, "step": null, "ts": 1659557109.0062585}]}, "version": 30}
{"obj": {"type": "LogFloats", "path": ["monitoring", "gpu"], "values": [{"value": 8.0, "step": null, "ts": 1659557109.0062585}]}, "version": 31}
{"obj": {"type": "LogFloats", "path": ["monitoring", "gpu_memory"], "values": [{"value": 3.0705108642578125, "step": null, "ts": 1659557109.0062585}]}, "version": 32}
{"obj": {"type": "LogFloats", "path": ["monitoring", "cpu"], "values": [{"value": 89.8, "step": null, "ts": 1659557119.0245082}]}, "version": 33}
{"obj": {"type": "LogFloats", "path": ["monitoring", "memory"], "values": [{"value": 20.692569732666016, "step": null, "ts": 1659557119.0245082}]}, "version": 34}
{"obj": {"type": "LogFloats", "path": ["monitoring", "gpu_memory"], "values": [{"value": 3.0708160400390625, "step": null, "ts": 1659557119.0245082}]}, "version": 35}
{"obj": {"type": "LogFloats", "path": ["monitoring", "cpu"], "values": [{"value": 85.7, "step": null, "ts": 1659557129.0393558}]}, "version": 36}
{"obj": {"type": "LogFloats", "path": ["monitoring", "memory"], "values": [{"value": 20.966758728027344, "step": null, "ts": 1659557129.0393558}]}, "version": 37}
{"obj": {"type": "LogFloats", "path": ["monitoring", "gpu"], "values": [{"value": 23.0, "step": null, "ts": 1659557129.0393558}]}, "version": 38}
{"obj": {"type": "LogFloats", "path": ["monitoring", "gpu_memory"], "values": [{"value": 3.0710601806640625, "step": null, "ts": 1659557129.0393558}]}, "version": 39}
{"obj": {"type": "LogFloats", "path": ["monitoring", "cpu"], "values": [{"value": 90.4, "step": null, "ts": 1659557139.066577}]}, "version": 40}
{"obj": {"type": "LogFloats", "path": ["monitoring", "memory"], "values": [{"value": 20.920719146728516, "step": null, "ts": 1659557139.066577}]}, "version": 41}
{"obj": {"type": "LogFloats", "path": ["monitoring", "gpu"], "values": [{"value": 1.0, "step": null, "ts": 1659557139.066577}]}, "version": 42}
{"obj": {"type": "LogFloats", "path": ["monitoring", "gpu_memory"], "values": [{"value": 3.627056121826172, "step": null, "ts": 1659557139.066577}]}, "version": 43}
{"obj": {"type": "LogFloats", "path": ["monitoring", "cpu"], "values": [{"value": 92.2, "step": null, "ts": 1659557149.0825357}]}, "version": 44}
{"obj": {"type": "LogFloats", "path": ["monitoring", "memory"], "values": [{"value": 19.98163604736328, "step": null, "ts": 1659557149.0825357}]}, "version": 45}
{"obj": {"type": "LogFloats", "path": ["monitoring", "gpu_memory"], "values": [{"value": 3.620159149169922, "step": null, "ts": 1659557149.0825357}]}, "version": 46}
{"obj": {"type": "LogFloats", "path": ["monitoring", "cpu"], "values": [{"value": 58.3, "step": null, "ts": 1659557159.1017458}]}, "version": 47}
{"obj": {"type": "LogFloats", "path": ["monitoring", "memory"], "values": [{"value": 19.488666534423828, "step": null, "ts": 1659557159.1017458}]}, "version": 48}
{"obj": {"type": "LogFloats", "path": ["monitoring", "gpu_memory"], "values": [{"value": 3.620159149169922, "step": null, "ts": 1659557159.1017458}]}, "version": 49}
{"obj": {"type": "LogFloats", "path": ["monitoring", "cpu"], "values": [{"value": 59.7, "step": null, "ts": 1659557169.1212883}]}, "version": 50}
{"obj": {"type": "LogFloats", "path": ["monitoring", "memory"], "values": [{"value": 19.49484634399414, "step": null, "ts": 1659557169.1212883}]}, "version": 51}
{"obj": {"type": "LogFloats", "path": ["monitoring", "gpu_memory"], "values": [{"value": 3.620159149169922, "step": null, "ts": 1659557169.1212883}]}, "version": 52}
{"obj": {"type": "LogFloats", "path": ["monitoring", "cpu"], "values": [{"value": 54.6, "step": null, "ts": 1659557179.1417928}]}, "version": 53}
{"obj": {"type": "LogFloats", "path": ["monitoring", "memory"], "values": [{"value": 19.270126342773438, "step": null, "ts": 1659557179.1417928}]}, "version": 54}
{"obj": {"type": "LogFloats", "path": ["monitoring", "gpu_memory"], "values": [{"value": 3.620159149169922, "step": null, "ts": 1659557179.1417928}]}, "version": 55}
{"obj": {"type": "LogFloats", "path": ["monitoring", "cpu"], "values": [{"value": 31.3, "step": null, "ts": 1659557189.1615682}]}, "version": 56}
{"obj": {"type": "LogFloats", "path": ["monitoring", "memory"], "values": [{"value": 19.27130889892578, "step": null, "ts": 1659557189.1615682}]}, "version": 57}
{"obj": {"type": "LogFloats", "path": ["monitoring", "gpu_memory"], "values": [{"value": 3.620159149169922, "step": null, "ts": 1659557189.1615682}]}, "version": 58}
{"obj": {"type": "LogFloats", "path": ["monitoring", "cpu"], "values": [{"value": 28.3, "step": null, "ts": 1659557199.1810162}]}, "version": 59}
{"obj": {"type": "LogFloats", "path": ["monitoring", "memory"], "values": [{"value": 19.27056121826172, "step": null, "ts": 1659557199.1810162}]}, "version": 60}
{"obj": {"type": "LogFloats", "path": ["monitoring", "gpu_memory"], "values": [{"value": 3.620159149169922, "step": null, "ts": 1659557199.1810162}]}, "version": 61}
{"obj": {"type": "LogFloats", "path": ["monitoring", "cpu"], "values": [{"value": 28.9, "step": null, "ts": 1659557209.1976545}]}, "version": 62}
{"obj": {"type": "LogFloats", "path": ["monitoring", "memory"], "values": [{"value": 19.264850616455078, "step": null, "ts": 1659557209.1976545}]}, "version": 63}
{"obj": {"type": "LogFloats", "path": ["monitoring", "gpu_memory"], "values": [{"value": 3.620159149169922, "step": null, "ts": 1659557209.1976545}]}, "version": 64}
{"obj": {"type": "LogFloats", "path": ["monitoring", "cpu"], "values": [{"value": 29.9, "step": null, "ts": 1659557219.216505}]}, "version": 65}
{"obj": {"type": "LogFloats", "path": ["monitoring", "memory"], "values": [{"value": 19.27725601196289, "step": null, "ts": 1659557219.216505}]}, "version": 66}
{"obj": {"type": "LogFloats", "path": ["monitoring", "gpu_memory"], "values": [{"value": 3.620159149169922, "step": null, "ts": 1659557219.216505}]}, "version": 67}
{"obj": {"type": "LogFloats", "path": ["monitoring", "cpu"], "values": [{"value": 38.8, "step": null, "ts": 1659557229.236586}]}, "version": 68}
{"obj": {"type": "LogFloats", "path": ["monitoring", "memory"], "values": [{"value": 19.310997009277344, "step": null, "ts": 1659557229.236586}]}, "version": 69}
{"obj": {"type": "LogFloats", "path": ["monitoring", "gpu_memory"], "values": [{"value": 3.620159149169922, "step": null, "ts": 1659557229.236586}]}, "version": 70}
{"obj": {"type": "LogFloats", "path": ["monitoring", "cpu"], "values": [{"value": 30.4, "step": null, "ts": 1659557239.252327}]}, "version": 71}
{"obj": {"type": "LogFloats", "path": ["monitoring", "memory"], "values": [{"value": 19.29842758178711, "step": null, "ts": 1659557239.252327}]}, "version": 72}
{"obj": {"type": "LogFloats", "path": ["monitoring", "gpu_memory"], "values": [{"value": 3.620159149169922, "step": null, "ts": 1659557239.252327}]}, "version": 73}
{"obj": {"type": "LogFloats", "path": ["monitoring", "cpu"], "values": [{"value": 30.7, "step": null, "ts": 1659557249.2723067}]}, "version": 74}
{"obj": {"type": "LogFloats", "path": ["monitoring", "memory"], "values": [{"value": 19.297157287597656, "step": null, "ts": 1659557249.2723067}]}, "version": 75}
{"obj": {"type": "LogFloats", "path": ["monitoring", "gpu_memory"], "values": [{"value": 3.620159149169922, "step": null, "ts": 1659557249.2723067}]}, "version": 76}
{"obj": {"type": "LogFloats", "path": ["monitoring", "cpu"], "values": [{"value": 31.1, "step": null, "ts": 1659557259.2933235}]}, "version": 77}
{"obj": {"type": "LogFloats", "path": ["monitoring", "memory"], "values": [{"value": 19.26123809814453, "step": null, "ts": 1659557259.2933235}]}, "version": 78}
{"obj": {"type": "LogFloats", "path": ["monitoring", "gpu"], "values": [{"value": 1.0, "step": null, "ts": 1659557259.2933235}]}, "version": 79}
{"obj": {"type": "LogFloats", "path": ["monitoring", "gpu_memory"], "values": [{"value": 3.620159149169922, "step": null, "ts": 1659557259.2933235}]}, "version": 80}
{"obj": {"type": "LogFloats", "path": ["monitoring", "cpu"], "values": [{"value": 29.8, "step": null, "ts": 1659557269.2993648}]}, "version": 81}
{"obj": {"type": "LogFloats", "path": ["monitoring", "memory"], "values": [{"value": 19.262222290039062, "step": null, "ts": 1659557269.2993648}]}, "version": 82}
{"obj": {"type": "LogFloats", "path": ["monitoring", "gpu_memory"], "values": [{"value": 3.620159149169922, "step": null, "ts": 1659557269.2993648}]}, "version": 83}
{"obj": {"type": "LogFloats", "path": ["monitoring", "cpu"], "values": [{"value": 30.3, "step": null, "ts": 1659557279.320588}]}, "version": 84}
{"obj": {"type": "LogFloats", "path": ["monitoring", "memory"], "values": [{"value": 19.256439208984375, "step": null, "ts": 1659557279.320588}]}, "version": 85}
{"obj": {"type": "LogFloats", "path": ["monitoring", "gpu_memory"], "values": [{"value": 3.620159149169922, "step": null, "ts": 1659557279.320588}]}, "version": 86}
{"obj": {"type": "LogFloats", "path": ["monitoring", "cpu"], "values": [{"value": 30.1, "step": null, "ts": 1659557289.3387544}]}, "version": 87}
{"obj": {"type": "LogFloats", "path": ["monitoring", "memory"], "values": [{"value": 19.258201599121094, "step": null, "ts": 1659557289.3387544}]}, "version": 88}
{"obj": {"type": "LogFloats", "path": ["monitoring", "gpu_memory"], "values": [{"value": 3.620159149169922, "step": null, "ts": 1659557289.3387544}]}, "version": 89}
{"obj": {"type": "LogFloats", "path": ["monitoring", "cpu"], "values": [{"value": 30.9, "step": null, "ts": 1659557299.3570309}]}, "version": 90}
{"obj": {"type": "LogFloats", "path": ["monitoring", "memory"], "values": [{"value": 19.261817932128906, "step": null, "ts": 1659557299.3570309}]}, "version": 91}
{"obj": {"type": "LogFloats", "path": ["monitoring", "gpu_memory"], "values": [{"value": 3.620159149169922, "step": null, "ts": 1659557299.3570309}]}, "version": 92}
{"obj": {"type": "LogFloats", "path": ["monitoring", "cpu"], "values": [{"value": 29.9, "step": null, "ts": 1659557309.3765414}]}, "version": 93}
{"obj": {"type": "LogFloats", "path": ["monitoring", "memory"], "values": [{"value": 19.260765075683594, "step": null, "ts": 1659557309.3765414}]}, "version": 94}
{"obj": {"type": "LogFloats", "path": ["monitoring", "gpu_memory"], "values": [{"value": 3.614971160888672, "step": null, "ts": 1659557309.3765414}]}, "version": 95}
{"obj": {"type": "LogFloats", "path": ["monitoring", "cpu"], "values": [{"value": 30.3, "step": null, "ts": 1659557319.395369}]}, "version": 96}
{"obj": {"type": "LogFloats", "path": ["monitoring", "memory"], "values": [{"value": 19.253921508789062, "step": null, "ts": 1659557319.395369}]}, "version": 97}
{"obj": {"type": "LogFloats", "path": ["monitoring", "gpu_memory"], "values": [{"value": 3.614971160888672, "step": null, "ts": 1659557319.395369}]}, "version": 98}
{"obj": {"type": "LogFloats", "path": ["monitoring", "cpu"], "values": [{"value": 29.4, "step": null, "ts": 1659557329.4154973}]}, "version": 99}
{"obj": {"type": "LogFloats", "path": ["monitoring", "memory"], "values": [{"value": 19.250511169433594, "step": null, "ts": 1659557329.4154973}]}, "version": 100}
{"obj": {"type": "LogFloats", "path": ["monitoring", "gpu_memory"], "values": [{"value": 3.614971160888672, "step": null, "ts": 1659557329.4154973}]}, "version": 101}
{"obj": {"type": "LogFloats", "path": ["monitoring", "cpu"], "values": [{"value": 30.4, "step": null, "ts": 1659557339.4354672}]}, "version": 102}
{"obj": {"type": "LogFloats", "path": ["monitoring", "memory"], "values": [{"value": 19.261383056640625, "step": null, "ts": 1659557339.4354672}]}, "version": 103}
{"obj": {"type": "LogFloats", "path": ["monitoring", "gpu_memory"], "values": [{"value": 3.614971160888672, "step": null, "ts": 1659557339.4354672}]}, "version": 104}
{"obj": {"type": "LogFloats", "path": ["monitoring", "cpu"], "values": [{"value": 30.3, "step": null, "ts": 1659557349.4530559}]}, "version": 105}
{"obj": {"type": "LogFloats", "path": ["monitoring", "memory"], "values": [{"value": 19.263275146484375, "step": null, "ts": 1659557349.4530559}]}, "version": 106}
{"obj": {"type": "LogFloats", "path": ["monitoring", "gpu_memory"], "values": [{"value": 3.614971160888672, "step": null, "ts": 1659557349.4530559}]}, "version": 107}
{"obj": {"type": "LogFloats", "path": ["monitoring", "cpu"], "values": [{"value": 31.6, "step": null, "ts": 1659557359.4701364}]}, "version": 108}
{"obj": {"type": "LogFloats", "path": ["monitoring", "memory"], "values": [{"value": 19.28305435180664, "step": null, "ts": 1659557359.4701364}]}, "version": 109}
{"obj": {"type": "LogFloats", "path": ["monitoring", "gpu_memory"], "values": [{"value": 3.614971160888672, "step": null, "ts": 1659557359.4701364}]}, "version": 110}
{"obj": {"type": "LogFloats", "path": ["monitoring", "cpu"], "values": [{"value": 44.7, "step": null, "ts": 1659557369.4862514}]}, "version": 111}
{"obj": {"type": "LogFloats", "path": ["monitoring", "memory"], "values": [{"value": 19.309246063232422, "step": null, "ts": 1659557369.4862514}]}, "version": 112}
{"obj": {"type": "LogFloats", "path": ["monitoring", "gpu"], "values": [{"value": 1.0, "step": null, "ts": 1659557369.4862514}]}, "version": 113}
{"obj": {"type": "LogFloats", "path": ["monitoring", "gpu_memory"], "values": [{"value": 3.617778778076172, "step": null, "ts": 1659557369.4862514}]}, "version": 114}
{"obj": {"type": "LogFloats", "path": ["monitoring", "cpu"], "values": [{"value": 44.1, "step": null, "ts": 1659557379.498865}]}, "version": 115}
{"obj": {"type": "LogFloats", "path": ["monitoring", "memory"], "values": [{"value": 19.48035430908203, "step": null, "ts": 1659557379.498865}]}, "version": 116}
{"obj": {"type": "LogFloats", "path": ["monitoring", "gpu_memory"], "values": [{"value": 3.6026649475097656, "step": null, "ts": 1659557379.498865}]}, "version": 117}
{"obj": {"type": "LogFloats", "path": ["monitoring", "cpu"], "values": [{"value": 39.3, "step": null, "ts": 1659557389.5154288}]}, "version": 118}
{"obj": {"type": "LogFloats", "path": ["monitoring", "memory"], "values": [{"value": 19.01898193359375, "step": null, "ts": 1659557389.5154288}]}, "version": 119}
{"obj": {"type": "LogFloats", "path": ["monitoring", "gpu"], "values": [{"value": 4.0, "step": null, "ts": 1659557389.5154288}]}, "version": 120}
{"obj": {"type": "LogFloats", "path": ["monitoring", "gpu_memory"], "values": [{"value": 3.6046180725097656, "step": null, "ts": 1659557389.5154288}]}, "version": 121}
{"obj": {"type": "LogFloats", "path": ["monitoring", "cpu"], "values": [{"value": 54.7, "step": null, "ts": 1659557399.5326273}]}, "version": 122}
{"obj": {"type": "LogFloats", "path": ["monitoring", "memory"], "values": [{"value": 19.082046508789062, "step": null, "ts": 1659557399.5326273}]}, "version": 123}
{"obj": {"type": "LogFloats", "path": ["monitoring", "gpu_memory"], "values": [{"value": 3.6068153381347656, "step": null, "ts": 1659557399.5326273}]}, "version": 124}
{"obj": {"type": "LogFloats", "path": ["monitoring", "cpu"], "values": [{"value": 37.0, "step": null, "ts": 1659557409.5521462}]}, "version": 125}
{"obj": {"type": "LogFloats", "path": ["monitoring", "memory"], "values": [{"value": 19.026878356933594, "step": null, "ts": 1659557409.5521462}]}, "version": 126}
{"obj": {"type": "LogFloats", "path": ["monitoring", "gpu_memory"], "values": [{"value": 3.6062049865722656, "step": null, "ts": 1659557409.5521462}]}, "version": 127}
{"obj": {"type": "LogFloats", "path": ["monitoring", "cpu"], "values": [{"value": 41.7, "step": null, "ts": 1659557419.5651267}]}, "version": 128}
{"obj": {"type": "LogFloats", "path": ["monitoring", "memory"], "values": [{"value": 19.03711700439453, "step": null, "ts": 1659557419.5651267}]}, "version": 129}
{"obj": {"type": "LogFloats", "path": ["monitoring", "gpu_memory"], "values": [{"value": 3.6222572326660156, "step": null, "ts": 1659557419.5651267}]}, "version": 130}
{"obj": {"type": "LogStrings", "path": ["monitoring", "stdout"], "values": [{"value": "Shutting down background jobs, please wait a moment...\n", "step": null, "ts": 1659557421.1267104}]}, "version": 131}
