{"obj": {"type": "AssignString", "path": ["sys", "name"], "value": "Untitled"}, "version": 1}
{"obj": {"type": "AssignString", "path": ["sys", "description"], "value": ""}, "version": 2}
{"obj": {"type": "AssignString", "path": ["sys", "hostname"], "value": "DESKTOP-6KTR5KC"}, "version": 3}
{"obj": {"type": "AssignBool", "path": ["sys", "failed"], "value": false}, "version": 4}
{"obj": {"type": "ClearStringLog", "path": ["monitoring", "stdout"]}, "version": 5}
{"obj": {"type": "ClearStringLog", "path": ["monitoring", "stderr"]}, "version": 6}
{"obj": {"type": "AssignString", "path": ["source_code", "entrypoint"], "value": "inference.py"}, "version": 7}
{"obj": {"type": "UploadFileSet", "path": ["source_code", "files"], "file_globs": ["D:\\Portfolio\\Bert based sentiment system\\*.py"], "reset": "False"}, "version": 8}
{"obj": {"type": "ConfigFloatSeries", "path": ["monitoring", "cpu"], "min": 0.0, "max": 100.0, "unit": "%"}, "version": 9}
{"obj": {"type": "ClearFloatLog", "path": ["monitoring", "cpu"]}, "version": 10}
{"obj": {"type": "ConfigFloatSeries", "path": ["monitoring", "memory"], "min": 0.0, "max": 23.94460678100586, "unit": "GB"}, "version": 11}
{"obj": {"type": "ClearFloatLog", "path": ["monitoring", "memory"]}, "version": 12}
{"obj": {"type": "ConfigFloatSeries", "path": ["monitoring", "gpu"], "min": 0.0, "max": 100.0, "unit": "%"}, "version": 13}
{"obj": {"type": "ClearFloatLog", "path": ["monitoring", "gpu"]}, "version": 14}
{"obj": {"type": "ConfigFloatSeries", "path": ["monitoring", "gpu_memory"], "min": 0.0, "max": 12.0, "unit": "GB"}, "version": 15}
{"obj": {"type": "ClearFloatLog", "path": ["monitoring", "gpu_memory"]}, "version": 16}
{"obj": {"type": "AssignFloat", "path": ["config", "hyperparameters", "lr"], "value": 0.01}, "version": 17}
{"obj": {"type": "AssignInt", "path": ["config", "hyperparameters", "bs"], "value": 32}, "version": 18}
{"obj": {"type": "AssignInt", "path": ["config", "hyperparameters", "H"], "value": 64}, "version": 19}
{"obj": {"type": "AssignInt", "path": ["config", "hyperparameters", "n_classes"], "value": 2}, "version": 20}
{"obj": {"type": "AssignString", "path": ["config", "hyperparameters", "model_filename"], "value": "bertclassifier"}, "version": 21}
{"obj": {"type": "AssignString", "path": ["config", "hyperparameters", "device"], "value": "cuda:0"}, "version": 22}
{"obj": {"type": "AssignString", "path": ["config", "criterion"], "value": "CrossEntropyLoss"}, "version": 23}
{"obj": {"type": "LogFloats", "path": ["monitoring", "cpu"], "values": [{"value": 21.8, "step": null, "ts": 1659450242.1689203}]}, "version": 24}
{"obj": {"type": "LogFloats", "path": ["monitoring", "memory"], "values": [{"value": 10.243400573730469, "step": null, "ts": 1659450242.1689203}]}, "version": 25}
{"obj": {"type": "LogFloats", "path": ["monitoring", "gpu_memory"], "values": [{"value": 2.979450225830078, "step": null, "ts": 1659450242.1689203}]}, "version": 26}
{"obj": {"type": "LogStrings", "path": ["monitoring", "traceback"], "values": [{"value": "An uncaught exception occurred while run was active on worker DESKTOP-6KTR5KC.", "step": null, "ts": 1659450250.4856226}, {"value": "Marking run as failed", "step": null, "ts": 1659450250.4856226}, {"value": "Traceback:", "step": null, "ts": 1659450250.4856226}, {"value": "  File \"D:\\Portfolio\\Bert based sentiment system\\inference.py\", line 41, in <module>\n    predict(review_text)\n", "step": null, "ts": 1659450250.4856226}, {"value": "  File \"D:\\Portfolio\\Bert based sentiment system\\inference.py\", line 36, in predict\n    output = bert_classifier(input_ids, attention_mask)\n", "step": null, "ts": 1659450250.4856226}, {"value": "  File \"C:\\Users\\Hyacinth\\anaconda3\\envs\\tensorflow\\lib\\site-packages\\torch\\nn\\modules\\module.py\", line 1130, in _call_impl\n    return forward_call(*input, **kwargs)\n", "step": null, "ts": 1659450250.4856226}, {"value": "  File \"D:\\Portfolio\\Bert based sentiment system\\model\\model.py\", line 102, in forward\n    outputs = self.bert(input_ids=input_ids,\n", "step": null, "ts": 1659450250.4856226}, {"value": "  File \"C:\\Users\\Hyacinth\\anaconda3\\envs\\tensorflow\\lib\\site-packages\\torch\\nn\\modules\\module.py\", line 1130, in _call_impl\n    return forward_call(*input, **kwargs)\n", "step": null, "ts": 1659450250.4856226}, {"value": "  File \"C:\\Users\\Hyacinth\\anaconda3\\envs\\tensorflow\\lib\\site-packages\\transformers\\models\\bert\\modeling_bert.py\", line 1011, in forward\n    embedding_output = self.embeddings(\n", "step": null, "ts": 1659450250.4856226}, {"value": "  File \"C:\\Users\\Hyacinth\\anaconda3\\envs\\tensorflow\\lib\\site-packages\\torch\\nn\\modules\\module.py\", line 1130, in _call_impl\n    return forward_call(*input, **kwargs)\n", "step": null, "ts": 1659450250.4856226}]}, "version": 27}
{"obj": {"type": "LogStrings", "path": ["monitoring", "traceback"], "values": [{"value": "  File \"C:\\Users\\Hyacinth\\anaconda3\\envs\\tensorflow\\lib\\site-packages\\transformers\\models\\bert\\modeling_bert.py\", line 235, in forward\n    inputs_embeds = self.word_embeddings(input_ids)\n", "step": null, "ts": 1659450250.4856226}, {"value": "  File \"C:\\Users\\Hyacinth\\anaconda3\\envs\\tensorflow\\lib\\site-packages\\torch\\nn\\modules\\module.py\", line 1130, in _call_impl\n    return forward_call(*input, **kwargs)\n", "step": null, "ts": 1659450250.4856226}, {"value": "  File \"C:\\Users\\Hyacinth\\anaconda3\\envs\\tensorflow\\lib\\site-packages\\torch\\nn\\modules\\sparse.py\", line 158, in forward\n    return F.embedding(\n", "step": null, "ts": 1659450250.4856226}, {"value": "  File \"C:\\Users\\Hyacinth\\anaconda3\\envs\\tensorflow\\lib\\site-packages\\torch\\nn\\functional.py\", line 2199, in embedding\n    return torch.embedding(weight, input, padding_idx, scale_grad_by_freq, sparse)\n", "step": null, "ts": 1659450250.4856226}, {"value": "Expected all tensors to be on the same device, but found at least two devices, cpu and cuda:0! (when checking argument for argument index in method wrapper__index_select)", "step": null, "ts": 1659450250.4856226}]}, "version": 28}
{"obj": {"type": "AssignBool", "path": ["sys", "failed"], "value": true}, "version": 29}
{"obj": {"type": "LogStrings", "path": ["monitoring", "stderr"], "values": [{"value": "Traceback (most recent call last):\n", "step": null, "ts": 1659450250.4856226}]}, "version": 30}
{"obj": {"type": "LogStrings", "path": ["monitoring", "stderr"], "values": [{"value": "  File \"D:\\Portfolio\\Bert based sentiment system\\inference.py\", line 41, in <module>\n", "step": null, "ts": 1659450250.4856226}]}, "version": 31}
{"obj": {"type": "LogStrings", "path": ["monitoring", "stderr"], "values": [{"value": "    ", "step": null, "ts": 1659450250.4883933}]}, "version": 32}
{"obj": {"type": "LogStrings", "path": ["monitoring", "stderr"], "values": [{"value": "predict(review_text)", "step": null, "ts": 1659450250.4883933}]}, "version": 33}
{"obj": {"type": "LogStrings", "path": ["monitoring", "stderr"], "values": [{"value": "\n", "step": null, "ts": 1659450250.4883933}]}, "version": 34}
{"obj": {"type": "LogStrings", "path": ["monitoring", "stderr"], "values": [{"value": "  File \"D:\\Portfolio\\Bert based sentiment system\\inference.py\", line 36, in predict\n", "step": null, "ts": 1659450250.489376}]}, "version": 35}
{"obj": {"type": "LogStrings", "path": ["monitoring", "stderr"], "values": [{"value": "    ", "step": null, "ts": 1659450250.4903867}]}, "version": 36}
{"obj": {"type": "LogStrings", "path": ["monitoring", "stderr"], "values": [{"value": "output = bert_classifier(input_ids, attention_mask)", "step": null, "ts": 1659450250.4903867}]}, "version": 37}
{"obj": {"type": "LogStrings", "path": ["monitoring", "stderr"], "values": [{"value": "\n", "step": null, "ts": 1659450250.4913762}]}, "version": 38}
{"obj": {"type": "LogStrings", "path": ["monitoring", "stderr"], "values": [{"value": "  File \"C:\\Users\\Hyacinth\\anaconda3\\envs\\tensorflow\\lib\\site-packages\\torch\\nn\\modules\\module.py\", line 1130, in _call_impl\n", "step": null, "ts": 1659450250.4913762}]}, "version": 39}
{"obj": {"type": "LogStrings", "path": ["monitoring", "stderr"], "values": [{"value": "    ", "step": null, "ts": 1659450250.4923897}]}, "version": 40}
{"obj": {"type": "LogStrings", "path": ["monitoring", "stderr"], "values": [{"value": "return forward_call(*input, **kwargs)", "step": null, "ts": 1659450250.4923897}]}, "version": 41}
{"obj": {"type": "LogStrings", "path": ["monitoring", "stderr"], "values": [{"value": "\n", "step": null, "ts": 1659450250.4933653}]}, "version": 42}
{"obj": {"type": "LogStrings", "path": ["monitoring", "stderr"], "values": [{"value": "  File \"D:\\Portfolio\\Bert based sentiment system\\model\\model.py\", line 102, in forward\n", "step": null, "ts": 1659450250.4933653}]}, "version": 43}
{"obj": {"type": "LogStrings", "path": ["monitoring", "stderr"], "values": [{"value": "    ", "step": null, "ts": 1659450250.4943628}]}, "version": 44}
{"obj": {"type": "LogStrings", "path": ["monitoring", "stderr"], "values": [{"value": "outputs = self.bert(input_ids=input_ids,", "step": null, "ts": 1659450250.4943628}]}, "version": 45}
{"obj": {"type": "LogStrings", "path": ["monitoring", "stderr"], "values": [{"value": "\n", "step": null, "ts": 1659450250.4943628}]}, "version": 46}
{"obj": {"type": "LogStrings", "path": ["monitoring", "stderr"], "values": [{"value": "  File \"C:\\Users\\Hyacinth\\anaconda3\\envs\\tensorflow\\lib\\site-packages\\torch\\nn\\modules\\module.py\", line 1130, in _call_impl\n", "step": null, "ts": 1659450250.495359}]}, "version": 47}
{"obj": {"type": "LogStrings", "path": ["monitoring", "stderr"], "values": [{"value": "    ", "step": null, "ts": 1659450250.495359}]}, "version": 48}
{"obj": {"type": "LogStrings", "path": ["monitoring", "stderr"], "values": [{"value": "return forward_call(*input, **kwargs)", "step": null, "ts": 1659450250.4963572}]}, "version": 49}
{"obj": {"type": "LogStrings", "path": ["monitoring", "stderr"], "values": [{"value": "\n", "step": null, "ts": 1659450250.4963572}]}, "version": 50}
{"obj": {"type": "LogStrings", "path": ["monitoring", "stderr"], "values": [{"value": "  File \"C:\\Users\\Hyacinth\\anaconda3\\envs\\tensorflow\\lib\\site-packages\\transformers\\models\\bert\\modeling_bert.py\", line 1011, in forward\n", "step": null, "ts": 1659450250.497355}]}, "version": 51}
{"obj": {"type": "LogStrings", "path": ["monitoring", "stderr"], "values": [{"value": "    ", "step": null, "ts": 1659450250.497355}]}, "version": 52}
{"obj": {"type": "LogStrings", "path": ["monitoring", "stderr"], "values": [{"value": "embedding_output = self.embeddings(", "step": null, "ts": 1659450250.498352}]}, "version": 53}
{"obj": {"type": "LogStrings", "path": ["monitoring", "stderr"], "values": [{"value": "\n", "step": null, "ts": 1659450250.498352}]}, "version": 54}
{"obj": {"type": "LogStrings", "path": ["monitoring", "stderr"], "values": [{"value": "  File \"C:\\Users\\Hyacinth\\anaconda3\\envs\\tensorflow\\lib\\site-packages\\torch\\nn\\modules\\module.py\", line 1130, in _call_impl\n", "step": null, "ts": 1659450250.4993532}]}, "version": 55}
{"obj": {"type": "LogStrings", "path": ["monitoring", "stderr"], "values": [{"value": "    ", "step": null, "ts": 1659450250.4993532}]}, "version": 56}
{"obj": {"type": "LogStrings", "path": ["monitoring", "stderr"], "values": [{"value": "return forward_call(*input, **kwargs)", "step": null, "ts": 1659450250.5003457}]}, "version": 57}
{"obj": {"type": "LogStrings", "path": ["monitoring", "stderr"], "values": [{"value": "\n", "step": null, "ts": 1659450250.5003457}]}, "version": 58}
{"obj": {"type": "LogStrings", "path": ["monitoring", "stderr"], "values": [{"value": "  File \"C:\\Users\\Hyacinth\\anaconda3\\envs\\tensorflow\\lib\\site-packages\\transformers\\models\\bert\\modeling_bert.py\", line 235, in forward\n", "step": null, "ts": 1659450250.5033386}]}, "version": 59}
{"obj": {"type": "LogStrings", "path": ["monitoring", "stderr"], "values": [{"value": "    ", "step": null, "ts": 1659450250.5043356}]}, "version": 60}
{"obj": {"type": "LogStrings", "path": ["monitoring", "stderr"], "values": [{"value": "inputs_embeds = self.word_embeddings(input_ids)", "step": null, "ts": 1659450250.5043356}]}, "version": 61}
{"obj": {"type": "LogStrings", "path": ["monitoring", "stderr"], "values": [{"value": "\n", "step": null, "ts": 1659450250.5053334}]}, "version": 62}
{"obj": {"type": "LogStrings", "path": ["monitoring", "stderr"], "values": [{"value": "  File \"C:\\Users\\Hyacinth\\anaconda3\\envs\\tensorflow\\lib\\site-packages\\torch\\nn\\modules\\module.py\", line 1130, in _call_impl\n", "step": null, "ts": 1659450250.5053334}]}, "version": 63}
{"obj": {"type": "LogStrings", "path": ["monitoring", "stderr"], "values": [{"value": "    ", "step": null, "ts": 1659450250.506331}]}, "version": 64}
{"obj": {"type": "LogStrings", "path": ["monitoring", "stderr"], "values": [{"value": "return forward_call(*input, **kwargs)", "step": null, "ts": 1659450250.506331}]}, "version": 65}
{"obj": {"type": "LogStrings", "path": ["monitoring", "stderr"], "values": [{"value": "\n", "step": null, "ts": 1659450250.5073266}]}, "version": 66}
{"obj": {"type": "LogStrings", "path": ["monitoring", "stderr"], "values": [{"value": "  File \"C:\\Users\\Hyacinth\\anaconda3\\envs\\tensorflow\\lib\\site-packages\\torch\\nn\\modules\\sparse.py\", line 158, in forward\n", "step": null, "ts": 1659450250.5073266}]}, "version": 67}
{"obj": {"type": "LogStrings", "path": ["monitoring", "stderr"], "values": [{"value": "    ", "step": null, "ts": 1659450250.5083256}]}, "version": 68}
{"obj": {"type": "LogStrings", "path": ["monitoring", "stderr"], "values": [{"value": "return F.embedding(", "step": null, "ts": 1659450250.5083256}]}, "version": 69}
{"obj": {"type": "LogStrings", "path": ["monitoring", "stderr"], "values": [{"value": "\n", "step": null, "ts": 1659450250.5113175}]}, "version": 70}
{"obj": {"type": "LogStrings", "path": ["monitoring", "stderr"], "values": [{"value": "  File \"C:\\Users\\Hyacinth\\anaconda3\\envs\\tensorflow\\lib\\site-packages\\torch\\nn\\functional.py\", line 2199, in embedding\n", "step": null, "ts": 1659450250.5113175}]}, "version": 71}
{"obj": {"type": "LogStrings", "path": ["monitoring", "stderr"], "values": [{"value": "    ", "step": null, "ts": 1659450250.513326}]}, "version": 72}
{"obj": {"type": "LogStrings", "path": ["monitoring", "stderr"], "values": [{"value": "return torch.embedding(weight, input, padding_idx, scale_grad_by_freq, sparse)", "step": null, "ts": 1659450250.5143092}]}, "version": 73}
{"obj": {"type": "LogStrings", "path": ["monitoring", "stderr"], "values": [{"value": "\n", "step": null, "ts": 1659450250.516303}]}, "version": 74}
{"obj": {"type": "LogStrings", "path": ["monitoring", "stderr"], "values": [{"value": "RuntimeError", "step": null, "ts": 1659450250.516303}]}, "version": 75}
{"obj": {"type": "LogStrings", "path": ["monitoring", "stderr"], "values": [{"value": ": ", "step": null, "ts": 1659450250.516303}]}, "version": 76}
{"obj": {"type": "LogStrings", "path": ["monitoring", "stderr"], "values": [{"value": "Expected all tensors to be on the same device, but found at least two devices, cpu and cuda:0! (when checking argument for argument index in method wrapper__index_select)", "step": null, "ts": 1659450250.516303}]}, "version": 77}
{"obj": {"type": "LogStrings", "path": ["monitoring", "stderr"], "values": [{"value": "\n", "step": null, "ts": 1659450250.5173135}]}, "version": 78}
{"obj": {"type": "LogStrings", "path": ["monitoring", "stdout"], "values": [{"value": "Shutting down background jobs, please wait a moment...\n", "step": null, "ts": 1659450250.5182974}]}, "version": 79}
