{"obj": {"type": "AssignString", "path": ["sys", "name"], "value": "Untitled"}, "version": 1}
{"obj": {"type": "AssignString", "path": ["sys", "description"], "value": ""}, "version": 2}
{"obj": {"type": "AssignString", "path": ["sys", "hostname"], "value": "DESKTOP-6KTR5KC"}, "version": 3}
{"obj": {"type": "AssignBool", "path": ["sys", "failed"], "value": false}, "version": 4}
{"obj": {"type": "ClearStringLog", "path": ["monitoring", "stdout"]}, "version": 5}
{"obj": {"type": "ClearStringLog", "path": ["monitoring", "stderr"]}, "version": 6}
{"obj": {"type": "AssignString", "path": ["source_code", "entrypoint"], "value": "train.py"}, "version": 7}
{"obj": {"type": "UploadFileSet", "path": ["source_code", "files"], "file_globs": ["D:\\Portfolio\\Bert based sentiment system\\*.py"], "reset": "False"}, "version": 8}
{"obj": {"type": "ConfigFloatSeries", "path": ["monitoring", "cpu"], "min": 0.0, "max": 100.0, "unit": "%"}, "version": 9}
{"obj": {"type": "ClearFloatLog", "path": ["monitoring", "cpu"]}, "version": 10}
{"obj": {"type": "ConfigFloatSeries", "path": ["monitoring", "memory"], "min": 0.0, "max": 23.94460678100586, "unit": "GB"}, "version": 11}
{"obj": {"type": "ClearFloatLog", "path": ["monitoring", "memory"]}, "version": 12}
{"obj": {"type": "ConfigFloatSeries", "path": ["monitoring", "gpu"], "min": 0.0, "max": 100.0, "unit": "%"}, "version": 13}
{"obj": {"type": "ClearFloatLog", "path": ["monitoring", "gpu"]}, "version": 14}
{"obj": {"type": "ConfigFloatSeries", "path": ["monitoring", "gpu_memory"], "min": 0.0, "max": 12.0, "unit": "GB"}, "version": 15}
{"obj": {"type": "ClearFloatLog", "path": ["monitoring", "gpu_memory"]}, "version": 16}
{"obj": {"type": "LogFloats", "path": ["monitoring", "cpu"], "values": [{"value": 15.6, "step": null, "ts": 1659365304.8046331}]}, "version": 17}
{"obj": {"type": "AssignFloat", "path": ["config", "hyperparameters", "lr"], "value": 0.01}, "version": 18}
{"obj": {"type": "AssignInt", "path": ["config", "hyperparameters", "bs"], "value": 32}, "version": 19}
{"obj": {"type": "AssignInt", "path": ["config", "hyperparameters", "H"], "value": 64}, "version": 20}
{"obj": {"type": "AssignInt", "path": ["config", "hyperparameters", "n_classes"], "value": 2}, "version": 21}
{"obj": {"type": "AssignString", "path": ["config", "hyperparameters", "model_filename"], "value": "bertclassifier"}, "version": 22}
{"obj": {"type": "AssignString", "path": ["config", "hyperparameters", "device"], "value": "cuda:0"}, "version": 23}
{"obj": {"type": "LogFloats", "path": ["monitoring", "memory"], "values": [{"value": 8.972583770751953, "step": null, "ts": 1659365304.8046331}]}, "version": 24}
{"obj": {"type": "AssignString", "path": ["config", "criterion"], "value": "CrossEntropyLoss"}, "version": 25}
{"obj": {"type": "LogFloats", "path": ["monitoring", "gpu"], "values": [{"value": 1.0, "step": null, "ts": 1659365304.8046331}]}, "version": 26}
{"obj": {"type": "LogFloats", "path": ["monitoring", "gpu_memory"], "values": [{"value": 0.9941444396972656, "step": null, "ts": 1659365304.8046331}]}, "version": 27}
{"obj": {"type": "LogStrings", "path": ["monitoring", "stderr"], "values": [{"value": "C:\\Users\\Hyacinth\\anaconda3\\envs\\tensorflow\\lib\\site-packages\\transformers\\tokenization_utils_base.py:2301: FutureWarning: The `pad_to_max_length` argument is deprecated and will be removed in a future version, use `padding=True` or `padding='longest'` to pad to the longest sequence in the batch, or use `padding='max_length'` to pad to a max length. In this case, you can give a specific length with `max_length` (e.g. `max_length=45`) or leave max_length to None to pad to the maximal input size of the model (e.g. 512 for Bert).\n  warnings.warn(\n", "step": null, "ts": 1659365305.2394934}]}, "version": 28}
{"obj": {"type": "AssignString", "path": ["config", "model"], "value": "BertClassifier"}, "version": 29}
{"obj": {"type": "LogStrings", "path": ["monitoring", "stderr"], "values": [{"value": "C:\\Users\\Hyacinth\\anaconda3\\envs\\tensorflow\\lib\\site-packages\\transformers\\optimization.py:306: FutureWarning: This implementation of AdamW is deprecated and will be removed in a future version. Use the PyTorch implementation torch.optim.AdamW instead, or set `no_deprecation_warning=True` to disable this warning\n  warnings.warn(\n", "step": null, "ts": 1659365314.117516}]}, "version": 30}
{"obj": {"type": "AssignString", "path": ["config", "optimizer"], "value": "AdamW"}, "version": 31}
{"obj": {"type": "LogStrings", "path": ["monitoring", "stdout"], "values": [{"value": "Start training...\n", "step": null, "ts": 1659365314.1718736}]}, "version": 32}
{"obj": {"type": "LogStrings", "path": ["monitoring", "stdout"], "values": [{"value": "\n", "step": null, "ts": 1659365314.1718736}]}, "version": 33}
{"obj": {"type": "LogStrings", "path": ["monitoring", "stdout"], "values": [{"value": " Epoch  |  Batch  |  Train Loss  |  Val Loss  |  Val Acc  |  Elapsed ", "step": null, "ts": 1659365314.1718736}]}, "version": 34}
{"obj": {"type": "LogStrings", "path": ["monitoring", "stdout"], "values": [{"value": "\n", "step": null, "ts": 1659365314.1728709}]}, "version": 35}
{"obj": {"type": "LogStrings", "path": ["monitoring", "stdout"], "values": [{"value": "----------------------------------------------------------------------", "step": null, "ts": 1659365314.1728709}]}, "version": 36}
{"obj": {"type": "LogStrings", "path": ["monitoring", "stdout"], "values": [{"value": "\n", "step": null, "ts": 1659365314.1728709}]}, "version": 37}
{"obj": {"type": "LogFloats", "path": ["monitoring", "cpu"], "values": [{"value": 50.3, "step": null, "ts": 1659365314.848211}]}, "version": 38}
{"obj": {"type": "LogFloats", "path": ["monitoring", "memory"], "values": [{"value": 9.657493591308594, "step": null, "ts": 1659365314.848211}]}, "version": 39}
{"obj": {"type": "LogFloats", "path": ["monitoring", "gpu"], "values": [{"value": 5.0, "step": null, "ts": 1659365314.848211}]}, "version": 40}
{"obj": {"type": "LogFloats", "path": ["monitoring", "gpu_memory"], "values": [{"value": 1.748687744140625, "step": null, "ts": 1659365314.848211}]}, "version": 41}
{"obj": {"type": "LogFloats", "path": ["monitoring", "cpu"], "values": [{"value": 36.7, "step": null, "ts": 1659365324.8555145}]}, "version": 42}
{"obj": {"type": "LogFloats", "path": ["monitoring", "memory"], "values": [{"value": 10.961860656738281, "step": null, "ts": 1659365324.8555145}]}, "version": 43}
{"obj": {"type": "LogFloats", "path": ["monitoring", "gpu"], "values": [{"value": 100.0, "step": null, "ts": 1659365324.8555145}]}, "version": 44}
{"obj": {"type": "LogFloats", "path": ["monitoring", "gpu_memory"], "values": [{"value": 2.944122314453125, "step": null, "ts": 1659365324.8555145}]}, "version": 45}
{"obj": {"type": "LogStrings", "path": ["monitoring", "stdout"], "values": [{"value": "   1    |   20    |   0.728257   |     -      |     -     |   13.43  ", "step": null, "ts": 1659365327.599475}]}, "version": 46}
{"obj": {"type": "LogStrings", "path": ["monitoring", "stdout"], "values": [{"value": "\n", "step": null, "ts": 1659365327.599475}]}, "version": 47}
{"obj": {"type": "LogFloats", "path": ["monitoring", "cpu"], "values": [{"value": 43.5, "step": null, "ts": 1659365334.8715868}]}, "version": 48}
{"obj": {"type": "LogFloats", "path": ["monitoring", "memory"], "values": [{"value": 10.94619369506836, "step": null, "ts": 1659365334.8715868}]}, "version": 49}
{"obj": {"type": "LogFloats", "path": ["monitoring", "gpu"], "values": [{"value": 100.0, "step": null, "ts": 1659365334.8715868}]}, "version": 50}
{"obj": {"type": "LogFloats", "path": ["monitoring", "gpu_memory"], "values": [{"value": 2.9773025512695312, "step": null, "ts": 1659365334.8715868}]}, "version": 51}
{"obj": {"type": "LogStrings", "path": ["monitoring", "stdout"], "values": [{"value": "   1    |   40    |   0.658945   |     -      |     -     |   14.83  ", "step": null, "ts": 1659365342.433024}]}, "version": 52}
{"obj": {"type": "LogStrings", "path": ["monitoring", "stdout"], "values": [{"value": "\n", "step": null, "ts": 1659365342.433024}]}, "version": 53}
{"obj": {"type": "LogFloats", "path": ["monitoring", "cpu"], "values": [{"value": 39.0, "step": null, "ts": 1659365344.8833911}]}, "version": 54}
{"obj": {"type": "LogFloats", "path": ["monitoring", "memory"], "values": [{"value": 10.86251449584961, "step": null, "ts": 1659365344.8833911}]}, "version": 55}
{"obj": {"type": "LogFloats", "path": ["monitoring", "gpu"], "values": [{"value": 100.0, "step": null, "ts": 1659365344.8833911}]}, "version": 56}
{"obj": {"type": "LogFloats", "path": ["monitoring", "gpu_memory"], "values": [{"value": 2.8548660278320312, "step": null, "ts": 1659365344.8833911}]}, "version": 57}
{"obj": {"type": "LogFloats", "path": ["monitoring", "cpu"], "values": [{"value": 27.2, "step": null, "ts": 1659365354.9033768}]}, "version": 58}
{"obj": {"type": "LogFloats", "path": ["monitoring", "memory"], "values": [{"value": 10.834190368652344, "step": null, "ts": 1659365354.9033768}]}, "version": 59}
{"obj": {"type": "LogFloats", "path": ["monitoring", "gpu"], "values": [{"value": 100.0, "step": null, "ts": 1659365354.9033768}]}, "version": 60}
{"obj": {"type": "LogFloats", "path": ["monitoring", "gpu_memory"], "values": [{"value": 2.8546218872070312, "step": null, "ts": 1659365354.9033768}]}, "version": 61}
{"obj": {"type": "LogStrings", "path": ["monitoring", "stdout"], "values": [{"value": "   1    |   60    |   0.627233   |     -      |     -     |   14.05  ", "step": null, "ts": 1659365356.4876764}]}, "version": 62}
{"obj": {"type": "LogStrings", "path": ["monitoring", "stdout"], "values": [{"value": "\n", "step": null, "ts": 1659365356.4876764}]}, "version": 63}
{"obj": {"type": "LogFloats", "path": ["monitoring", "cpu"], "values": [{"value": 27.7, "step": null, "ts": 1659365364.9084928}]}, "version": 64}
{"obj": {"type": "LogFloats", "path": ["monitoring", "memory"], "values": [{"value": 10.829978942871094, "step": null, "ts": 1659365364.9084928}]}, "version": 65}
{"obj": {"type": "LogFloats", "path": ["monitoring", "gpu"], "values": [{"value": 100.0, "step": null, "ts": 1659365364.9084928}]}, "version": 66}
{"obj": {"type": "LogFloats", "path": ["monitoring", "gpu_memory"], "values": [{"value": 2.8367385864257812, "step": null, "ts": 1659365364.9084928}]}, "version": 67}
{"obj": {"type": "LogStrings", "path": ["monitoring", "stdout"], "values": [{"value": "   1    |   80    |   0.617421   |     -      |     -     |   14.08  ", "step": null, "ts": 1659365370.5690207}]}, "version": 68}
{"obj": {"type": "LogStrings", "path": ["monitoring", "stdout"], "values": [{"value": "\n", "step": null, "ts": 1659365370.5690207}]}, "version": 69}
{"obj": {"type": "LogFloats", "path": ["monitoring", "cpu"], "values": [{"value": 27.3, "step": null, "ts": 1659365374.9282882}]}, "version": 70}
{"obj": {"type": "LogFloats", "path": ["monitoring", "memory"], "values": [{"value": 10.828567504882812, "step": null, "ts": 1659365374.9282882}]}, "version": 71}
{"obj": {"type": "LogFloats", "path": ["monitoring", "gpu"], "values": [{"value": 100.0, "step": null, "ts": 1659365374.9282882}]}, "version": 72}
{"obj": {"type": "LogFloats", "path": ["monitoring", "gpu_memory"], "values": [{"value": 2.8291702270507812, "step": null, "ts": 1659365374.9282882}]}, "version": 73}
{"obj": {"type": "LogStrings", "path": ["monitoring", "stdout"], "values": [{"value": "   1    |   100   |   0.627797   |     -      |     -     |   14.06  ", "step": null, "ts": 1659365384.633457}]}, "version": 74}
{"obj": {"type": "LogStrings", "path": ["monitoring", "stdout"], "values": [{"value": "\n", "step": null, "ts": 1659365384.633457}]}, "version": 75}
{"obj": {"type": "LogFloats", "path": ["monitoring", "cpu"], "values": [{"value": 27.5, "step": null, "ts": 1659365384.9479852}]}, "version": 76}
{"obj": {"type": "LogFloats", "path": ["monitoring", "memory"], "values": [{"value": 10.830070495605469, "step": null, "ts": 1659365384.9479852}]}, "version": 77}
{"obj": {"type": "LogFloats", "path": ["monitoring", "gpu"], "values": [{"value": 96.0, "step": null, "ts": 1659365384.9479852}]}, "version": 78}
{"obj": {"type": "LogFloats", "path": ["monitoring", "gpu_memory"], "values": [{"value": 2.8291702270507812, "step": null, "ts": 1659365384.9479852}]}, "version": 79}
{"obj": {"type": "LogFloats", "path": ["monitoring", "cpu"], "values": [{"value": 27.6, "step": null, "ts": 1659365394.9677386}]}, "version": 80}
{"obj": {"type": "LogFloats", "path": ["monitoring", "memory"], "values": [{"value": 10.819934844970703, "step": null, "ts": 1659365394.9677386}]}, "version": 81}
{"obj": {"type": "LogFloats", "path": ["monitoring", "gpu"], "values": [{"value": 100.0, "step": null, "ts": 1659365394.9677386}]}, "version": 82}
{"obj": {"type": "LogFloats", "path": ["monitoring", "gpu_memory"], "values": [{"value": 2.8291702270507812, "step": null, "ts": 1659365394.9677386}]}, "version": 83}
{"obj": {"type": "LogStrings", "path": ["monitoring", "stdout"], "values": [{"value": "   1    |   120   |   0.634688   |     -      |     -     |   14.08  ", "step": null, "ts": 1659365398.7158072}]}, "version": 84}
{"obj": {"type": "LogStrings", "path": ["monitoring", "stdout"], "values": [{"value": "\n", "step": null, "ts": 1659365398.7158072}]}, "version": 85}
{"obj": {"type": "LogFloats", "path": ["monitoring", "cpu"], "values": [{"value": 28.3, "step": null, "ts": 1659365404.9876149}]}, "version": 86}
{"obj": {"type": "LogFloats", "path": ["monitoring", "memory"], "values": [{"value": 10.81634521484375, "step": null, "ts": 1659365404.9876149}]}, "version": 87}
{"obj": {"type": "LogFloats", "path": ["monitoring", "gpu"], "values": [{"value": 100.0, "step": null, "ts": 1659365404.9876149}]}, "version": 88}
{"obj": {"type": "LogFloats", "path": ["monitoring", "gpu_memory"], "values": [{"value": 2.8212356567382812, "step": null, "ts": 1659365404.9876149}]}, "version": 89}
{"obj": {"type": "LogStrings", "path": ["monitoring", "stdout"], "values": [{"value": "   1    |   133   |   0.610817   |     -      |     -     |   8.66   ", "step": null, "ts": 1659365407.3710248}]}, "version": 90}
{"obj": {"type": "LogStrings", "path": ["monitoring", "stdout"], "values": [{"value": "\n", "step": null, "ts": 1659365407.3710248}]}, "version": 91}
{"obj": {"type": "LogFloats", "path": ["training", "loss"], "values": [{"value": 0.645938122005605, "step": null, "ts": 1659365407.3710248}]}, "version": 92}
{"obj": {"type": "LogStrings", "path": ["monitoring", "stdout"], "values": [{"value": "----------------------------------------------------------------------", "step": null, "ts": 1659365407.3757622}]}, "version": 93}
{"obj": {"type": "LogStrings", "path": ["monitoring", "stdout"], "values": [{"value": "\n", "step": null, "ts": 1659365407.3757622}]}, "version": 94}
{"obj": {"type": "LogFloats", "path": ["monitoring", "cpu"], "values": [{"value": 27.9, "step": null, "ts": 1659365415.0061955}]}, "version": 95}
{"obj": {"type": "LogFloats", "path": ["monitoring", "memory"], "values": [{"value": 10.827590942382812, "step": null, "ts": 1659365415.0061955}]}, "version": 96}
{"obj": {"type": "LogFloats", "path": ["monitoring", "gpu"], "values": [{"value": 99.0, "step": null, "ts": 1659365415.0061955}]}, "version": 97}
{"obj": {"type": "LogFloats", "path": ["monitoring", "gpu_memory"], "values": [{"value": 2.8198928833007812, "step": null, "ts": 1659365415.0061955}]}, "version": 98}
{"obj": {"type": "LogFloats", "path": ["monitoring", "cpu"], "values": [{"value": 27.4, "step": null, "ts": 1659365425.0262167}]}, "version": 99}
{"obj": {"type": "LogFloats", "path": ["monitoring", "memory"], "values": [{"value": 10.811878204345703, "step": null, "ts": 1659365425.0262167}]}, "version": 100}
{"obj": {"type": "LogFloats", "path": ["monitoring", "gpu"], "values": [{"value": 99.0, "step": null, "ts": 1659365425.0262167}]}, "version": 101}
{"obj": {"type": "LogFloats", "path": ["monitoring", "gpu_memory"], "values": [{"value": 2.8198928833007812, "step": null, "ts": 1659365425.0262167}]}, "version": 102}
{"obj": {"type": "LogFloats", "path": ["validation", "loss"], "values": [{"value": 0.6056418734438279, "step": null, "ts": 1659365429.8887408}]}, "version": 103}
{"obj": {"type": "LogFloats", "path": ["validation", "val_accuracy"], "values": [{"value": 65.92580213903743, "step": null, "ts": 1659365429.8887408}]}, "version": 104}
{"obj": {"type": "LogStrings", "path": ["monitoring", "stdout"], "values": [{"value": "   1    |    -    |   0.645938   |  0.605642  |   65.93   |  115.72  ", "step": null, "ts": 1659365429.8887408}]}, "version": 105}
{"obj": {"type": "LogStrings", "path": ["monitoring", "stdout"], "values": [{"value": "\n", "step": null, "ts": 1659365429.8887408}]}, "version": 106}
{"obj": {"type": "LogStrings", "path": ["monitoring", "stdout"], "values": [{"value": "----------------------------------------------------------------------", "step": null, "ts": 1659365429.8887408}]}, "version": 107}
{"obj": {"type": "LogStrings", "path": ["monitoring", "stdout"], "values": [{"value": "\n", "step": null, "ts": 1659365429.8887408}]}, "version": 108}
{"obj": {"type": "LogStrings", "path": ["monitoring", "stdout"], "values": [{"value": "\n", "step": null, "ts": 1659365429.9043229}]}, "version": 109}
{"obj": {"type": "LogStrings", "path": ["monitoring", "stdout"], "values": [{"value": "\n", "step": null, "ts": 1659365429.9053202}]}, "version": 110}
{"obj": {"type": "LogStrings", "path": ["monitoring", "stdout"], "values": [{"value": " Epoch  |  Batch  |  Train Loss  |  Val Loss  |  Val Acc  |  Elapsed ", "step": null, "ts": 1659365429.9053202}]}, "version": 111}
{"obj": {"type": "LogStrings", "path": ["monitoring", "stdout"], "values": [{"value": "\n", "step": null, "ts": 1659365429.9053202}]}, "version": 112}
{"obj": {"type": "LogStrings", "path": ["monitoring", "stdout"], "values": [{"value": "----------------------------------------------------------------------", "step": null, "ts": 1659365429.9063177}]}, "version": 113}
{"obj": {"type": "LogStrings", "path": ["monitoring", "stdout"], "values": [{"value": "\n", "step": null, "ts": 1659365429.9063177}]}, "version": 114}
{"obj": {"type": "LogFloats", "path": ["monitoring", "cpu"], "values": [{"value": 28.1, "step": null, "ts": 1659365435.0458977}]}, "version": 115}
{"obj": {"type": "LogFloats", "path": ["monitoring", "memory"], "values": [{"value": 10.803817749023438, "step": null, "ts": 1659365435.0458977}]}, "version": 116}
{"obj": {"type": "LogFloats", "path": ["monitoring", "gpu"], "values": [{"value": 97.0, "step": null, "ts": 1659365435.0458977}]}, "version": 117}
{"obj": {"type": "LogFloats", "path": ["monitoring", "gpu_memory"], "values": [{"value": 2.8198928833007812, "step": null, "ts": 1659365435.0458977}]}, "version": 118}
{"obj": {"type": "LogStrings", "path": ["monitoring", "stdout"], "values": [{"value": "   2    |   20    |   0.601929   |     -      |     -     |   14.78  ", "step": null, "ts": 1659365444.6853096}]}, "version": 119}
{"obj": {"type": "LogStrings", "path": ["monitoring", "stdout"], "values": [{"value": "\n", "step": null, "ts": 1659365444.6853096}]}, "version": 120}
{"obj": {"type": "LogFloats", "path": ["monitoring", "cpu"], "values": [{"value": 28.2, "step": null, "ts": 1659365445.0579588}]}, "version": 121}
{"obj": {"type": "LogFloats", "path": ["monitoring", "memory"], "values": [{"value": 10.797168731689453, "step": null, "ts": 1659365445.0579588}]}, "version": 122}
{"obj": {"type": "LogFloats", "path": ["monitoring", "gpu"], "values": [{"value": 100.0, "step": null, "ts": 1659365445.0579588}]}, "version": 123}
{"obj": {"type": "LogFloats", "path": ["monitoring", "gpu_memory"], "values": [{"value": 2.8198928833007812, "step": null, "ts": 1659365445.0579588}]}, "version": 124}
{"obj": {"type": "LogFloats", "path": ["monitoring", "cpu"], "values": [{"value": 27.2, "step": null, "ts": 1659365455.0708063}]}, "version": 125}
{"obj": {"type": "LogFloats", "path": ["monitoring", "memory"], "values": [{"value": 10.796897888183594, "step": null, "ts": 1659365455.0708063}]}, "version": 126}
{"obj": {"type": "LogFloats", "path": ["monitoring", "gpu"], "values": [{"value": 100.0, "step": null, "ts": 1659365455.0708063}]}, "version": 127}
{"obj": {"type": "LogFloats", "path": ["monitoring", "gpu_memory"], "values": [{"value": 2.8185501098632812, "step": null, "ts": 1659365455.0708063}]}, "version": 128}
{"obj": {"type": "LogStrings", "path": ["monitoring", "stdout"], "values": [{"value": "   2    |   40    |   0.597677   |     -      |     -     |   14.08  ", "step": null, "ts": 1659365458.768129}]}, "version": 129}
{"obj": {"type": "LogStrings", "path": ["monitoring", "stdout"], "values": [{"value": "\n", "step": null, "ts": 1659365458.768129}]}, "version": 130}
{"obj": {"type": "LogFloats", "path": ["monitoring", "cpu"], "values": [{"value": 38.0, "step": null, "ts": 1659365465.0836086}]}, "version": 131}
{"obj": {"type": "LogFloats", "path": ["monitoring", "memory"], "values": [{"value": 10.861278533935547, "step": null, "ts": 1659365465.0836086}]}, "version": 132}
{"obj": {"type": "LogFloats", "path": ["monitoring", "gpu"], "values": [{"value": 98.0, "step": null, "ts": 1659365465.0836086}]}, "version": 133}
{"obj": {"type": "LogFloats", "path": ["monitoring", "gpu_memory"], "values": [{"value": 2.973602294921875, "step": null, "ts": 1659365465.0836086}]}, "version": 134}
{"obj": {"type": "LogStrings", "path": ["monitoring", "stdout"], "values": [{"value": "   2    |   60    |   0.590377   |     -      |     -     |   15.10  ", "step": null, "ts": 1659365473.8640623}]}, "version": 135}
{"obj": {"type": "LogStrings", "path": ["monitoring", "stdout"], "values": [{"value": "\n", "step": null, "ts": 1659365473.8650713}]}, "version": 136}
{"obj": {"type": "LogFloats", "path": ["monitoring", "cpu"], "values": [{"value": 36.2, "step": null, "ts": 1659365475.10168}]}, "version": 137}
{"obj": {"type": "LogFloats", "path": ["monitoring", "memory"], "values": [{"value": 10.850326538085938, "step": null, "ts": 1659365475.10168}]}, "version": 138}
{"obj": {"type": "LogFloats", "path": ["monitoring", "gpu"], "values": [{"value": 100.0, "step": null, "ts": 1659365475.10168}]}, "version": 139}
{"obj": {"type": "LogFloats", "path": ["monitoring", "gpu_memory"], "values": [{"value": 2.9864044189453125, "step": null, "ts": 1659365475.10168}]}, "version": 140}
{"obj": {"type": "LogFloats", "path": ["monitoring", "cpu"], "values": [{"value": 35.5, "step": null, "ts": 1659365485.1213434}]}, "version": 141}
{"obj": {"type": "LogFloats", "path": ["monitoring", "memory"], "values": [{"value": 10.841899871826172, "step": null, "ts": 1659365485.1213434}]}, "version": 142}
{"obj": {"type": "LogFloats", "path": ["monitoring", "gpu"], "values": [{"value": 100.0, "step": null, "ts": 1659365485.1213434}]}, "version": 143}
{"obj": {"type": "LogFloats", "path": ["monitoring", "gpu_memory"], "values": [{"value": 2.949188232421875, "step": null, "ts": 1659365485.1213434}]}, "version": 144}
{"obj": {"type": "LogStrings", "path": ["monitoring", "stdout"], "values": [{"value": "   2    |   80    |   0.579192   |     -      |     -     |   15.02  ", "step": null, "ts": 1659365488.8834476}]}, "version": 145}
{"obj": {"type": "LogStrings", "path": ["monitoring", "stdout"], "values": [{"value": "\n", "step": null, "ts": 1659365488.8844333}]}, "version": 146}
{"obj": {"type": "LogFloats", "path": ["monitoring", "cpu"], "values": [{"value": 42.4, "step": null, "ts": 1659365495.1280482}]}, "version": 147}
{"obj": {"type": "LogFloats", "path": ["monitoring", "memory"], "values": [{"value": 10.84939956665039, "step": null, "ts": 1659365495.1280482}]}, "version": 148}
{"obj": {"type": "LogFloats", "path": ["monitoring", "gpu"], "values": [{"value": 97.0, "step": null, "ts": 1659365495.1280482}]}, "version": 149}
{"obj": {"type": "LogFloats", "path": ["monitoring", "gpu_memory"], "values": [{"value": 2.8956222534179688, "step": null, "ts": 1659365495.1280482}]}, "version": 150}
{"obj": {"type": "LogStrings", "path": ["monitoring", "stdout"], "values": [{"value": "   2    |   100   |   0.596052   |     -      |     -     |   15.09  ", "step": null, "ts": 1659365503.9723988}]}, "version": 151}
{"obj": {"type": "LogStrings", "path": ["monitoring", "stdout"], "values": [{"value": "\n", "step": null, "ts": 1659365503.9723988}]}, "version": 152}
{"obj": {"type": "LogFloats", "path": ["monitoring", "cpu"], "values": [{"value": 38.2, "step": null, "ts": 1659365505.1405838}]}, "version": 153}
{"obj": {"type": "LogFloats", "path": ["monitoring", "memory"], "values": [{"value": 10.842018127441406, "step": null, "ts": 1659365505.1405838}]}, "version": 154}
{"obj": {"type": "LogFloats", "path": ["monitoring", "gpu"], "values": [{"value": 100.0, "step": null, "ts": 1659365505.1405838}]}, "version": 155}
{"obj": {"type": "LogFloats", "path": ["monitoring", "gpu_memory"], "values": [{"value": 2.8592453002929688, "step": null, "ts": 1659365505.1405838}]}, "version": 156}
{"obj": {"type": "LogFloats", "path": ["monitoring", "cpu"], "values": [{"value": 39.3, "step": null, "ts": 1659365515.1518235}]}, "version": 157}
{"obj": {"type": "LogFloats", "path": ["monitoring", "memory"], "values": [{"value": 10.85513687133789, "step": null, "ts": 1659365515.1518235}]}, "version": 158}
{"obj": {"type": "LogFloats", "path": ["monitoring", "gpu"], "values": [{"value": 100.0, "step": null, "ts": 1659365515.1518235}]}, "version": 159}
{"obj": {"type": "LogFloats", "path": ["monitoring", "gpu_memory"], "values": [{"value": 2.8875198364257812, "step": null, "ts": 1659365515.1518235}]}, "version": 160}
{"obj": {"type": "LogStrings", "path": ["monitoring", "stdout"], "values": [{"value": "   2    |   120   |   0.587109   |     -      |     -     |   15.10  ", "step": null, "ts": 1659365519.0777698}]}, "version": 161}
{"obj": {"type": "LogStrings", "path": ["monitoring", "stdout"], "values": [{"value": "\n", "step": null, "ts": 1659365519.0787678}]}, "version": 162}
{"obj": {"type": "LogFloats", "path": ["monitoring", "cpu"], "values": [{"value": 40.5, "step": null, "ts": 1659365525.167409}]}, "version": 163}
{"obj": {"type": "LogFloats", "path": ["monitoring", "memory"], "values": [{"value": 10.854610443115234, "step": null, "ts": 1659365525.167409}]}, "version": 164}
{"obj": {"type": "LogFloats", "path": ["monitoring", "gpu"], "values": [{"value": 100.0, "step": null, "ts": 1659365525.167409}]}, "version": 165}
{"obj": {"type": "LogFloats", "path": ["monitoring", "gpu_memory"], "values": [{"value": 2.9125900268554688, "step": null, "ts": 1659365525.167409}]}, "version": 166}
{"obj": {"type": "LogStrings", "path": ["monitoring", "stdout"], "values": [{"value": "   2    |   133   |   0.595211   |     -      |     -     |   9.35   ", "step": null, "ts": 1659365528.4255953}]}, "version": 167}
{"obj": {"type": "LogStrings", "path": ["monitoring", "stdout"], "values": [{"value": "\n", "step": null, "ts": 1659365528.4255953}]}, "version": 168}
{"obj": {"type": "LogFloats", "path": ["training", "loss"], "values": [{"value": 0.5924357273685399, "step": null, "ts": 1659365528.4266036}]}, "version": 169}
{"obj": {"type": "LogStrings", "path": ["monitoring", "stdout"], "values": [{"value": "----------------------------------------------------------------------", "step": null, "ts": 1659365528.4266036}]}, "version": 170}
{"obj": {"type": "LogStrings", "path": ["monitoring", "stdout"], "values": [{"value": "\n", "step": null, "ts": 1659365528.4266036}]}, "version": 171}
{"obj": {"type": "LogFloats", "path": ["monitoring", "cpu"], "values": [{"value": 35.8, "step": null, "ts": 1659365535.189572}]}, "version": 172}
{"obj": {"type": "LogFloats", "path": ["monitoring", "memory"], "values": [{"value": 10.847488403320312, "step": null, "ts": 1659365535.189572}]}, "version": 173}
{"obj": {"type": "LogFloats", "path": ["monitoring", "gpu"], "values": [{"value": 100.0, "step": null, "ts": 1659365535.189572}]}, "version": 174}
{"obj": {"type": "LogFloats", "path": ["monitoring", "gpu_memory"], "values": [{"value": 2.9631271362304688, "step": null, "ts": 1659365535.189572}]}, "version": 175}
{"obj": {"type": "LogFloats", "path": ["monitoring", "cpu"], "values": [{"value": 27.2, "step": null, "ts": 1659365545.208536}]}, "version": 176}
{"obj": {"type": "LogFloats", "path": ["monitoring", "memory"], "values": [{"value": 10.826854705810547, "step": null, "ts": 1659365545.208536}]}, "version": 177}
{"obj": {"type": "LogFloats", "path": ["monitoring", "gpu"], "values": [{"value": 100.0, "step": null, "ts": 1659365545.208536}]}, "version": 178}
{"obj": {"type": "LogFloats", "path": ["monitoring", "gpu_memory"], "values": [{"value": 2.9295578002929688, "step": null, "ts": 1659365545.208536}]}, "version": 179}
{"obj": {"type": "LogFloats", "path": ["validation", "loss"], "values": [{"value": 0.5732244051554624, "step": null, "ts": 1659365550.8998828}]}, "version": 180}
{"obj": {"type": "LogFloats", "path": ["validation", "val_accuracy"], "values": [{"value": 73.63803475935829, "step": null, "ts": 1659365550.8998828}]}, "version": 181}
{"obj": {"type": "LogStrings", "path": ["monitoring", "stdout"], "values": [{"value": "   2    |    -    |   0.592436   |  0.573224  |   73.64   |  120.99  ", "step": null, "ts": 1659365550.9154718}]}, "version": 182}
{"obj": {"type": "LogStrings", "path": ["monitoring", "stdout"], "values": [{"value": "\n", "step": null, "ts": 1659365550.9154718}]}, "version": 183}
{"obj": {"type": "LogStrings", "path": ["monitoring", "stdout"], "values": [{"value": "----------------------------------------------------------------------", "step": null, "ts": 1659365550.9154718}]}, "version": 184}
{"obj": {"type": "LogStrings", "path": ["monitoring", "stdout"], "values": [{"value": "\n", "step": null, "ts": 1659365550.9167266}]}, "version": 185}
{"obj": {"type": "LogStrings", "path": ["monitoring", "stdout"], "values": [{"value": "\n", "step": null, "ts": 1659365550.9167266}]}, "version": 186}
{"obj": {"type": "LogStrings", "path": ["monitoring", "stdout"], "values": [{"value": "\n", "step": null, "ts": 1659365550.917724}]}, "version": 187}
{"obj": {"type": "LogStrings", "path": ["monitoring", "stdout"], "values": [{"value": " Epoch  |  Batch  |  Train Loss  |  Val Loss  |  Val Acc  |  Elapsed ", "step": null, "ts": 1659365550.917724}]}, "version": 188}
{"obj": {"type": "LogStrings", "path": ["monitoring", "stdout"], "values": [{"value": "\n", "step": null, "ts": 1659365550.9187548}]}, "version": 189}
{"obj": {"type": "LogStrings", "path": ["monitoring", "stdout"], "values": [{"value": "----------------------------------------------------------------------", "step": null, "ts": 1659365550.9187548}]}, "version": 190}
{"obj": {"type": "LogStrings", "path": ["monitoring", "stdout"], "values": [{"value": "\n", "step": null, "ts": 1659365550.9197192}]}, "version": 191}
{"obj": {"type": "LogFloats", "path": ["monitoring", "cpu"], "values": [{"value": 28.2, "step": null, "ts": 1659365555.2281191}]}, "version": 192}
{"obj": {"type": "LogFloats", "path": ["monitoring", "memory"], "values": [{"value": 10.829242706298828, "step": null, "ts": 1659365555.2281191}]}, "version": 193}
{"obj": {"type": "LogFloats", "path": ["monitoring", "gpu"], "values": [{"value": 99.0, "step": null, "ts": 1659365555.2281191}]}, "version": 194}
{"obj": {"type": "LogFloats", "path": ["monitoring", "gpu_memory"], "values": [{"value": 2.9183273315429688, "step": null, "ts": 1659365555.2281191}]}, "version": 195}
{"obj": {"type": "LogFloats", "path": ["monitoring", "cpu"], "values": [{"value": 27.6, "step": null, "ts": 1659365565.2478054}]}, "version": 196}
{"obj": {"type": "LogFloats", "path": ["monitoring", "memory"], "values": [{"value": 10.826438903808594, "step": null, "ts": 1659365565.2478054}]}, "version": 197}
{"obj": {"type": "LogFloats", "path": ["monitoring", "gpu"], "values": [{"value": 100.0, "step": null, "ts": 1659365565.2478054}]}, "version": 198}
{"obj": {"type": "LogFloats", "path": ["monitoring", "gpu_memory"], "values": [{"value": 2.9158859252929688, "step": null, "ts": 1659365565.2478054}]}, "version": 199}
{"obj": {"type": "LogStrings", "path": ["monitoring", "stdout"], "values": [{"value": "   3    |   20    |   0.596109   |     -      |     -     |   14.67  ", "step": null, "ts": 1659365565.5936115}]}, "version": 200}
{"obj": {"type": "LogStrings", "path": ["monitoring", "stdout"], "values": [{"value": "\n", "step": null, "ts": 1659365565.5936115}]}, "version": 201}
{"obj": {"type": "LogFloats", "path": ["monitoring", "cpu"], "values": [{"value": 32.3, "step": null, "ts": 1659365575.267663}]}, "version": 202}
{"obj": {"type": "LogFloats", "path": ["monitoring", "memory"], "values": [{"value": 10.861957550048828, "step": null, "ts": 1659365575.267663}]}, "version": 203}
{"obj": {"type": "LogFloats", "path": ["monitoring", "gpu"], "values": [{"value": 100.0, "step": null, "ts": 1659365575.267663}]}, "version": 204}
{"obj": {"type": "LogFloats", "path": ["monitoring", "gpu_memory"], "values": [{"value": 2.8910446166992188, "step": null, "ts": 1659365575.267663}]}, "version": 205}
{"obj": {"type": "LogStrings", "path": ["monitoring", "stdout"], "values": [{"value": "   3    |   40    |   0.567260   |     -      |     -     |   13.99  ", "step": null, "ts": 1659365579.5801337}]}, "version": 206}
{"obj": {"type": "LogStrings", "path": ["monitoring", "stdout"], "values": [{"value": "\n", "step": null, "ts": 1659365579.5801337}]}, "version": 207}
{"obj": {"type": "LogFloats", "path": ["monitoring", "cpu"], "values": [{"value": 28.0, "step": null, "ts": 1659365585.2718587}]}, "version": 208}
{"obj": {"type": "LogFloats", "path": ["monitoring", "memory"], "values": [{"value": 10.848991394042969, "step": null, "ts": 1659365585.2718587}]}, "version": 209}
{"obj": {"type": "LogFloats", "path": ["monitoring", "gpu"], "values": [{"value": 100.0, "step": null, "ts": 1659365585.2718587}]}, "version": 210}
{"obj": {"type": "LogFloats", "path": ["monitoring", "gpu_memory"], "values": [{"value": 2.8823776245117188, "step": null, "ts": 1659365585.2718587}]}, "version": 211}
{"obj": {"type": "LogStrings", "path": ["monitoring", "stdout"], "values": [{"value": "   3    |   60    |   0.579857   |     -      |     -     |   13.99  ", "step": null, "ts": 1659365593.5676856}]}, "version": 212}
{"obj": {"type": "LogStrings", "path": ["monitoring", "stdout"], "values": [{"value": "\n", "step": null, "ts": 1659365593.5676856}]}, "version": 213}
{"obj": {"type": "LogFloats", "path": ["monitoring", "cpu"], "values": [{"value": 28.2, "step": null, "ts": 1659365595.2780015}]}, "version": 214}
{"obj": {"type": "LogFloats", "path": ["monitoring", "memory"], "values": [{"value": 10.85336685180664, "step": null, "ts": 1659365595.2780015}]}, "version": 215}
{"obj": {"type": "LogFloats", "path": ["monitoring", "gpu"], "values": [{"value": 97.0, "step": null, "ts": 1659365595.2780015}]}, "version": 216}
{"obj": {"type": "LogFloats", "path": ["monitoring", "gpu_memory"], "values": [{"value": 2.8823776245117188, "step": null, "ts": 1659365595.2780015}]}, "version": 217}
{"obj": {"type": "LogFloats", "path": ["monitoring", "cpu"], "values": [{"value": 28.2, "step": null, "ts": 1659365605.2968545}]}, "version": 218}
{"obj": {"type": "LogFloats", "path": ["monitoring", "memory"], "values": [{"value": 10.804145812988281, "step": null, "ts": 1659365605.2968545}]}, "version": 219}
{"obj": {"type": "LogFloats", "path": ["monitoring", "gpu"], "values": [{"value": 100.0, "step": null, "ts": 1659365605.2968545}]}, "version": 220}
{"obj": {"type": "LogFloats", "path": ["monitoring", "gpu_memory"], "values": [{"value": 2.8823776245117188, "step": null, "ts": 1659365605.2968545}]}, "version": 221}
{"obj": {"type": "LogStrings", "path": ["monitoring", "stdout"], "values": [{"value": "   3    |   80    |   0.558854   |     -      |     -     |   13.99  ", "step": null, "ts": 1659365607.554126}]}, "version": 222}
{"obj": {"type": "LogStrings", "path": ["monitoring", "stdout"], "values": [{"value": "\n", "step": null, "ts": 1659365607.554126}]}, "version": 223}
{"obj": {"type": "LogFloats", "path": ["monitoring", "cpu"], "values": [{"value": 28.3, "step": null, "ts": 1659365615.3167078}]}, "version": 224}
{"obj": {"type": "LogFloats", "path": ["monitoring", "memory"], "values": [{"value": 10.805965423583984, "step": null, "ts": 1659365615.3167078}]}, "version": 225}
{"obj": {"type": "LogFloats", "path": ["monitoring", "gpu"], "values": [{"value": 97.0, "step": null, "ts": 1659365615.3167078}]}, "version": 226}
{"obj": {"type": "LogFloats", "path": ["monitoring", "gpu_memory"], "values": [{"value": 2.8823776245117188, "step": null, "ts": 1659365615.3167078}]}, "version": 227}
{"obj": {"type": "LogStrings", "path": ["monitoring", "stdout"], "values": [{"value": "   3    |   100   |   0.554891   |     -      |     -     |   13.97  ", "step": null, "ts": 1659365621.5409436}]}, "version": 228}
{"obj": {"type": "LogStrings", "path": ["monitoring", "stdout"], "values": [{"value": "\n", "step": null, "ts": 1659365621.5419414}]}, "version": 229}
{"obj": {"type": "LogFloats", "path": ["monitoring", "cpu"], "values": [{"value": 28.4, "step": null, "ts": 1659365625.3364222}]}, "version": 230}
{"obj": {"type": "LogFloats", "path": ["monitoring", "memory"], "values": [{"value": 10.811721801757812, "step": null, "ts": 1659365625.3364222}]}, "version": 231}
{"obj": {"type": "LogFloats", "path": ["monitoring", "gpu"], "values": [{"value": 100.0, "step": null, "ts": 1659365625.3364222}]}, "version": 232}
{"obj": {"type": "LogFloats", "path": ["monitoring", "gpu_memory"], "values": [{"value": 2.8823776245117188, "step": null, "ts": 1659365625.3364222}]}, "version": 233}
{"obj": {"type": "LogFloats", "path": ["monitoring", "cpu"], "values": [{"value": 33.2, "step": null, "ts": 1659365635.3477046}]}, "version": 234}
{"obj": {"type": "LogFloats", "path": ["monitoring", "memory"], "values": [{"value": 10.857051849365234, "step": null, "ts": 1659365635.3477046}]}, "version": 235}
{"obj": {"type": "LogFloats", "path": ["monitoring", "gpu"], "values": [{"value": 97.0, "step": null, "ts": 1659365635.3477046}]}, "version": 236}
{"obj": {"type": "LogFloats", "path": ["monitoring", "gpu_memory"], "values": [{"value": 2.997955322265625, "step": null, "ts": 1659365635.3477046}]}, "version": 237}
{"obj": {"type": "LogStrings", "path": ["monitoring", "stdout"], "values": [{"value": "   3    |   120   |   0.580502   |     -      |     -     |   14.34  ", "step": null, "ts": 1659365635.8817437}]}, "version": 238}
{"obj": {"type": "LogStrings", "path": ["monitoring", "stdout"], "values": [{"value": "\n", "step": null, "ts": 1659365635.8817437}]}, "version": 239}
{"obj": {"type": "LogStrings", "path": ["monitoring", "stdout"], "values": [{"value": "   3    |   133   |   0.539744   |     -      |     -     |   9.20   ", "step": null, "ts": 1659365645.0778258}]}, "version": 240}
{"obj": {"type": "LogStrings", "path": ["monitoring", "stdout"], "values": [{"value": "\n", "step": null, "ts": 1659365645.0778258}]}, "version": 241}
{"obj": {"type": "LogFloats", "path": ["training", "loss"], "values": [{"value": 0.5698675493251032, "step": null, "ts": 1659365645.0778258}]}, "version": 242}
{"obj": {"type": "LogStrings", "path": ["monitoring", "stdout"], "values": [{"value": "----------------------------------------------------------------------", "step": null, "ts": 1659365645.078827}]}, "version": 243}
{"obj": {"type": "LogStrings", "path": ["monitoring", "stdout"], "values": [{"value": "\n", "step": null, "ts": 1659365645.078827}]}, "version": 244}
{"obj": {"type": "LogFloats", "path": ["monitoring", "cpu"], "values": [{"value": 36.5, "step": null, "ts": 1659365645.3672798}]}, "version": 245}
{"obj": {"type": "LogFloats", "path": ["monitoring", "memory"], "values": [{"value": 10.865379333496094, "step": null, "ts": 1659365645.3672798}]}, "version": 246}
{"obj": {"type": "LogFloats", "path": ["monitoring", "gpu"], "values": [{"value": 100.0, "step": null, "ts": 1659365645.3672798}]}, "version": 247}
{"obj": {"type": "LogFloats", "path": ["monitoring", "gpu_memory"], "values": [{"value": 2.9402618408203125, "step": null, "ts": 1659365645.3672798}]}, "version": 248}
{"obj": {"type": "LogFloats", "path": ["monitoring", "cpu"], "values": [{"value": 39.7, "step": null, "ts": 1659365655.375972}]}, "version": 249}
{"obj": {"type": "LogFloats", "path": ["monitoring", "memory"], "values": [{"value": 10.867473602294922, "step": null, "ts": 1659365655.375972}]}, "version": 250}
{"obj": {"type": "LogFloats", "path": ["monitoring", "gpu"], "values": [{"value": 99.0, "step": null, "ts": 1659365655.375972}]}, "version": 251}
{"obj": {"type": "LogFloats", "path": ["monitoring", "gpu_memory"], "values": [{"value": 2.9698638916015625, "step": null, "ts": 1659365655.375972}]}, "version": 252}
{"obj": {"type": "LogFloats", "path": ["monitoring", "cpu"], "values": [{"value": 38.0, "step": null, "ts": 1659365665.384245}]}, "version": 253}
{"obj": {"type": "LogFloats", "path": ["monitoring", "memory"], "values": [{"value": 10.85158920288086, "step": null, "ts": 1659365665.384245}]}, "version": 254}
{"obj": {"type": "LogFloats", "path": ["monitoring", "gpu"], "values": [{"value": 100.0, "step": null, "ts": 1659365665.384245}]}, "version": 255}
{"obj": {"type": "LogFloats", "path": ["monitoring", "gpu_memory"], "values": [{"value": 2.9054718017578125, "step": null, "ts": 1659365665.384245}]}, "version": 256}
{"obj": {"type": "LogFloats", "path": ["validation", "loss"], "values": [{"value": 0.5545544019516777, "step": null, "ts": 1659365669.4060452}]}, "version": 257}
{"obj": {"type": "LogFloats", "path": ["validation", "val_accuracy"], "values": [{"value": 75.10026737967915, "step": null, "ts": 1659365669.4060452}]}, "version": 258}
{"obj": {"type": "LogStrings", "path": ["monitoring", "stdout"], "values": [{"value": "   3    |    -    |   0.569868   |  0.554554  |   75.10   |  118.49  ", "step": null, "ts": 1659365669.4060452}]}, "version": 259}
{"obj": {"type": "LogStrings", "path": ["monitoring", "stdout"], "values": [{"value": "\n", "step": null, "ts": 1659365669.4080415}]}, "version": 260}
{"obj": {"type": "LogStrings", "path": ["monitoring", "stdout"], "values": [{"value": "----------------------------------------------------------------------", "step": null, "ts": 1659365669.4080415}]}, "version": 261}
{"obj": {"type": "LogStrings", "path": ["monitoring", "stdout"], "values": [{"value": "\n", "step": null, "ts": 1659365669.409037}]}, "version": 262}
{"obj": {"type": "LogStrings", "path": ["monitoring", "stdout"], "values": [{"value": "\n", "step": null, "ts": 1659365669.409037}]}, "version": 263}
{"obj": {"type": "LogStrings", "path": ["monitoring", "stdout"], "values": [{"value": "\n", "step": null, "ts": 1659365669.409037}]}, "version": 264}
{"obj": {"type": "LogStrings", "path": ["monitoring", "stdout"], "values": [{"value": " Epoch  |  Batch  |  Train Loss  |  Val Loss  |  Val Acc  |  Elapsed ", "step": null, "ts": 1659365669.4100347}]}, "version": 265}
{"obj": {"type": "LogStrings", "path": ["monitoring", "stdout"], "values": [{"value": "\n", "step": null, "ts": 1659365669.4100347}]}, "version": 266}
{"obj": {"type": "LogStrings", "path": ["monitoring", "stdout"], "values": [{"value": "----------------------------------------------------------------------", "step": null, "ts": 1659365669.4100347}]}, "version": 267}
{"obj": {"type": "LogStrings", "path": ["monitoring", "stdout"], "values": [{"value": "\n", "step": null, "ts": 1659365669.4110327}]}, "version": 268}
{"obj": {"type": "LogFloats", "path": ["monitoring", "cpu"], "values": [{"value": 43.1, "step": null, "ts": 1659365675.391244}]}, "version": 269}
{"obj": {"type": "LogFloats", "path": ["monitoring", "memory"], "values": [{"value": 10.904125213623047, "step": null, "ts": 1659365675.391244}]}, "version": 270}
{"obj": {"type": "LogFloats", "path": ["monitoring", "gpu"], "values": [{"value": 100.0, "step": null, "ts": 1659365675.391244}]}, "version": 271}
{"obj": {"type": "LogFloats", "path": ["monitoring", "gpu_memory"], "values": [{"value": 2.8976516723632812, "step": null, "ts": 1659365675.391244}]}, "version": 272}
{"obj": {"type": "LogStrings", "path": ["monitoring", "stdout"], "values": [{"value": "   4    |   20    |   0.558231   |     -      |     -     |   15.64  ", "step": null, "ts": 1659365685.0510497}]}, "version": 273}
{"obj": {"type": "LogStrings", "path": ["monitoring", "stdout"], "values": [{"value": "\n", "step": null, "ts": 1659365685.052047}]}, "version": 274}
{"obj": {"type": "LogFloats", "path": ["monitoring", "cpu"], "values": [{"value": 41.0, "step": null, "ts": 1659365685.4061325}]}, "version": 275}
{"obj": {"type": "LogFloats", "path": ["monitoring", "memory"], "values": [{"value": 10.878257751464844, "step": null, "ts": 1659365685.4061325}]}, "version": 276}
{"obj": {"type": "LogFloats", "path": ["monitoring", "gpu"], "values": [{"value": 100.0, "step": null, "ts": 1659365685.4061325}]}, "version": 277}
{"obj": {"type": "LogFloats", "path": ["monitoring", "gpu_memory"], "values": [{"value": 2.939056396484375, "step": null, "ts": 1659365685.4061325}]}, "version": 278}
{"obj": {"type": "LogFloats", "path": ["monitoring", "cpu"], "values": [{"value": 40.4, "step": null, "ts": 1659365695.4268594}]}, "version": 279}
{"obj": {"type": "LogFloats", "path": ["monitoring", "memory"], "values": [{"value": 10.93381118774414, "step": null, "ts": 1659365695.4268594}]}, "version": 280}
{"obj": {"type": "LogFloats", "path": ["monitoring", "gpu"], "values": [{"value": 100.0, "step": null, "ts": 1659365695.4268594}]}, "version": 281}
{"obj": {"type": "LogFloats", "path": ["monitoring", "gpu_memory"], "values": [{"value": 3.010589599609375, "step": null, "ts": 1659365695.4268594}]}, "version": 282}
{"obj": {"type": "LogStrings", "path": ["monitoring", "stdout"], "values": [{"value": "   4    |   40    |   0.553952   |     -      |     -     |   15.00  ", "step": null, "ts": 1659365700.055558}]}, "version": 283}
{"obj": {"type": "LogStrings", "path": ["monitoring", "stdout"], "values": [{"value": "\n", "step": null, "ts": 1659365700.055558}]}, "version": 284}
{"obj": {"type": "LogFloats", "path": ["monitoring", "cpu"], "values": [{"value": 32.5, "step": null, "ts": 1659365705.4398885}]}, "version": 285}
{"obj": {"type": "LogFloats", "path": ["monitoring", "memory"], "values": [{"value": 10.883731842041016, "step": null, "ts": 1659365705.4398885}]}, "version": 286}
{"obj": {"type": "LogFloats", "path": ["monitoring", "gpu"], "values": [{"value": 99.0, "step": null, "ts": 1659365705.4398885}]}, "version": 287}
{"obj": {"type": "LogFloats", "path": ["monitoring", "gpu_memory"], "values": [{"value": 2.8611679077148438, "step": null, "ts": 1659365705.4398885}]}, "version": 288}
{"obj": {"type": "LogStrings", "path": ["monitoring", "stdout"], "values": [{"value": "   4    |   60    |   0.560440   |     -      |     -     |   14.90  ", "step": null, "ts": 1659365714.9553168}]}, "version": 289}
{"obj": {"type": "LogStrings", "path": ["monitoring", "stdout"], "values": [{"value": "\n", "step": null, "ts": 1659365714.9563076}]}, "version": 290}
{"obj": {"type": "LogFloats", "path": ["monitoring", "cpu"], "values": [{"value": 32.7, "step": null, "ts": 1659365715.4507813}]}, "version": 291}
{"obj": {"type": "LogFloats", "path": ["monitoring", "memory"], "values": [{"value": 10.882862091064453, "step": null, "ts": 1659365715.4507813}]}, "version": 292}
{"obj": {"type": "LogFloats", "path": ["monitoring", "gpu"], "values": [{"value": 100.0, "step": null, "ts": 1659365715.4507813}]}, "version": 293}
{"obj": {"type": "LogFloats", "path": ["monitoring", "gpu_memory"], "values": [{"value": 2.8622055053710938, "step": null, "ts": 1659365715.4507813}]}, "version": 294}
{"obj": {"type": "LogFloats", "path": ["monitoring", "cpu"], "values": [{"value": 31.7, "step": null, "ts": 1659365725.4653475}]}, "version": 295}
{"obj": {"type": "LogFloats", "path": ["monitoring", "memory"], "values": [{"value": 10.878326416015625, "step": null, "ts": 1659365725.4653475}]}, "version": 296}
{"obj": {"type": "LogFloats", "path": ["monitoring", "gpu"], "values": [{"value": 97.0, "step": null, "ts": 1659365725.4653475}]}, "version": 297}
{"obj": {"type": "LogFloats", "path": ["monitoring", "gpu_memory"], "values": [{"value": 2.8607406616210938, "step": null, "ts": 1659365725.4653475}]}, "version": 298}
{"obj": {"type": "LogStrings", "path": ["monitoring", "stdout"], "values": [{"value": "   4    |   80    |   0.576895   |     -      |     -     |   14.89  ", "step": null, "ts": 1659365729.8514907}]}, "version": 299}
{"obj": {"type": "LogStrings", "path": ["monitoring", "stdout"], "values": [{"value": "\n", "step": null, "ts": 1659365729.8514907}]}, "version": 300}
{"obj": {"type": "LogFloats", "path": ["monitoring", "cpu"], "values": [{"value": 31.4, "step": null, "ts": 1659365735.488124}]}, "version": 301}
{"obj": {"type": "LogFloats", "path": ["monitoring", "memory"], "values": [{"value": 10.875179290771484, "step": null, "ts": 1659365735.488124}]}, "version": 302}
{"obj": {"type": "LogFloats", "path": ["monitoring", "gpu"], "values": [{"value": 100.0, "step": null, "ts": 1659365735.488124}]}, "version": 303}
{"obj": {"type": "LogFloats", "path": ["monitoring", "gpu_memory"], "values": [{"value": 2.8609237670898438, "step": null, "ts": 1659365735.488124}]}, "version": 304}
{"obj": {"type": "LogStrings", "path": ["monitoring", "stdout"], "values": [{"value": "   4    |   100   |   0.531265   |     -      |     -     |   14.90  ", "step": null, "ts": 1659365744.7491891}]}, "version": 305}
{"obj": {"type": "LogStrings", "path": ["monitoring", "stdout"], "values": [{"value": "\n", "step": null, "ts": 1659365744.7491891}]}, "version": 306}
{"obj": {"type": "LogFloats", "path": ["monitoring", "cpu"], "values": [{"value": 32.4, "step": null, "ts": 1659365745.4998682}]}, "version": 307}
{"obj": {"type": "LogFloats", "path": ["monitoring", "memory"], "values": [{"value": 10.878795623779297, "step": null, "ts": 1659365745.4998682}]}, "version": 308}
{"obj": {"type": "LogFloats", "path": ["monitoring", "gpu"], "values": [{"value": 100.0, "step": null, "ts": 1659365745.4998682}]}, "version": 309}
{"obj": {"type": "LogFloats", "path": ["monitoring", "gpu_memory"], "values": [{"value": 2.8642196655273438, "step": null, "ts": 1659365745.4998682}]}, "version": 310}
{"obj": {"type": "LogFloats", "path": ["monitoring", "cpu"], "values": [{"value": 31.8, "step": null, "ts": 1659365755.5153894}]}, "version": 311}
{"obj": {"type": "LogFloats", "path": ["monitoring", "memory"], "values": [{"value": 10.87137222290039, "step": null, "ts": 1659365755.5153894}]}, "version": 312}
{"obj": {"type": "LogFloats", "path": ["monitoring", "gpu"], "values": [{"value": 100.0, "step": null, "ts": 1659365755.5153894}]}, "version": 313}
{"obj": {"type": "LogFloats", "path": ["monitoring", "gpu_memory"], "values": [{"value": 2.8621444702148438, "step": null, "ts": 1659365755.5153894}]}, "version": 314}
{"obj": {"type": "LogStrings", "path": ["monitoring", "stdout"], "values": [{"value": "   4    |   120   |   0.541630   |     -      |     -     |   14.90  ", "step": null, "ts": 1659365759.6472034}]}, "version": 315}
{"obj": {"type": "LogStrings", "path": ["monitoring", "stdout"], "values": [{"value": "\n", "step": null, "ts": 1659365759.6472034}]}, "version": 316}
{"obj": {"type": "LogFloats", "path": ["monitoring", "cpu"], "values": [{"value": 31.2, "step": null, "ts": 1659365765.5338433}]}, "version": 317}
{"obj": {"type": "LogFloats", "path": ["monitoring", "memory"], "values": [{"value": 10.870742797851562, "step": null, "ts": 1659365765.5338433}]}, "version": 318}
{"obj": {"type": "LogFloats", "path": ["monitoring", "gpu"], "values": [{"value": 100.0, "step": null, "ts": 1659365765.5338433}]}, "version": 319}
{"obj": {"type": "LogFloats", "path": ["monitoring", "gpu_memory"], "values": [{"value": 2.8637924194335938, "step": null, "ts": 1659365765.5338433}]}, "version": 320}
{"obj": {"type": "LogStrings", "path": ["monitoring", "stdout"], "values": [{"value": "   4    |   133   |   0.563585   |     -      |     -     |   9.15   ", "step": null, "ts": 1659365768.8016381}]}, "version": 321}
{"obj": {"type": "LogStrings", "path": ["monitoring", "stdout"], "values": [{"value": "\n", "step": null, "ts": 1659365768.8016381}]}, "version": 322}
{"obj": {"type": "LogFloats", "path": ["training", "loss"], "values": [{"value": 0.5547245687513209, "step": null, "ts": 1659365768.8016381}]}, "version": 323}
{"obj": {"type": "LogStrings", "path": ["monitoring", "stdout"], "values": [{"value": "----------------------------------------------------------------------", "step": null, "ts": 1659365768.8026385}]}, "version": 324}
{"obj": {"type": "LogStrings", "path": ["monitoring", "stdout"], "values": [{"value": "\n", "step": null, "ts": 1659365768.8026385}]}, "version": 325}
{"obj": {"type": "LogFloats", "path": ["monitoring", "cpu"], "values": [{"value": 32.3, "step": null, "ts": 1659365775.545715}]}, "version": 326}
{"obj": {"type": "LogFloats", "path": ["monitoring", "memory"], "values": [{"value": 10.869277954101562, "step": null, "ts": 1659365775.545715}]}, "version": 327}
{"obj": {"type": "LogFloats", "path": ["monitoring", "gpu"], "values": [{"value": 99.0, "step": null, "ts": 1659365775.545715}]}, "version": 328}
{"obj": {"type": "LogFloats", "path": ["monitoring", "gpu_memory"], "values": [{"value": 2.8621444702148438, "step": null, "ts": 1659365775.545715}]}, "version": 329}
{"obj": {"type": "LogFloats", "path": ["monitoring", "cpu"], "values": [{"value": 32.0, "step": null, "ts": 1659365785.5537086}]}, "version": 330}
{"obj": {"type": "LogFloats", "path": ["monitoring", "memory"], "values": [{"value": 10.868179321289062, "step": null, "ts": 1659365785.5537086}]}, "version": 331}
{"obj": {"type": "LogFloats", "path": ["monitoring", "gpu"], "values": [{"value": 99.0, "step": null, "ts": 1659365785.5537086}]}, "version": 332}
{"obj": {"type": "LogFloats", "path": ["monitoring", "gpu_memory"], "values": [{"value": 2.8640365600585938, "step": null, "ts": 1659365785.5537086}]}, "version": 333}
{"obj": {"type": "LogFloats", "path": ["validation", "loss"], "values": [{"value": 0.5453983168391621, "step": null, "ts": 1659365792.6915553}]}, "version": 334}
{"obj": {"type": "LogFloats", "path": ["validation", "val_accuracy"], "values": [{"value": 75.74364973262033, "step": null, "ts": 1659365792.6915553}]}, "version": 335}
{"obj": {"type": "LogStrings", "path": ["monitoring", "stdout"], "values": [{"value": "   4    |    -    |   0.554725   |  0.545398  |   75.74   |  123.28  ", "step": null, "ts": 1659365792.6926186}]}, "version": 336}
{"obj": {"type": "LogStrings", "path": ["monitoring", "stdout"], "values": [{"value": "\n", "step": null, "ts": 1659365792.6926186}]}, "version": 337}
{"obj": {"type": "LogStrings", "path": ["monitoring", "stdout"], "values": [{"value": "----------------------------------------------------------------------", "step": null, "ts": 1659365792.6926186}]}, "version": 338}
{"obj": {"type": "LogStrings", "path": ["monitoring", "stdout"], "values": [{"value": "\n", "step": null, "ts": 1659365792.6936197}]}, "version": 339}
{"obj": {"type": "LogStrings", "path": ["monitoring", "stdout"], "values": [{"value": "\n", "step": null, "ts": 1659365792.6936197}]}, "version": 340}
{"obj": {"type": "LogStrings", "path": ["monitoring", "stdout"], "values": [{"value": "\n", "step": null, "ts": 1659365792.694616}]}, "version": 341}
{"obj": {"type": "LogStrings", "path": ["monitoring", "stdout"], "values": [{"value": " Epoch  |  Batch  |  Train Loss  |  Val Loss  |  Val Acc  |  Elapsed ", "step": null, "ts": 1659365792.694616}]}, "version": 342}
{"obj": {"type": "LogStrings", "path": ["monitoring", "stdout"], "values": [{"value": "\n", "step": null, "ts": 1659365792.694616}]}, "version": 343}
{"obj": {"type": "LogStrings", "path": ["monitoring", "stdout"], "values": [{"value": "----------------------------------------------------------------------", "step": null, "ts": 1659365792.695616}]}, "version": 344}
{"obj": {"type": "LogStrings", "path": ["monitoring", "stdout"], "values": [{"value": "\n", "step": null, "ts": 1659365792.695616}]}, "version": 345}
{"obj": {"type": "LogFloats", "path": ["monitoring", "cpu"], "values": [{"value": 32.8, "step": null, "ts": 1659365795.5710695}]}, "version": 346}
{"obj": {"type": "LogFloats", "path": ["monitoring", "memory"], "values": [{"value": 10.871871948242188, "step": null, "ts": 1659365795.5710695}]}, "version": 347}
{"obj": {"type": "LogFloats", "path": ["monitoring", "gpu"], "values": [{"value": 100.0, "step": null, "ts": 1659365795.5710695}]}, "version": 348}
{"obj": {"type": "LogFloats", "path": ["monitoring", "gpu_memory"], "values": [{"value": 2.8656845092773438, "step": null, "ts": 1659365795.5710695}]}, "version": 349}
{"obj": {"type": "LogFloats", "path": ["monitoring", "cpu"], "values": [{"value": 32.8, "step": null, "ts": 1659365805.5918531}]}, "version": 350}
{"obj": {"type": "LogFloats", "path": ["monitoring", "memory"], "values": [{"value": 10.865997314453125, "step": null, "ts": 1659365805.5918531}]}, "version": 351}
{"obj": {"type": "LogFloats", "path": ["monitoring", "gpu"], "values": [{"value": 97.0, "step": null, "ts": 1659365805.5918531}]}, "version": 352}
{"obj": {"type": "LogFloats", "path": ["monitoring", "gpu_memory"], "values": [{"value": 2.8638534545898438, "step": null, "ts": 1659365805.5918531}]}, "version": 353}
{"obj": {"type": "LogStrings", "path": ["monitoring", "stdout"], "values": [{"value": "   5    |   20    |   0.530730   |     -      |     -     |   15.64  ", "step": null, "ts": 1659365808.3357072}]}, "version": 354}
{"obj": {"type": "LogStrings", "path": ["monitoring", "stdout"], "values": [{"value": "\n", "step": null, "ts": 1659365808.3357072}]}, "version": 355}
{"obj": {"type": "LogFloats", "path": ["monitoring", "cpu"], "values": [{"value": 32.7, "step": null, "ts": 1659365815.5999997}]}, "version": 356}
{"obj": {"type": "LogFloats", "path": ["monitoring", "memory"], "values": [{"value": 10.870361328125, "step": null, "ts": 1659365815.5999997}]}, "version": 357}
{"obj": {"type": "LogFloats", "path": ["monitoring", "gpu"], "values": [{"value": 100.0, "step": null, "ts": 1659365815.5999997}]}, "version": 358}
{"obj": {"type": "LogFloats", "path": ["monitoring", "gpu_memory"], "values": [{"value": 2.8641586303710938, "step": null, "ts": 1659365815.5999997}]}, "version": 359}
{"obj": {"type": "LogStrings", "path": ["monitoring", "stdout"], "values": [{"value": "   5    |   40    |   0.542953   |     -      |     -     |   14.90  ", "step": null, "ts": 1659365823.2346182}]}, "version": 360}
{"obj": {"type": "LogStrings", "path": ["monitoring", "stdout"], "values": [{"value": "\n", "step": null, "ts": 1659365823.2356226}]}, "version": 361}
{"obj": {"type": "LogFloats", "path": ["monitoring", "cpu"], "values": [{"value": 33.8, "step": null, "ts": 1659365825.6101139}]}, "version": 362}
{"obj": {"type": "LogFloats", "path": ["monitoring", "memory"], "values": [{"value": 10.864212036132812, "step": null, "ts": 1659365825.6101139}]}, "version": 363}
{"obj": {"type": "LogFloats", "path": ["monitoring", "gpu"], "values": [{"value": 100.0, "step": null, "ts": 1659365825.6101139}]}, "version": 364}
{"obj": {"type": "LogFloats", "path": ["monitoring", "gpu_memory"], "values": [{"value": 2.8638534545898438, "step": null, "ts": 1659365825.6101139}]}, "version": 365}
{"obj": {"type": "LogFloats", "path": ["monitoring", "cpu"], "values": [{"value": 32.2, "step": null, "ts": 1659365835.6295125}]}, "version": 366}
{"obj": {"type": "LogFloats", "path": ["monitoring", "memory"], "values": [{"value": 10.859668731689453, "step": null, "ts": 1659365835.6295125}]}, "version": 367}
{"obj": {"type": "LogFloats", "path": ["monitoring", "gpu"], "values": [{"value": 100.0, "step": null, "ts": 1659365835.6295125}]}, "version": 368}
{"obj": {"type": "LogFloats", "path": ["monitoring", "gpu_memory"], "values": [{"value": 2.8638534545898438, "step": null, "ts": 1659365835.6295125}]}, "version": 369}
{"obj": {"type": "LogStrings", "path": ["monitoring", "stdout"], "values": [{"value": "   5    |   60    |   0.567169   |     -      |     -     |   14.89  ", "step": null, "ts": 1659365838.1299257}]}, "version": 370}
{"obj": {"type": "LogStrings", "path": ["monitoring", "stdout"], "values": [{"value": "\n", "step": null, "ts": 1659365838.1309237}]}, "version": 371}
{"obj": {"type": "LogFloats", "path": ["monitoring", "cpu"], "values": [{"value": 32.2, "step": null, "ts": 1659365845.650337}]}, "version": 372}
{"obj": {"type": "LogFloats", "path": ["monitoring", "memory"], "values": [{"value": 10.857921600341797, "step": null, "ts": 1659365845.650337}]}, "version": 373}
{"obj": {"type": "LogFloats", "path": ["monitoring", "gpu"], "values": [{"value": 97.0, "step": null, "ts": 1659365845.650337}]}, "version": 374}
{"obj": {"type": "LogFloats", "path": ["monitoring", "gpu_memory"], "values": [{"value": 2.8638534545898438, "step": null, "ts": 1659365845.650337}]}, "version": 375}
{"obj": {"type": "LogStrings", "path": ["monitoring", "stdout"], "values": [{"value": "   5    |   80    |   0.533584   |     -      |     -     |   14.90  ", "step": null, "ts": 1659365853.0277424}]}, "version": 376}
{"obj": {"type": "LogStrings", "path": ["monitoring", "stdout"], "values": [{"value": "\n", "step": null, "ts": 1659365853.0277424}]}, "version": 377}
{"obj": {"type": "LogFloats", "path": ["monitoring", "cpu"], "values": [{"value": 33.0, "step": null, "ts": 1659365855.6622477}]}, "version": 378}
{"obj": {"type": "LogFloats", "path": ["monitoring", "memory"], "values": [{"value": 10.856555938720703, "step": null, "ts": 1659365855.6622477}]}, "version": 379}
{"obj": {"type": "LogFloats", "path": ["monitoring", "gpu"], "values": [{"value": 100.0, "step": null, "ts": 1659365855.6622477}]}, "version": 380}
{"obj": {"type": "LogFloats", "path": ["monitoring", "gpu_memory"], "values": [{"value": 2.8640365600585938, "step": null, "ts": 1659365855.6622477}]}, "version": 381}
{"obj": {"type": "LogFloats", "path": ["monitoring", "cpu"], "values": [{"value": 33.7, "step": null, "ts": 1659365865.6786284}]}, "version": 382}
{"obj": {"type": "LogFloats", "path": ["monitoring", "memory"], "values": [{"value": 10.860897064208984, "step": null, "ts": 1659365865.6786284}]}, "version": 383}
{"obj": {"type": "LogFloats", "path": ["monitoring", "gpu"], "values": [{"value": 100.0, "step": null, "ts": 1659365865.6786284}]}, "version": 384}
{"obj": {"type": "LogFloats", "path": ["monitoring", "gpu_memory"], "values": [{"value": 2.8625106811523438, "step": null, "ts": 1659365865.6786284}]}, "version": 385}
{"obj": {"type": "LogStrings", "path": ["monitoring", "stdout"], "values": [{"value": "   5    |   100   |   0.575784   |     -      |     -     |   14.90  ", "step": null, "ts": 1659365867.9254534}]}, "version": 386}
{"obj": {"type": "LogStrings", "path": ["monitoring", "stdout"], "values": [{"value": "\n", "step": null, "ts": 1659365867.9254534}]}, "version": 387}
{"obj": {"type": "LogFloats", "path": ["monitoring", "cpu"], "values": [{"value": 35.0, "step": null, "ts": 1659365875.6956158}]}, "version": 388}
{"obj": {"type": "LogFloats", "path": ["monitoring", "memory"], "values": [{"value": 10.897300720214844, "step": null, "ts": 1659365875.6956158}]}, "version": 389}
{"obj": {"type": "LogFloats", "path": ["monitoring", "gpu"], "values": [{"value": 100.0, "step": null, "ts": 1659365875.6956158}]}, "version": 390}
{"obj": {"type": "LogFloats", "path": ["monitoring", "gpu_memory"], "values": [{"value": 2.8626937866210938, "step": null, "ts": 1659365875.6956158}]}, "version": 391}
{"obj": {"type": "LogStrings", "path": ["monitoring", "stdout"], "values": [{"value": "   5    |   120   |   0.570668   |     -      |     -     |   14.82  ", "step": null, "ts": 1659365882.7420316}]}, "version": 392}
{"obj": {"type": "LogStrings", "path": ["monitoring", "stdout"], "values": [{"value": "\n", "step": null, "ts": 1659365882.7430286}]}, "version": 393}
{"obj": {"type": "LogFloats", "path": ["monitoring", "cpu"], "values": [{"value": 39.2, "step": null, "ts": 1659365885.710925}]}, "version": 394}
{"obj": {"type": "LogFloats", "path": ["monitoring", "memory"], "values": [{"value": 10.910545349121094, "step": null, "ts": 1659365885.710925}]}, "version": 395}
{"obj": {"type": "LogFloats", "path": ["monitoring", "gpu"], "values": [{"value": 100.0, "step": null, "ts": 1659365885.710925}]}, "version": 396}
{"obj": {"type": "LogFloats", "path": ["monitoring", "gpu_memory"], "values": [{"value": 2.887786865234375, "step": null, "ts": 1659365885.710925}]}, "version": 397}
{"obj": {"type": "LogStrings", "path": ["monitoring", "stdout"], "values": [{"value": "   5    |   133   |   0.512027   |     -      |     -     |   9.18   ", "step": null, "ts": 1659365891.9288566}]}, "version": 398}
{"obj": {"type": "LogStrings", "path": ["monitoring", "stdout"], "values": [{"value": "\n", "step": null, "ts": 1659365891.930852}]}, "version": 399}
{"obj": {"type": "LogFloats", "path": ["training", "loss"], "values": [{"value": 0.54928975986011, "step": null, "ts": 1659365891.930852}]}, "version": 400}
{"obj": {"type": "LogStrings", "path": ["monitoring", "stdout"], "values": [{"value": "----------------------------------------------------------------------", "step": null, "ts": 1659365891.930852}]}, "version": 401}
{"obj": {"type": "LogStrings", "path": ["monitoring", "stdout"], "values": [{"value": "\n", "step": null, "ts": 1659365891.9318488}]}, "version": 402}
{"obj": {"type": "LogFloats", "path": ["monitoring", "cpu"], "values": [{"value": 36.2, "step": null, "ts": 1659365895.722087}]}, "version": 403}
{"obj": {"type": "LogFloats", "path": ["monitoring", "memory"], "values": [{"value": 10.891990661621094, "step": null, "ts": 1659365895.722087}]}, "version": 404}
{"obj": {"type": "LogFloats", "path": ["monitoring", "gpu"], "values": [{"value": 100.0, "step": null, "ts": 1659365895.722087}]}, "version": 405}
{"obj": {"type": "LogFloats", "path": ["monitoring", "gpu_memory"], "values": [{"value": 2.871368408203125, "step": null, "ts": 1659365895.722087}]}, "version": 406}
{"obj": {"type": "LogFloats", "path": ["monitoring", "cpu"], "values": [{"value": 27.1, "step": null, "ts": 1659365905.7274566}]}, "version": 407}
{"obj": {"type": "LogFloats", "path": ["monitoring", "memory"], "values": [{"value": 10.845771789550781, "step": null, "ts": 1659365905.7274566}]}, "version": 408}
{"obj": {"type": "LogFloats", "path": ["monitoring", "gpu"], "values": [{"value": 99.0, "step": null, "ts": 1659365905.7274566}]}, "version": 409}
{"obj": {"type": "LogFloats", "path": ["monitoring", "gpu_memory"], "values": [{"value": 2.868865966796875, "step": null, "ts": 1659365905.7274566}]}, "version": 410}
{"obj": {"type": "LogFloats", "path": ["validation", "loss"], "values": [{"value": 0.5427606158396777, "step": null, "ts": 1659365914.3839283}]}, "version": 411}
{"obj": {"type": "LogFloats", "path": ["validation", "val_accuracy"], "values": [{"value": 75.9274732620321, "step": null, "ts": 1659365914.3839283}]}, "version": 412}
{"obj": {"type": "LogStrings", "path": ["monitoring", "stdout"], "values": [{"value": "   5    |    -    |   0.549290   |  0.542761  |   75.93   |  121.69  ", "step": null, "ts": 1659365914.3839283}]}, "version": 413}
{"obj": {"type": "LogStrings", "path": ["monitoring", "stdout"], "values": [{"value": "\n", "step": null, "ts": 1659365914.3839283}]}, "version": 414}
{"obj": {"type": "LogStrings", "path": ["monitoring", "stdout"], "values": [{"value": "----------------------------------------------------------------------", "step": null, "ts": 1659365914.3839283}]}, "version": 415}
{"obj": {"type": "LogStrings", "path": ["monitoring", "stdout"], "values": [{"value": "\n", "step": null, "ts": 1659365914.3887172}]}, "version": 416}
{"obj": {"type": "LogStrings", "path": ["monitoring", "stdout"], "values": [{"value": "\n", "step": null, "ts": 1659365914.3887172}]}, "version": 417}
{"obj": {"type": "LogStrings", "path": ["monitoring", "stdout"], "values": [{"value": "\n", "step": null, "ts": 1659365914.389715}]}, "version": 418}
{"obj": {"type": "LogStrings", "path": ["monitoring", "stdout"], "values": [{"value": "Training complete!", "step": null, "ts": 1659365914.389715}]}, "version": 419}
{"obj": {"type": "LogStrings", "path": ["monitoring", "stdout"], "values": [{"value": "\n", "step": null, "ts": 1659365914.3907127}]}, "version": 420}
{"obj": {"type": "LogFloats", "path": ["monitoring", "cpu"], "values": [{"value": 27.6, "step": null, "ts": 1659365915.7462342}]}, "version": 421}
{"obj": {"type": "LogFloats", "path": ["monitoring", "memory"], "values": [{"value": 11.169498443603516, "step": null, "ts": 1659365915.7462342}]}, "version": 422}
{"obj": {"type": "LogFloats", "path": ["monitoring", "gpu"], "values": [{"value": 7.0, "step": null, "ts": 1659365915.7462342}]}, "version": 423}
{"obj": {"type": "LogFloats", "path": ["monitoring", "gpu_memory"], "values": [{"value": 2.842376708984375, "step": null, "ts": 1659365915.7462342}]}, "version": 424}
{"obj": {"type": "LogFloats", "path": ["monitoring", "cpu"], "values": [{"value": 28.9, "step": null, "ts": 1659365925.7671268}]}, "version": 425}
{"obj": {"type": "LogFloats", "path": ["monitoring", "memory"], "values": [{"value": 10.966022491455078, "step": null, "ts": 1659365925.7671268}]}, "version": 426}
{"obj": {"type": "LogFloats", "path": ["monitoring", "gpu"], "values": [{"value": 100.0, "step": null, "ts": 1659365925.7671268}]}, "version": 427}
{"obj": {"type": "LogFloats", "path": ["monitoring", "gpu_memory"], "values": [{"value": 2.841522216796875, "step": null, "ts": 1659365925.7671268}]}, "version": 428}
{"obj": {"type": "LogFloats", "path": ["monitoring", "cpu"], "values": [{"value": 27.7, "step": null, "ts": 1659365935.7869997}]}, "version": 429}
{"obj": {"type": "LogFloats", "path": ["monitoring", "memory"], "values": [{"value": 10.873394012451172, "step": null, "ts": 1659365935.7869997}]}, "version": 430}
{"obj": {"type": "LogFloats", "path": ["monitoring", "gpu"], "values": [{"value": 99.0, "step": null, "ts": 1659365935.7869997}]}, "version": 431}
{"obj": {"type": "LogFloats", "path": ["monitoring", "gpu_memory"], "values": [{"value": 2.841522216796875, "step": null, "ts": 1659365935.7869997}]}, "version": 432}
{"obj": {"type": "LogFloats", "path": ["validation", "loss"], "values": [{"value": 0.5427606158396777, "step": null, "ts": 1659365938.358902}]}, "version": 433}
{"obj": {"type": "LogFloats", "path": ["validation", "val_accuracy"], "values": [{"value": 75.9274732620321, "step": null, "ts": 1659365938.358902}]}, "version": 434}
{"obj": {"type": "LogFloats", "path": ["monitoring", "cpu"], "values": [{"value": 27.3, "step": null, "ts": 1659365945.8067484}]}, "version": 435}
{"obj": {"type": "LogFloats", "path": ["monitoring", "memory"], "values": [{"value": 10.851428985595703, "step": null, "ts": 1659365945.8067484}]}, "version": 436}
{"obj": {"type": "LogFloats", "path": ["monitoring", "gpu"], "values": [{"value": 100.0, "step": null, "ts": 1659365945.8067484}]}, "version": 437}
{"obj": {"type": "LogFloats", "path": ["monitoring", "gpu_memory"], "values": [{"value": 2.841522216796875, "step": null, "ts": 1659365945.8067484}]}, "version": 438}
{"obj": {"type": "LogFloats", "path": ["monitoring", "cpu"], "values": [{"value": 28.3, "step": null, "ts": 1659365955.8118684}]}, "version": 439}
{"obj": {"type": "LogFloats", "path": ["monitoring", "memory"], "values": [{"value": 10.840320587158203, "step": null, "ts": 1659365955.8118684}]}, "version": 440}
{"obj": {"type": "LogFloats", "path": ["monitoring", "gpu"], "values": [{"value": 100.0, "step": null, "ts": 1659365955.8118684}]}, "version": 441}
{"obj": {"type": "LogFloats", "path": ["monitoring", "gpu_memory"], "values": [{"value": 2.841522216796875, "step": null, "ts": 1659365955.8118684}]}, "version": 442}
{"obj": {"type": "LogStrings", "path": ["monitoring", "stdout"], "values": [{"value": "AUC: 0.7921", "step": null, "ts": 1659365960.7504296}]}, "version": 443}
{"obj": {"type": "LogStrings", "path": ["monitoring", "stdout"], "values": [{"value": "\n", "step": null, "ts": 1659365960.7504296}]}, "version": 444}
{"obj": {"type": "LogStrings", "path": ["monitoring", "stdout"], "values": [{"value": "Accuracy: 75.63%", "step": null, "ts": 1659365960.755736}]}, "version": 445}
{"obj": {"type": "LogStrings", "path": ["monitoring", "stdout"], "values": [{"value": "\n", "step": null, "ts": 1659365960.755736}]}, "version": 446}
{"obj": {"type": "LogFloats", "path": ["monitoring", "cpu"], "values": [{"value": 20.2, "step": null, "ts": 1659365965.8317983}]}, "version": 447}
{"obj": {"type": "LogFloats", "path": ["monitoring", "memory"], "values": [{"value": 10.859615325927734, "step": null, "ts": 1659365965.8317983}]}, "version": 448}
{"obj": {"type": "LogFloats", "path": ["monitoring", "gpu"], "values": [{"value": 2.0, "step": null, "ts": 1659365965.8317983}]}, "version": 449}
{"obj": {"type": "LogFloats", "path": ["monitoring", "gpu_memory"], "values": [{"value": 2.847869873046875, "step": null, "ts": 1659365965.8317983}]}, "version": 450}
{"obj": {"type": "LogFloats", "path": ["monitoring", "cpu"], "values": [{"value": 6.5, "step": null, "ts": 1659365975.851861}]}, "version": 451}
{"obj": {"type": "LogFloats", "path": ["monitoring", "memory"], "values": [{"value": 10.85812759399414, "step": null, "ts": 1659365975.851861}]}, "version": 452}
{"obj": {"type": "LogFloats", "path": ["monitoring", "gpu_memory"], "values": [{"value": 2.847869873046875, "step": null, "ts": 1659365975.851861}]}, "version": 453}
{"obj": {"type": "LogFloats", "path": ["monitoring", "cpu"], "values": [{"value": 15.0, "step": null, "ts": 1659365985.8717546}]}, "version": 454}
{"obj": {"type": "LogFloats", "path": ["monitoring", "memory"], "values": [{"value": 10.906230926513672, "step": null, "ts": 1659365985.8717546}]}, "version": 455}
{"obj": {"type": "LogFloats", "path": ["monitoring", "gpu"], "values": [{"value": 11.0, "step": null, "ts": 1659365985.8717546}]}, "version": 456}
{"obj": {"type": "LogFloats", "path": ["monitoring", "gpu_memory"], "values": [{"value": 2.946807861328125, "step": null, "ts": 1659365985.8717546}]}, "version": 457}
{"obj": {"type": "LogFloats", "path": ["monitoring", "cpu"], "values": [{"value": 22.8, "step": null, "ts": 1659365995.887219}]}, "version": 458}
{"obj": {"type": "LogFloats", "path": ["monitoring", "memory"], "values": [{"value": 10.924819946289062, "step": null, "ts": 1659365995.887219}]}, "version": 459}
{"obj": {"type": "LogFloats", "path": ["monitoring", "gpu"], "values": [{"value": 11.0, "step": null, "ts": 1659365995.887219}]}, "version": 460}
{"obj": {"type": "LogFloats", "path": ["monitoring", "gpu_memory"], "values": [{"value": 2.997406005859375, "step": null, "ts": 1659365995.887219}]}, "version": 461}
{"obj": {"type": "LogFloats", "path": ["monitoring", "cpu"], "values": [{"value": 30.9, "step": null, "ts": 1659366005.9002235}]}, "version": 462}
{"obj": {"type": "LogFloats", "path": ["monitoring", "memory"], "values": [{"value": 10.932334899902344, "step": null, "ts": 1659366005.9002235}]}, "version": 463}
{"obj": {"type": "LogFloats", "path": ["monitoring", "gpu"], "values": [{"value": 23.0, "step": null, "ts": 1659366005.9002235}]}, "version": 464}
{"obj": {"type": "LogFloats", "path": ["monitoring", "gpu_memory"], "values": [{"value": 3.0014610290527344, "step": null, "ts": 1659366005.9002235}]}, "version": 465}
{"obj": {"type": "LogFloats", "path": ["monitoring", "cpu"], "values": [{"value": 30.3, "step": null, "ts": 1659366015.909928}]}, "version": 466}
{"obj": {"type": "LogFloats", "path": ["monitoring", "memory"], "values": [{"value": 10.964080810546875, "step": null, "ts": 1659366015.909928}]}, "version": 467}
{"obj": {"type": "LogFloats", "path": ["monitoring", "gpu"], "values": [{"value": 3.0, "step": null, "ts": 1659366015.909928}]}, "version": 468}
{"obj": {"type": "LogFloats", "path": ["monitoring", "gpu_memory"], "values": [{"value": 2.8892364501953125, "step": null, "ts": 1659366015.909928}]}, "version": 469}
{"obj": {"type": "LogFloats", "path": ["monitoring", "cpu"], "values": [{"value": 38.1, "step": null, "ts": 1659366025.9430954}]}, "version": 470}
{"obj": {"type": "LogFloats", "path": ["monitoring", "memory"], "values": [{"value": 11.018993377685547, "step": null, "ts": 1659366025.9430954}]}, "version": 471}
{"obj": {"type": "LogFloats", "path": ["monitoring", "gpu"], "values": [{"value": 13.0, "step": null, "ts": 1659366025.9430954}]}, "version": 472}
{"obj": {"type": "LogFloats", "path": ["monitoring", "gpu_memory"], "values": [{"value": 3.0197067260742188, "step": null, "ts": 1659366025.9430954}]}, "version": 473}
{"obj": {"type": "LogFloats", "path": ["monitoring", "cpu"], "values": [{"value": 29.4, "step": null, "ts": 1659366035.9645827}]}, "version": 474}
{"obj": {"type": "LogFloats", "path": ["monitoring", "memory"], "values": [{"value": 11.01016616821289, "step": null, "ts": 1659366035.9645827}]}, "version": 475}
{"obj": {"type": "LogFloats", "path": ["monitoring", "gpu"], "values": [{"value": 13.0, "step": null, "ts": 1659366035.9645827}]}, "version": 476}
{"obj": {"type": "LogFloats", "path": ["monitoring", "gpu_memory"], "values": [{"value": 2.9178924560546875, "step": null, "ts": 1659366035.9645827}]}, "version": 477}
{"obj": {"type": "LogFloats", "path": ["monitoring", "cpu"], "values": [{"value": 29.6, "step": null, "ts": 1659366045.992199}]}, "version": 478}
{"obj": {"type": "LogFloats", "path": ["monitoring", "memory"], "values": [{"value": 11.128604888916016, "step": null, "ts": 1659366045.992199}]}, "version": 479}
{"obj": {"type": "LogFloats", "path": ["monitoring", "gpu"], "values": [{"value": 6.0, "step": null, "ts": 1659366045.992199}]}, "version": 480}
{"obj": {"type": "LogFloats", "path": ["monitoring", "gpu_memory"], "values": [{"value": 3.0581893920898438, "step": null, "ts": 1659366045.992199}]}, "version": 481}
{"obj": {"type": "LogFloats", "path": ["monitoring", "cpu"], "values": [{"value": 28.2, "step": null, "ts": 1659366055.998469}]}, "version": 482}
{"obj": {"type": "LogFloats", "path": ["monitoring", "memory"], "values": [{"value": 11.028190612792969, "step": null, "ts": 1659366055.998469}]}, "version": 483}
{"obj": {"type": "LogFloats", "path": ["monitoring", "gpu"], "values": [{"value": 13.0, "step": null, "ts": 1659366055.998469}]}, "version": 484}
{"obj": {"type": "LogFloats", "path": ["monitoring", "gpu_memory"], "values": [{"value": 2.9688796997070312, "step": null, "ts": 1659366055.998469}]}, "version": 485}
{"obj": {"type": "LogFloats", "path": ["monitoring", "cpu"], "values": [{"value": 27.4, "step": null, "ts": 1659366066.0226252}]}, "version": 486}
{"obj": {"type": "LogFloats", "path": ["monitoring", "memory"], "values": [{"value": 11.040412902832031, "step": null, "ts": 1659366066.0226252}]}, "version": 487}
{"obj": {"type": "LogFloats", "path": ["monitoring", "gpu"], "values": [{"value": 7.0, "step": null, "ts": 1659366066.0226252}]}, "version": 488}
{"obj": {"type": "LogFloats", "path": ["monitoring", "gpu_memory"], "values": [{"value": 3.1163482666015625, "step": null, "ts": 1659366066.0226252}]}, "version": 489}
{"obj": {"type": "LogFloats", "path": ["monitoring", "cpu"], "values": [{"value": 26.2, "step": null, "ts": 1659366076.0559626}]}, "version": 490}
{"obj": {"type": "LogFloats", "path": ["monitoring", "memory"], "values": [{"value": 11.147514343261719, "step": null, "ts": 1659366076.0559626}]}, "version": 491}
{"obj": {"type": "LogFloats", "path": ["monitoring", "gpu"], "values": [{"value": 7.0, "step": null, "ts": 1659366076.0559626}]}, "version": 492}
{"obj": {"type": "LogFloats", "path": ["monitoring", "gpu_memory"], "values": [{"value": 3.0722312927246094, "step": null, "ts": 1659366076.0559626}]}, "version": 493}
{"obj": {"type": "LogFloats", "path": ["monitoring", "cpu"], "values": [{"value": 17.1, "step": null, "ts": 1659366086.0848584}]}, "version": 494}
{"obj": {"type": "LogFloats", "path": ["monitoring", "memory"], "values": [{"value": 11.036113739013672, "step": null, "ts": 1659366086.0848584}]}, "version": 495}
{"obj": {"type": "LogFloats", "path": ["monitoring", "gpu"], "values": [{"value": 3.0, "step": null, "ts": 1659366086.0848584}]}, "version": 496}
{"obj": {"type": "LogFloats", "path": ["monitoring", "gpu_memory"], "values": [{"value": 3.0372543334960938, "step": null, "ts": 1659366086.0848584}]}, "version": 497}
{"obj": {"type": "LogFloats", "path": ["monitoring", "cpu"], "values": [{"value": 15.4, "step": null, "ts": 1659366096.1137602}]}, "version": 498}
{"obj": {"type": "LogFloats", "path": ["monitoring", "memory"], "values": [{"value": 11.029163360595703, "step": null, "ts": 1659366096.1137602}]}, "version": 499}
{"obj": {"type": "LogFloats", "path": ["monitoring", "gpu"], "values": [{"value": 3.0, "step": null, "ts": 1659366096.1137602}]}, "version": 500}
{"obj": {"type": "LogFloats", "path": ["monitoring", "gpu_memory"], "values": [{"value": 3.0286483764648438, "step": null, "ts": 1659366096.1137602}]}, "version": 501}
{"obj": {"type": "LogFloats", "path": ["monitoring", "cpu"], "values": [{"value": 14.4, "step": null, "ts": 1659366106.1426516}]}, "version": 502}
{"obj": {"type": "LogFloats", "path": ["monitoring", "memory"], "values": [{"value": 11.026142120361328, "step": null, "ts": 1659366106.1426516}]}, "version": 503}
{"obj": {"type": "LogFloats", "path": ["monitoring", "gpu"], "values": [{"value": 3.0, "step": null, "ts": 1659366106.1426516}]}, "version": 504}
{"obj": {"type": "LogFloats", "path": ["monitoring", "gpu_memory"], "values": [{"value": 3.0288314819335938, "step": null, "ts": 1659366106.1426516}]}, "version": 505}
{"obj": {"type": "LogFloats", "path": ["monitoring", "cpu"], "values": [{"value": 16.6, "step": null, "ts": 1659366116.1715462}]}, "version": 506}
{"obj": {"type": "LogFloats", "path": ["monitoring", "memory"], "values": [{"value": 11.024513244628906, "step": null, "ts": 1659366116.1715462}]}, "version": 507}
{"obj": {"type": "LogFloats", "path": ["monitoring", "gpu"], "values": [{"value": 3.0, "step": null, "ts": 1659366116.1715462}]}, "version": 508}
{"obj": {"type": "LogFloats", "path": ["monitoring", "gpu_memory"], "values": [{"value": 3.0289535522460938, "step": null, "ts": 1659366116.1715462}]}, "version": 509}
{"obj": {"type": "LogFloats", "path": ["monitoring", "cpu"], "values": [{"value": 13.5, "step": null, "ts": 1659366126.2004344}]}, "version": 510}
{"obj": {"type": "LogFloats", "path": ["monitoring", "memory"], "values": [{"value": 11.020954132080078, "step": null, "ts": 1659366126.2004344}]}, "version": 511}
{"obj": {"type": "LogFloats", "path": ["monitoring", "gpu"], "values": [{"value": 3.0, "step": null, "ts": 1659366126.2004344}]}, "version": 512}
{"obj": {"type": "LogFloats", "path": ["monitoring", "gpu_memory"], "values": [{"value": 3.0289535522460938, "step": null, "ts": 1659366126.2004344}]}, "version": 513}
{"obj": {"type": "LogFloats", "path": ["monitoring", "cpu"], "values": [{"value": 15.5, "step": null, "ts": 1659366136.2293284}]}, "version": 514}
{"obj": {"type": "LogFloats", "path": ["monitoring", "memory"], "values": [{"value": 11.019889831542969, "step": null, "ts": 1659366136.2293284}]}, "version": 515}
{"obj": {"type": "LogFloats", "path": ["monitoring", "gpu"], "values": [{"value": 3.0, "step": null, "ts": 1659366136.2293284}]}, "version": 516}
{"obj": {"type": "LogFloats", "path": ["monitoring", "gpu_memory"], "values": [{"value": 3.0289535522460938, "step": null, "ts": 1659366136.2293284}]}, "version": 517}
{"obj": {"type": "LogFloats", "path": ["monitoring", "cpu"], "values": [{"value": 14.4, "step": null, "ts": 1659366146.25823}]}, "version": 518}
{"obj": {"type": "LogFloats", "path": ["monitoring", "memory"], "values": [{"value": 11.017860412597656, "step": null, "ts": 1659366146.25823}]}, "version": 519}
{"obj": {"type": "LogFloats", "path": ["monitoring", "gpu"], "values": [{"value": 3.0, "step": null, "ts": 1659366146.25823}]}, "version": 520}
{"obj": {"type": "LogFloats", "path": ["monitoring", "gpu_memory"], "values": [{"value": 3.0309677124023438, "step": null, "ts": 1659366146.25823}]}, "version": 521}
{"obj": {"type": "LogFloats", "path": ["monitoring", "cpu"], "values": [{"value": 13.7, "step": null, "ts": 1659366156.2871177}]}, "version": 522}
{"obj": {"type": "LogFloats", "path": ["monitoring", "memory"], "values": [{"value": 11.014759063720703, "step": null, "ts": 1659366156.2871177}]}, "version": 523}
{"obj": {"type": "LogFloats", "path": ["monitoring", "gpu"], "values": [{"value": 3.0, "step": null, "ts": 1659366156.2871177}]}, "version": 524}
{"obj": {"type": "LogFloats", "path": ["monitoring", "gpu_memory"], "values": [{"value": 3.0285263061523438, "step": null, "ts": 1659366156.2871177}]}, "version": 525}
{"obj": {"type": "LogFloats", "path": ["monitoring", "cpu"], "values": [{"value": 24.0, "step": null, "ts": 1659366166.315978}]}, "version": 526}
{"obj": {"type": "LogFloats", "path": ["monitoring", "memory"], "values": [{"value": 11.03055191040039, "step": null, "ts": 1659366166.315978}]}, "version": 527}
{"obj": {"type": "LogFloats", "path": ["monitoring", "gpu"], "values": [{"value": 8.0, "step": null, "ts": 1659366166.315978}]}, "version": 528}
{"obj": {"type": "LogFloats", "path": ["monitoring", "gpu_memory"], "values": [{"value": 3.0392074584960938, "step": null, "ts": 1659366166.315978}]}, "version": 529}
{"obj": {"type": "LogFloats", "path": ["monitoring", "cpu"], "values": [{"value": 18.1, "step": null, "ts": 1659366176.3293016}]}, "version": 530}
{"obj": {"type": "LogFloats", "path": ["monitoring", "memory"], "values": [{"value": 11.073905944824219, "step": null, "ts": 1659366176.3293016}]}, "version": 531}
{"obj": {"type": "LogFloats", "path": ["monitoring", "gpu"], "values": [{"value": 4.0, "step": null, "ts": 1659366176.3293016}]}, "version": 532}
{"obj": {"type": "LogFloats", "path": ["monitoring", "gpu_memory"], "values": [{"value": 2.9978256225585938, "step": null, "ts": 1659366176.3293016}]}, "version": 533}
{"obj": {"type": "LogFloats", "path": ["monitoring", "cpu"], "values": [{"value": 19.8, "step": null, "ts": 1659366186.3425274}]}, "version": 534}
{"obj": {"type": "LogFloats", "path": ["monitoring", "memory"], "values": [{"value": 11.08077621459961, "step": null, "ts": 1659366186.3425274}]}, "version": 535}
{"obj": {"type": "LogFloats", "path": ["monitoring", "gpu"], "values": [{"value": 8.0, "step": null, "ts": 1659366186.3425274}]}, "version": 536}
{"obj": {"type": "LogFloats", "path": ["monitoring", "gpu_memory"], "values": [{"value": 3.0791091918945312, "step": null, "ts": 1659366186.3425274}]}, "version": 537}
{"obj": {"type": "LogFloats", "path": ["monitoring", "cpu"], "values": [{"value": 27.9, "step": null, "ts": 1659366196.3663673}]}, "version": 538}
{"obj": {"type": "LogFloats", "path": ["monitoring", "memory"], "values": [{"value": 11.088146209716797, "step": null, "ts": 1659366196.3663673}]}, "version": 539}
{"obj": {"type": "LogFloats", "path": ["monitoring", "gpu"], "values": [{"value": 9.0, "step": null, "ts": 1659366196.3663673}]}, "version": 540}
{"obj": {"type": "LogFloats", "path": ["monitoring", "gpu_memory"], "values": [{"value": 3.118377685546875, "step": null, "ts": 1659366196.3663673}]}, "version": 541}
{"obj": {"type": "LogFloats", "path": ["monitoring", "cpu"], "values": [{"value": 27.5, "step": null, "ts": 1659366206.395939}]}, "version": 542}
{"obj": {"type": "LogFloats", "path": ["monitoring", "memory"], "values": [{"value": 11.073673248291016, "step": null, "ts": 1659366206.395939}]}, "version": 543}
{"obj": {"type": "LogFloats", "path": ["monitoring", "gpu"], "values": [{"value": 26.0, "step": null, "ts": 1659366206.395939}]}, "version": 544}
{"obj": {"type": "LogFloats", "path": ["monitoring", "gpu_memory"], "values": [{"value": 3.093048095703125, "step": null, "ts": 1659366206.395939}]}, "version": 545}
{"obj": {"type": "LogFloats", "path": ["monitoring", "cpu"], "values": [{"value": 27.1, "step": null, "ts": 1659366216.4054198}]}, "version": 546}
{"obj": {"type": "LogFloats", "path": ["monitoring", "memory"], "values": [{"value": 11.078338623046875, "step": null, "ts": 1659366216.4054198}]}, "version": 547}
{"obj": {"type": "LogFloats", "path": ["monitoring", "gpu"], "values": [{"value": 19.0, "step": null, "ts": 1659366216.4054198}]}, "version": 548}
{"obj": {"type": "LogFloats", "path": ["monitoring", "gpu_memory"], "values": [{"value": 3.088714599609375, "step": null, "ts": 1659366216.4054198}]}, "version": 549}
{"obj": {"type": "LogFloats", "path": ["monitoring", "cpu"], "values": [{"value": 29.9, "step": null, "ts": 1659366226.41968}]}, "version": 550}
{"obj": {"type": "LogFloats", "path": ["monitoring", "memory"], "values": [{"value": 11.08612060546875, "step": null, "ts": 1659366226.41968}]}, "version": 551}
{"obj": {"type": "LogFloats", "path": ["monitoring", "gpu"], "values": [{"value": 9.0, "step": null, "ts": 1659366226.41968}]}, "version": 552}
{"obj": {"type": "LogFloats", "path": ["monitoring", "gpu_memory"], "values": [{"value": 3.161895751953125, "step": null, "ts": 1659366226.41968}]}, "version": 553}
{"obj": {"type": "LogFloats", "path": ["monitoring", "cpu"], "values": [{"value": 25.1, "step": null, "ts": 1659366236.4307096}]}, "version": 554}
{"obj": {"type": "LogFloats", "path": ["monitoring", "memory"], "values": [{"value": 11.073745727539062, "step": null, "ts": 1659366236.4307096}]}, "version": 555}
{"obj": {"type": "LogFloats", "path": ["monitoring", "gpu"], "values": [{"value": 8.0, "step": null, "ts": 1659366236.4307096}]}, "version": 556}
{"obj": {"type": "LogFloats", "path": ["monitoring", "gpu_memory"], "values": [{"value": 3.120330810546875, "step": null, "ts": 1659366236.4307096}]}, "version": 557}
{"obj": {"type": "LogFloats", "path": ["monitoring", "cpu"], "values": [{"value": 32.1, "step": null, "ts": 1659366246.4576747}]}, "version": 558}
{"obj": {"type": "LogFloats", "path": ["monitoring", "memory"], "values": [{"value": 11.09194564819336, "step": null, "ts": 1659366246.4576747}]}, "version": 559}
{"obj": {"type": "LogFloats", "path": ["monitoring", "gpu"], "values": [{"value": 6.0, "step": null, "ts": 1659366246.4576747}]}, "version": 560}
{"obj": {"type": "LogFloats", "path": ["monitoring", "gpu_memory"], "values": [{"value": 3.0512313842773438, "step": null, "ts": 1659366246.4576747}]}, "version": 561}
{"obj": {"type": "LogFloats", "path": ["monitoring", "cpu"], "values": [{"value": 32.7, "step": null, "ts": 1659366256.4709811}]}, "version": 562}
{"obj": {"type": "LogFloats", "path": ["monitoring", "memory"], "values": [{"value": 11.171066284179688, "step": null, "ts": 1659366256.4709811}]}, "version": 563}
{"obj": {"type": "LogFloats", "path": ["monitoring", "gpu_memory"], "values": [{"value": 3.0985755920410156, "step": null, "ts": 1659366256.4709811}]}, "version": 564}
{"obj": {"type": "LogFloats", "path": ["monitoring", "cpu"], "values": [{"value": 25.4, "step": null, "ts": 1659366266.4998806}]}, "version": 565}
{"obj": {"type": "LogFloats", "path": ["monitoring", "memory"], "values": [{"value": 11.02042007446289, "step": null, "ts": 1659366266.4998806}]}, "version": 566}
{"obj": {"type": "LogFloats", "path": ["monitoring", "gpu"], "values": [{"value": 1.0, "step": null, "ts": 1659366266.4998806}]}, "version": 567}
{"obj": {"type": "LogFloats", "path": ["monitoring", "gpu_memory"], "values": [{"value": 3.0666580200195312, "step": null, "ts": 1659366266.4998806}]}, "version": 568}
{"obj": {"type": "LogFloats", "path": ["monitoring", "cpu"], "values": [{"value": 15.2, "step": null, "ts": 1659366276.528318}]}, "version": 569}
{"obj": {"type": "LogFloats", "path": ["monitoring", "memory"], "values": [{"value": 11.05440902709961, "step": null, "ts": 1659366276.528318}]}, "version": 570}
{"obj": {"type": "LogFloats", "path": ["monitoring", "gpu"], "values": [{"value": 1.0, "step": null, "ts": 1659366276.528318}]}, "version": 571}
{"obj": {"type": "LogFloats", "path": ["monitoring", "gpu_memory"], "values": [{"value": 3.0675010681152344, "step": null, "ts": 1659366276.528318}]}, "version": 572}
{"obj": {"type": "LogFloats", "path": ["monitoring", "cpu"], "values": [{"value": 22.8, "step": null, "ts": 1659366286.552736}]}, "version": 573}
{"obj": {"type": "LogFloats", "path": ["monitoring", "memory"], "values": [{"value": 11.043773651123047, "step": null, "ts": 1659366286.552736}]}, "version": 574}
{"obj": {"type": "LogFloats", "path": ["monitoring", "gpu"], "values": [{"value": 3.0, "step": null, "ts": 1659366286.552736}]}, "version": 575}
{"obj": {"type": "LogFloats", "path": ["monitoring", "gpu_memory"], "values": [{"value": 3.057647705078125, "step": null, "ts": 1659366286.552736}]}, "version": 576}
{"obj": {"type": "LogFloats", "path": ["monitoring", "cpu"], "values": [{"value": 31.0, "step": null, "ts": 1659366296.5752716}]}, "version": 577}
{"obj": {"type": "LogFloats", "path": ["monitoring", "memory"], "values": [{"value": 11.013065338134766, "step": null, "ts": 1659366296.5752716}]}, "version": 578}
{"obj": {"type": "LogFloats", "path": ["monitoring", "gpu"], "values": [{"value": 7.0, "step": null, "ts": 1659366296.5752716}]}, "version": 579}
{"obj": {"type": "LogFloats", "path": ["monitoring", "gpu_memory"], "values": [{"value": 3.0142745971679688, "step": null, "ts": 1659366296.5752716}]}, "version": 580}
{"obj": {"type": "LogFloats", "path": ["monitoring", "cpu"], "values": [{"value": 31.8, "step": null, "ts": 1659366306.6187544}]}, "version": 581}
{"obj": {"type": "LogFloats", "path": ["monitoring", "memory"], "values": [{"value": 10.973575592041016, "step": null, "ts": 1659366306.6187544}]}, "version": 582}
{"obj": {"type": "LogFloats", "path": ["monitoring", "gpu"], "values": [{"value": 17.0, "step": null, "ts": 1659366306.6187544}]}, "version": 583}
{"obj": {"type": "LogFloats", "path": ["monitoring", "gpu_memory"], "values": [{"value": 2.9053611755371094, "step": null, "ts": 1659366306.6187544}]}, "version": 584}
{"obj": {"type": "LogStrings", "path": ["monitoring", "stdout"], "values": [{"value": "Shutting down background jobs, please wait a moment...\n", "step": null, "ts": 1659366307.979189}]}, "version": 585}
