{"obj": {"type": "AssignString", "path": ["sys", "name"], "value": "Untitled"}, "version": 1}
{"obj": {"type": "AssignString", "path": ["sys", "description"], "value": ""}, "version": 2}
{"obj": {"type": "AssignString", "path": ["sys", "hostname"], "value": "DESKTOP-6KTR5KC"}, "version": 3}
{"obj": {"type": "AssignBool", "path": ["sys", "failed"], "value": false}, "version": 4}
{"obj": {"type": "ClearStringLog", "path": ["monitoring", "stdout"]}, "version": 5}
{"obj": {"type": "ClearStringLog", "path": ["monitoring", "stderr"]}, "version": 6}
{"obj": {"type": "AssignString", "path": ["source_code", "entrypoint"], "value": "inference.py"}, "version": 7}
{"obj": {"type": "UploadFileSet", "path": ["source_code", "files"], "file_globs": ["D:\\Portfolio\\Bert based sentiment system\\*.py"], "reset": "False"}, "version": 8}
{"obj": {"type": "ConfigFloatSeries", "path": ["monitoring", "cpu"], "min": 0.0, "max": 100.0, "unit": "%"}, "version": 9}
{"obj": {"type": "ClearFloatLog", "path": ["monitoring", "cpu"]}, "version": 10}
{"obj": {"type": "ConfigFloatSeries", "path": ["monitoring", "memory"], "min": 0.0, "max": 23.94460678100586, "unit": "GB"}, "version": 11}
{"obj": {"type": "ClearFloatLog", "path": ["monitoring", "memory"]}, "version": 12}
{"obj": {"type": "ConfigFloatSeries", "path": ["monitoring", "gpu"], "min": 0.0, "max": 100.0, "unit": "%"}, "version": 13}
{"obj": {"type": "ClearFloatLog", "path": ["monitoring", "gpu"]}, "version": 14}
{"obj": {"type": "ConfigFloatSeries", "path": ["monitoring", "gpu_memory"], "min": 0.0, "max": 12.0, "unit": "GB"}, "version": 15}
{"obj": {"type": "ClearFloatLog", "path": ["monitoring", "gpu_memory"]}, "version": 16}
{"obj": {"type": "AssignFloat", "path": ["config", "hyperparameters", "lr"], "value": 0.01}, "version": 17}
{"obj": {"type": "AssignInt", "path": ["config", "hyperparameters", "bs"], "value": 32}, "version": 18}
{"obj": {"type": "AssignInt", "path": ["config", "hyperparameters", "H"], "value": 64}, "version": 19}
{"obj": {"type": "AssignInt", "path": ["config", "hyperparameters", "n_classes"], "value": 2}, "version": 20}
{"obj": {"type": "AssignString", "path": ["config", "hyperparameters", "model_filename"], "value": "bertclassifier"}, "version": 21}
{"obj": {"type": "AssignString", "path": ["config", "hyperparameters", "device"], "value": "cuda:0"}, "version": 22}
{"obj": {"type": "AssignString", "path": ["config", "criterion"], "value": "CrossEntropyLoss"}, "version": 23}
{"obj": {"type": "LogFloats", "path": ["monitoring", "cpu"], "values": [{"value": 27.7, "step": null, "ts": 1659526418.037572}]}, "version": 24}
{"obj": {"type": "LogFloats", "path": ["monitoring", "memory"], "values": [{"value": 7.891162872314453, "step": null, "ts": 1659526418.037572}]}, "version": 25}
{"obj": {"type": "LogFloats", "path": ["monitoring", "gpu"], "values": [{"value": 5.0, "step": null, "ts": 1659526418.037572}]}, "version": 26}
{"obj": {"type": "LogFloats", "path": ["monitoring", "gpu_memory"], "values": [{"value": 1.086029052734375, "step": null, "ts": 1659526418.037572}]}, "version": 27}
{"obj": {"type": "LogStrings", "path": ["monitoring", "stderr"], "values": [{"value": " * Debugger is active!\n", "step": null, "ts": 1659526418.0555246}]}, "version": 28}
{"obj": {"type": "LogStrings", "path": ["monitoring", "stderr"], "values": [{"value": " * Debugger PIN: 803-124-734\n", "step": null, "ts": 1659526418.0585163}]}, "version": 29}
{"obj": {"type": "LogStrings", "path": ["monitoring", "stderr"], "values": [{"value": "127.0.0.1 - - [03/Aug/2022 11:33:45] \"GET /predict?text=I%20highly%20recommend%20this%20app%20to%20everyone%20trying%20to%20lose%20weight,%20and%20give%20huge%20praise%20to%20the%20app%20creators HTTP/1.1\" 200 -\n", "step": null, "ts": 1659526425.5844922}]}, "version": 30}
{"obj": {"type": "LogFloats", "path": ["monitoring", "cpu"], "values": [{"value": 66.7, "step": null, "ts": 1659526428.0638735}]}, "version": 31}
{"obj": {"type": "LogFloats", "path": ["monitoring", "memory"], "values": [{"value": 8.503528594970703, "step": null, "ts": 1659526428.0638735}]}, "version": 32}
{"obj": {"type": "LogFloats", "path": ["monitoring", "gpu"], "values": [{"value": 1.0, "step": null, "ts": 1659526428.0638735}]}, "version": 33}
{"obj": {"type": "LogFloats", "path": ["monitoring", "gpu_memory"], "values": [{"value": 1.6395225524902344, "step": null, "ts": 1659526428.0638735}]}, "version": 34}
{"obj": {"type": "LogFloats", "path": ["monitoring", "cpu"], "values": [{"value": 15.0, "step": null, "ts": 1659526438.0766337}]}, "version": 35}
{"obj": {"type": "LogFloats", "path": ["monitoring", "memory"], "values": [{"value": 8.463977813720703, "step": null, "ts": 1659526438.0766337}]}, "version": 36}
{"obj": {"type": "LogFloats", "path": ["monitoring", "gpu"], "values": [{"value": 1.0, "step": null, "ts": 1659526438.0766337}]}, "version": 37}
{"obj": {"type": "LogFloats", "path": ["monitoring", "gpu_memory"], "values": [{"value": 1.6474571228027344, "step": null, "ts": 1659526438.0766337}]}, "version": 38}
{"obj": {"type": "LogStrings", "path": ["monitoring", "stderr"], "values": [{"value": " * Detected change in 'D:\\\\Portfolio\\\\Bert based sentiment system\\\\onxx_convert.py', reloading\n", "step": null, "ts": 1659526440.8960042}]}, "version": 39}
{"obj": {"type": "LogStrings", "path": ["monitoring", "stdout"], "values": [{"value": "Shutting down background jobs, please wait a moment...\n", "step": null, "ts": 1659526440.8970022}]}, "version": 40}
