{"obj": {"type": "AssignString", "path": ["sys", "name"], "value": "Untitled"}, "version": 1}
{"obj": {"type": "AssignString", "path": ["sys", "description"], "value": ""}, "version": 2}
{"obj": {"type": "AssignString", "path": ["sys", "hostname"], "value": "DESKTOP-6KTR5KC"}, "version": 3}
{"obj": {"type": "AssignBool", "path": ["sys", "failed"], "value": false}, "version": 4}
{"obj": {"type": "ClearStringLog", "path": ["monitoring", "stdout"]}, "version": 5}
{"obj": {"type": "ClearStringLog", "path": ["monitoring", "stderr"]}, "version": 6}
{"obj": {"type": "AssignString", "path": ["source_code", "entrypoint"], "value": "app.py"}, "version": 7}
{"obj": {"type": "UploadFileSet", "path": ["source_code", "files"], "file_globs": ["D:\\Portfolio\\Bert based sentiment system\\*.py"], "reset": "False"}, "version": 8}
{"obj": {"type": "ConfigFloatSeries", "path": ["monitoring", "cpu"], "min": 0.0, "max": 100.0, "unit": "%"}, "version": 9}
{"obj": {"type": "ClearFloatLog", "path": ["monitoring", "cpu"]}, "version": 10}
{"obj": {"type": "ConfigFloatSeries", "path": ["monitoring", "memory"], "min": 0.0, "max": 23.94460678100586, "unit": "GB"}, "version": 11}
{"obj": {"type": "ClearFloatLog", "path": ["monitoring", "memory"]}, "version": 12}
{"obj": {"type": "ConfigFloatSeries", "path": ["monitoring", "gpu"], "min": 0.0, "max": 100.0, "unit": "%"}, "version": 13}
{"obj": {"type": "ClearFloatLog", "path": ["monitoring", "gpu"]}, "version": 14}
{"obj": {"type": "ConfigFloatSeries", "path": ["monitoring", "gpu_memory"], "min": 0.0, "max": 12.0, "unit": "GB"}, "version": 15}
{"obj": {"type": "ClearFloatLog", "path": ["monitoring", "gpu_memory"]}, "version": 16}
{"obj": {"type": "AssignFloat", "path": ["config", "hyperparameters", "lr"], "value": 0.01}, "version": 17}
{"obj": {"type": "AssignInt", "path": ["config", "hyperparameters", "bs"], "value": 32}, "version": 18}
{"obj": {"type": "AssignInt", "path": ["config", "hyperparameters", "H"], "value": 64}, "version": 19}
{"obj": {"type": "AssignInt", "path": ["config", "hyperparameters", "n_classes"], "value": 2}, "version": 20}
{"obj": {"type": "AssignString", "path": ["config", "hyperparameters", "model_filename"], "value": "bertclassifier"}, "version": 21}
{"obj": {"type": "AssignString", "path": ["config", "hyperparameters", "device"], "value": "cuda:0"}, "version": 22}
{"obj": {"type": "LogFloats", "path": ["monitoring", "cpu"], "values": [{"value": 49.0, "step": null, "ts": 1659565382.7359116}]}, "version": 23}
{"obj": {"type": "AssignString", "path": ["config", "criterion"], "value": "CrossEntropyLoss"}, "version": 24}
{"obj": {"type": "LogFloats", "path": ["monitoring", "memory"], "values": [{"value": 18.505626678466797, "step": null, "ts": 1659565382.7359116}]}, "version": 25}
{"obj": {"type": "LogFloats", "path": ["monitoring", "gpu_memory"], "values": [{"value": 2.9069595336914062, "step": null, "ts": 1659565382.7359116}]}, "version": 26}
{"obj": {"type": "LogStrings", "path": ["monitoring", "stderr"], "values": [{"value": " * Debugger is active!\n", "step": null, "ts": 1659565386.558752}]}, "version": 27}
{"obj": {"type": "LogStrings", "path": ["monitoring", "stderr"], "values": [{"value": " * Debugger PIN: 346-314-851\n", "step": null, "ts": 1659565386.562753}]}, "version": 28}
{"obj": {"type": "LogFloats", "path": ["monitoring", "cpu"], "values": [{"value": 77.2, "step": null, "ts": 1659565392.7573376}]}, "version": 29}
{"obj": {"type": "LogFloats", "path": ["monitoring", "memory"], "values": [{"value": 19.496505737304688, "step": null, "ts": 1659565392.7573376}]}, "version": 30}
{"obj": {"type": "LogFloats", "path": ["monitoring", "gpu"], "values": [{"value": 7.0, "step": null, "ts": 1659565392.7573376}]}, "version": 31}
{"obj": {"type": "LogFloats", "path": ["monitoring", "gpu_memory"], "values": [{"value": 2.9088592529296875, "step": null, "ts": 1659565392.7573376}]}, "version": 32}
{"obj": {"type": "LogStrings", "path": ["monitoring", "stdout"], "values": [{"value": "cuda", "step": null, "ts": 1659565393.545045}]}, "version": 33}
{"obj": {"type": "LogStrings", "path": ["monitoring", "stdout"], "values": [{"value": "\n", "step": null, "ts": 1659565393.546044}]}, "version": 34}
{"obj": {"type": "LogStrings", "path": ["monitoring", "stderr"], "values": [{"value": "127.0.0.1 - - [03/Aug/2022 22:23:14] \"GET /predict?text=I%20highly%20recommend%20this%20app%20to%20everyone%20trying%20to%20lose%20weight,%20excellent%20app HTTP/1.1\" 200 -\n", "step": null, "ts": 1659565394.1439354}]}, "version": 35}
{"obj": {"type": "LogFloats", "path": ["monitoring", "cpu"], "values": [{"value": 66.4, "step": null, "ts": 1659565402.7696366}]}, "version": 36}
{"obj": {"type": "LogFloats", "path": ["monitoring", "memory"], "values": [{"value": 19.168609619140625, "step": null, "ts": 1659565402.7696366}]}, "version": 37}
{"obj": {"type": "LogFloats", "path": ["monitoring", "gpu"], "values": [{"value": 7.0, "step": null, "ts": 1659565402.7696366}]}, "version": 38}
{"obj": {"type": "LogFloats", "path": ["monitoring", "gpu_memory"], "values": [{"value": 3.462230682373047, "step": null, "ts": 1659565402.7696366}]}, "version": 39}
{"obj": {"type": "LogFloats", "path": ["monitoring", "cpu"], "values": [{"value": 59.1, "step": null, "ts": 1659565412.7855709}]}, "version": 40}
{"obj": {"type": "LogFloats", "path": ["monitoring", "memory"], "values": [{"value": 18.99945068359375, "step": null, "ts": 1659565412.7855709}]}, "version": 41}
{"obj": {"type": "LogFloats", "path": ["monitoring", "gpu"], "values": [{"value": 1.0, "step": null, "ts": 1659565412.7855709}]}, "version": 42}
{"obj": {"type": "LogFloats", "path": ["monitoring", "gpu_memory"], "values": [{"value": 3.460765838623047, "step": null, "ts": 1659565412.7855709}]}, "version": 43}
{"obj": {"type": "LogFloats", "path": ["monitoring", "cpu"], "values": [{"value": 29.4, "step": null, "ts": 1659565422.7938066}]}, "version": 44}
{"obj": {"type": "LogFloats", "path": ["monitoring", "memory"], "values": [{"value": 18.971080780029297, "step": null, "ts": 1659565422.7938066}]}, "version": 45}
{"obj": {"type": "LogFloats", "path": ["monitoring", "gpu_memory"], "values": [{"value": 3.4589271545410156, "step": null, "ts": 1659565422.7938066}]}, "version": 46}
{"obj": {"type": "LogFloats", "path": ["monitoring", "cpu"], "values": [{"value": 32.3, "step": null, "ts": 1659565432.8023126}]}, "version": 47}
{"obj": {"type": "LogFloats", "path": ["monitoring", "memory"], "values": [{"value": 18.990943908691406, "step": null, "ts": 1659565432.8023126}]}, "version": 48}
{"obj": {"type": "LogFloats", "path": ["monitoring", "gpu"], "values": [{"value": 1.0, "step": null, "ts": 1659565432.8023126}]}, "version": 49}
{"obj": {"type": "LogFloats", "path": ["monitoring", "gpu_memory"], "values": [{"value": 3.4525794982910156, "step": null, "ts": 1659565432.8023126}]}, "version": 50}
{"obj": {"type": "LogFloats", "path": ["monitoring", "cpu"], "values": [{"value": 34.7, "step": null, "ts": 1659565442.816413}]}, "version": 51}
{"obj": {"type": "LogFloats", "path": ["monitoring", "memory"], "values": [{"value": 18.994800567626953, "step": null, "ts": 1659565442.816413}]}, "version": 52}
{"obj": {"type": "LogFloats", "path": ["monitoring", "gpu_memory"], "values": [{"value": 3.4525794982910156, "step": null, "ts": 1659565442.816413}]}, "version": 53}
{"obj": {"type": "LogFloats", "path": ["monitoring", "cpu"], "values": [{"value": 40.7, "step": null, "ts": 1659565452.8252697}]}, "version": 54}
{"obj": {"type": "LogFloats", "path": ["monitoring", "memory"], "values": [{"value": 19.03430938720703, "step": null, "ts": 1659565452.8252697}]}, "version": 55}
{"obj": {"type": "LogFloats", "path": ["monitoring", "gpu_memory"], "values": [{"value": 3.4677391052246094, "step": null, "ts": 1659565452.8252697}]}, "version": 56}
{"obj": {"type": "LogFloats", "path": ["monitoring", "cpu"], "values": [{"value": 43.0, "step": null, "ts": 1659565462.8371866}]}, "version": 57}
{"obj": {"type": "LogFloats", "path": ["monitoring", "memory"], "values": [{"value": 19.04076385498047, "step": null, "ts": 1659565462.8371866}]}, "version": 58}
{"obj": {"type": "LogFloats", "path": ["monitoring", "gpu"], "values": [{"value": 15.0, "step": null, "ts": 1659565462.8371866}]}, "version": 59}
{"obj": {"type": "LogFloats", "path": ["monitoring", "gpu_memory"], "values": [{"value": 3.4687767028808594, "step": null, "ts": 1659565462.8371866}]}, "version": 60}
{"obj": {"type": "LogFloats", "path": ["monitoring", "cpu"], "values": [{"value": 46.3, "step": null, "ts": 1659565472.8460457}]}, "version": 61}
{"obj": {"type": "LogFloats", "path": ["monitoring", "memory"], "values": [{"value": 19.468215942382812, "step": null, "ts": 1659565472.8460457}]}, "version": 62}
{"obj": {"type": "LogFloats", "path": ["monitoring", "gpu"], "values": [{"value": 2.0, "step": null, "ts": 1659565472.8460457}]}, "version": 63}
{"obj": {"type": "LogFloats", "path": ["monitoring", "gpu_memory"], "values": [{"value": 3.473888397216797, "step": null, "ts": 1659565472.8460457}]}, "version": 64}
{"obj": {"type": "LogStrings", "path": ["monitoring", "stdout"], "values": [{"value": "cuda", "step": null, "ts": 1659565473.7360446}]}, "version": 65}
{"obj": {"type": "LogStrings", "path": ["monitoring", "stdout"], "values": [{"value": "\n", "step": null, "ts": 1659565473.7360446}]}, "version": 66}
{"obj": {"type": "LogStrings", "path": ["monitoring", "stderr"], "values": [{"value": "127.0.0.1 - - [03/Aug/2022 22:24:34] \"GET /predict?text=I%20highly%20recommend%20this%20app%20to%20everyone%20trying%20to%20lose%20weight,%20excellent%20app HTTP/1.1\" 200 -\n", "step": null, "ts": 1659565474.3090456}]}, "version": 67}
{"obj": {"type": "LogFloats", "path": ["monitoring", "cpu"], "values": [{"value": 48.0, "step": null, "ts": 1659565482.8655245}]}, "version": 68}
{"obj": {"type": "LogFloats", "path": ["monitoring", "memory"], "values": [{"value": 18.648399353027344, "step": null, "ts": 1659565482.8655245}]}, "version": 69}
{"obj": {"type": "LogFloats", "path": ["monitoring", "gpu_memory"], "values": [{"value": 3.419666290283203, "step": null, "ts": 1659565482.8655245}]}, "version": 70}
{"obj": {"type": "LogFloats", "path": ["monitoring", "cpu"], "values": [{"value": 38.0, "step": null, "ts": 1659565492.8846}]}, "version": 71}
{"obj": {"type": "LogFloats", "path": ["monitoring", "memory"], "values": [{"value": 18.643535614013672, "step": null, "ts": 1659565492.8846}]}, "version": 72}
{"obj": {"type": "LogFloats", "path": ["monitoring", "gpu_memory"], "values": [{"value": 3.409778594970703, "step": null, "ts": 1659565492.8846}]}, "version": 73}
{"obj": {"type": "LogStrings", "path": ["monitoring", "stderr"], "values": [{"value": "127.0.0.1 - - [03/Aug/2022 22:24:58] \"", "step": null, "ts": 1659565498.9560184}]}, "version": 74}
{"obj": {"type": "LogStrings", "path": ["monitoring", "stderr"], "values": [{"value": "GET /predict HTTP/1.1", "step": null, "ts": 1659565498.9570162}]}, "version": 75}
{"obj": {"type": "LogStrings", "path": ["monitoring", "stderr"], "values": [{"value": "\" 500 -\n", "step": null, "ts": 1659565498.9570162}]}, "version": 76}
{"obj": {"type": "LogStrings", "path": ["monitoring", "stdout"], "values": [{"value": "Warning: string series 'monitoring/stderr' value was longer than 1000 characters and was truncated. This warning is printed only once per series.\n", "step": null, "ts": 1659565498.96402}]}, "version": 77}
{"obj": {"type": "LogStrings", "path": ["monitoring", "stderr"], "values": [{"value": "Traceback (most recent call last):\n  File \"C:\\Users\\Hyacinth\\anaconda3\\envs\\tensorflow\\lib\\site-packages\\flask\\app.py\", line 2486, in __call__\n    return self.wsgi_app(environ, start_response)\n  File \"C:\\Users\\Hyacinth\\anaconda3\\envs\\tensorflow\\lib\\site-packages\\flask\\app.py\", line 2466, in wsgi_app\n    response = self.handle_exception(e)\n  File \"C:\\Users\\Hyacinth\\anaconda3\\envs\\tensorflow\\lib\\site-packages\\flask\\app.py\", line 2463, in wsgi_app\n    response = self.full_dispatch_request()\n  File \"C:\\Users\\Hyacinth\\anaconda3\\envs\\tensorflow\\lib\\site-packages\\flask\\app.py\", line 1760, in full_dispatch_request\n    rv = self.handle_user_exception(e)\n  File \"C:\\Users\\Hyacinth\\anaconda3\\envs\\tensorflow\\lib\\site-packages\\flask\\app.py\", line 1758, in full_dispatch_request\n    rv = self.dispatch_request()\n  File \"C:\\Users\\Hyacinth\\anaconda3\\envs\\tensorflow\\lib\\site-packages\\flask\\app.py\", line 1734, in dispatch_request\n    return self.ensure_sync(self.view_functions[rule.endpoint])(**view_args)\n", "step": null, "ts": 1659565498.963018}]}, "version": 78}
{"obj": {"type": "LogFloats", "path": ["monitoring", "cpu"], "values": [{"value": 44.4, "step": null, "ts": 1659565502.8924685}]}, "version": 79}
{"obj": {"type": "LogFloats", "path": ["monitoring", "memory"], "values": [{"value": 18.715801239013672, "step": null, "ts": 1659565502.8924685}]}, "version": 80}
{"obj": {"type": "LogFloats", "path": ["monitoring", "gpu_memory"], "values": [{"value": 3.418506622314453, "step": null, "ts": 1659565502.8924685}]}, "version": 81}
{"obj": {"type": "LogFloats", "path": ["monitoring", "cpu"], "values": [{"value": 38.0, "step": null, "ts": 1659565512.904949}]}, "version": 82}
{"obj": {"type": "LogFloats", "path": ["monitoring", "memory"], "values": [{"value": 18.679523468017578, "step": null, "ts": 1659565512.904949}]}, "version": 83}
{"obj": {"type": "LogFloats", "path": ["monitoring", "gpu_memory"], "values": [{"value": 3.417469024658203, "step": null, "ts": 1659565512.904949}]}, "version": 84}
{"obj": {"type": "LogStrings", "path": ["monitoring", "stderr"], "values": [{"value": "127.0.0.1 - - [03/Aug/2022 22:25:17] \"", "step": null, "ts": 1659565517.8015635}]}, "version": 85}
{"obj": {"type": "LogStrings", "path": ["monitoring", "stderr"], "values": [{"value": "GET /predict HTTP/1.1", "step": null, "ts": 1659565517.8015635}]}, "version": 86}
{"obj": {"type": "LogStrings", "path": ["monitoring", "stderr"], "values": [{"value": "\" 500 -\n", "step": null, "ts": 1659565517.8015635}]}, "version": 87}
{"obj": {"type": "LogStrings", "path": ["monitoring", "stderr"], "values": [{"value": "Traceback (most recent call last):\n  File \"C:\\Users\\Hyacinth\\anaconda3\\envs\\tensorflow\\lib\\site-packages\\flask\\app.py\", line 2486, in __call__\n    return self.wsgi_app(environ, start_response)\n  File \"C:\\Users\\Hyacinth\\anaconda3\\envs\\tensorflow\\lib\\site-packages\\flask\\app.py\", line 2466, in wsgi_app\n    response = self.handle_exception(e)\n  File \"C:\\Users\\Hyacinth\\anaconda3\\envs\\tensorflow\\lib\\site-packages\\flask\\app.py\", line 2463, in wsgi_app\n    response = self.full_dispatch_request()\n  File \"C:\\Users\\Hyacinth\\anaconda3\\envs\\tensorflow\\lib\\site-packages\\flask\\app.py\", line 1760, in full_dispatch_request\n    rv = self.handle_user_exception(e)\n  File \"C:\\Users\\Hyacinth\\anaconda3\\envs\\tensorflow\\lib\\site-packages\\flask\\app.py\", line 1758, in full_dispatch_request\n    rv = self.dispatch_request()\n  File \"C:\\Users\\Hyacinth\\anaconda3\\envs\\tensorflow\\lib\\site-packages\\flask\\app.py\", line 1734, in dispatch_request\n    return self.ensure_sync(self.view_functions[rule.endpoint])(**view_args)\n", "step": null, "ts": 1659565517.8171751}]}, "version": 88}
{"obj": {"type": "LogFloats", "path": ["monitoring", "cpu"], "values": [{"value": 43.3, "step": null, "ts": 1659565522.9214168}]}, "version": 89}
{"obj": {"type": "LogFloats", "path": ["monitoring", "memory"], "values": [{"value": 18.736709594726562, "step": null, "ts": 1659565522.9214168}]}, "version": 90}
{"obj": {"type": "LogFloats", "path": ["monitoring", "gpu_memory"], "values": [{"value": 3.419178009033203, "step": null, "ts": 1659565522.9214168}]}, "version": 91}
{"obj": {"type": "LogStrings", "path": ["monitoring", "stderr"], "values": [{"value": "127.0.0.1 - - [03/Aug/2022 22:25:31] \"", "step": null, "ts": 1659565531.569088}]}, "version": 92}
{"obj": {"type": "LogStrings", "path": ["monitoring", "stderr"], "values": [{"value": "GET /predict HTTP/1.1", "step": null, "ts": 1659565531.569088}]}, "version": 93}
{"obj": {"type": "LogStrings", "path": ["monitoring", "stderr"], "values": [{"value": "\" 500 -\n", "step": null, "ts": 1659565531.5700903}]}, "version": 94}
{"obj": {"type": "LogStrings", "path": ["monitoring", "stderr"], "values": [{"value": "Traceback (most recent call last):\n  File \"C:\\Users\\Hyacinth\\anaconda3\\envs\\tensorflow\\lib\\site-packages\\flask\\app.py\", line 2486, in __call__\n    return self.wsgi_app(environ, start_response)\n  File \"C:\\Users\\Hyacinth\\anaconda3\\envs\\tensorflow\\lib\\site-packages\\flask\\app.py\", line 2466, in wsgi_app\n    response = self.handle_exception(e)\n  File \"C:\\Users\\Hyacinth\\anaconda3\\envs\\tensorflow\\lib\\site-packages\\flask\\app.py\", line 2463, in wsgi_app\n    response = self.full_dispatch_request()\n  File \"C:\\Users\\Hyacinth\\anaconda3\\envs\\tensorflow\\lib\\site-packages\\flask\\app.py\", line 1760, in full_dispatch_request\n    rv = self.handle_user_exception(e)\n  File \"C:\\Users\\Hyacinth\\anaconda3\\envs\\tensorflow\\lib\\site-packages\\flask\\app.py\", line 1758, in full_dispatch_request\n    rv = self.dispatch_request()\n  File \"C:\\Users\\Hyacinth\\anaconda3\\envs\\tensorflow\\lib\\site-packages\\flask\\app.py\", line 1734, in dispatch_request\n    return self.ensure_sync(self.view_functions[rule.endpoint])(**view_args)\n", "step": null, "ts": 1659565531.5740917}]}, "version": 95}
{"obj": {"type": "LogFloats", "path": ["monitoring", "cpu"], "values": [{"value": 43.9, "step": null, "ts": 1659565532.9385676}]}, "version": 96}
{"obj": {"type": "LogFloats", "path": ["monitoring", "memory"], "values": [{"value": 18.722755432128906, "step": null, "ts": 1659565532.9385676}]}, "version": 97}
{"obj": {"type": "LogFloats", "path": ["monitoring", "gpu"], "values": [{"value": 12.0, "step": null, "ts": 1659565532.9385676}]}, "version": 98}
{"obj": {"type": "LogFloats", "path": ["monitoring", "gpu_memory"], "values": [{"value": 3.440410614013672, "step": null, "ts": 1659565532.9385676}]}, "version": 99}
{"obj": {"type": "LogFloats", "path": ["monitoring", "cpu"], "values": [{"value": 34.9, "step": null, "ts": 1659565542.9551759}]}, "version": 100}
{"obj": {"type": "LogFloats", "path": ["monitoring", "memory"], "values": [{"value": 18.669986724853516, "step": null, "ts": 1659565542.9551759}]}, "version": 101}
{"obj": {"type": "LogFloats", "path": ["monitoring", "gpu_memory"], "values": [{"value": 3.4063453674316406, "step": null, "ts": 1659565542.9551759}]}, "version": 102}
{"obj": {"type": "LogFloats", "path": ["monitoring", "cpu"], "values": [{"value": 31.5, "step": null, "ts": 1659565552.971186}]}, "version": 103}
{"obj": {"type": "LogFloats", "path": ["monitoring", "memory"], "values": [{"value": 18.67205047607422, "step": null, "ts": 1659565552.971186}]}, "version": 104}
{"obj": {"type": "LogFloats", "path": ["monitoring", "gpu"], "values": [{"value": 15.0, "step": null, "ts": 1659565552.971186}]}, "version": 105}
{"obj": {"type": "LogFloats", "path": ["monitoring", "gpu_memory"], "values": [{"value": 3.3999366760253906, "step": null, "ts": 1659565552.971186}]}, "version": 106}
{"obj": {"type": "LogFloats", "path": ["monitoring", "cpu"], "values": [{"value": 39.0, "step": null, "ts": 1659565562.985365}]}, "version": 107}
{"obj": {"type": "LogFloats", "path": ["monitoring", "memory"], "values": [{"value": 18.692638397216797, "step": null, "ts": 1659565562.985365}]}, "version": 108}
{"obj": {"type": "LogFloats", "path": ["monitoring", "gpu"], "values": [{"value": 1.0, "step": null, "ts": 1659565562.985365}]}, "version": 109}
{"obj": {"type": "LogFloats", "path": ["monitoring", "gpu_memory"], "values": [{"value": 3.410564422607422, "step": null, "ts": 1659565562.985365}]}, "version": 110}
{"obj": {"type": "LogFloats", "path": ["monitoring", "cpu"], "values": [{"value": 43.8, "step": null, "ts": 1659565572.9921644}]}, "version": 111}
{"obj": {"type": "LogFloats", "path": ["monitoring", "memory"], "values": [{"value": 18.543609619140625, "step": null, "ts": 1659565572.9921644}]}, "version": 112}
{"obj": {"type": "LogFloats", "path": ["monitoring", "gpu"], "values": [{"value": 10.0, "step": null, "ts": 1659565572.9921644}]}, "version": 113}
{"obj": {"type": "LogFloats", "path": ["monitoring", "gpu_memory"], "values": [{"value": 3.413127899169922, "step": null, "ts": 1659565572.9921644}]}, "version": 114}
{"obj": {"type": "LogStrings", "path": ["monitoring", "stderr"], "values": [{"value": "127.0.0.1 - - [03/Aug/2022 22:26:13] \"", "step": null, "ts": 1659565573.9801533}]}, "version": 115}
{"obj": {"type": "LogStrings", "path": ["monitoring", "stderr"], "values": [{"value": "GET /predict HTTP/1.1", "step": null, "ts": 1659565573.9811532}]}, "version": 116}
{"obj": {"type": "LogStrings", "path": ["monitoring", "stderr"], "values": [{"value": "\" 500 -\n", "step": null, "ts": 1659565573.9811532}]}, "version": 117}
{"obj": {"type": "LogStrings", "path": ["monitoring", "stderr"], "values": [{"value": "Traceback (most recent call last):\n  File \"C:\\Users\\Hyacinth\\anaconda3\\envs\\tensorflow\\lib\\site-packages\\flask\\app.py\", line 2486, in __call__\n    return self.wsgi_app(environ, start_response)\n  File \"C:\\Users\\Hyacinth\\anaconda3\\envs\\tensorflow\\lib\\site-packages\\flask\\app.py\", line 2466, in wsgi_app\n    response = self.handle_exception(e)\n  File \"C:\\Users\\Hyacinth\\anaconda3\\envs\\tensorflow\\lib\\site-packages\\flask\\app.py\", line 2463, in wsgi_app\n    response = self.full_dispatch_request()\n  File \"C:\\Users\\Hyacinth\\anaconda3\\envs\\tensorflow\\lib\\site-packages\\flask\\app.py\", line 1760, in full_dispatch_request\n    rv = self.handle_user_exception(e)\n  File \"C:\\Users\\Hyacinth\\anaconda3\\envs\\tensorflow\\lib\\site-packages\\flask\\app.py\", line 1758, in full_dispatch_request\n    rv = self.dispatch_request()\n  File \"C:\\Users\\Hyacinth\\anaconda3\\envs\\tensorflow\\lib\\site-packages\\flask\\app.py\", line 1734, in dispatch_request\n    return self.ensure_sync(self.view_functions[rule.endpoint])(**view_args)\n", "step": null, "ts": 1659565573.9831524}]}, "version": 118}
{"obj": {"type": "LogStrings", "path": ["monitoring", "stderr"], "values": [{"value": "127.0.0.1 - - [03/Aug/2022 22:26:18] \"", "step": null, "ts": 1659565578.3505013}]}, "version": 119}
{"obj": {"type": "LogStrings", "path": ["monitoring", "stderr"], "values": [{"value": "POST /predict HTTP/1.1", "step": null, "ts": 1659565578.3505013}]}, "version": 120}
{"obj": {"type": "LogStrings", "path": ["monitoring", "stderr"], "values": [{"value": "\" 405 -\n", "step": null, "ts": 1659565578.3515027}]}, "version": 121}
{"obj": {"type": "LogFloats", "path": ["monitoring", "cpu"], "values": [{"value": 38.8, "step": null, "ts": 1659565583.0082648}]}, "version": 122}
{"obj": {"type": "LogFloats", "path": ["monitoring", "memory"], "values": [{"value": 18.559226989746094, "step": null, "ts": 1659565583.0082648}]}, "version": 123}
{"obj": {"type": "LogFloats", "path": ["monitoring", "gpu_memory"], "values": [{"value": 3.419719696044922, "step": null, "ts": 1659565583.0082648}]}, "version": 124}
{"obj": {"type": "LogFloats", "path": ["monitoring", "cpu"], "values": [{"value": 39.7, "step": null, "ts": 1659565593.0265052}]}, "version": 125}
{"obj": {"type": "LogFloats", "path": ["monitoring", "memory"], "values": [{"value": 18.56423568725586, "step": null, "ts": 1659565593.0265052}]}, "version": 126}
{"obj": {"type": "LogFloats", "path": ["monitoring", "gpu"], "values": [{"value": 7.0, "step": null, "ts": 1659565593.0265052}]}, "version": 127}
{"obj": {"type": "LogFloats", "path": ["monitoring", "gpu_memory"], "values": [{"value": 3.423931121826172, "step": null, "ts": 1659565593.0265052}]}, "version": 128}
{"obj": {"type": "LogStrings", "path": ["monitoring", "stdout"], "values": [{"value": "cuda", "step": null, "ts": 1659565599.8610692}]}, "version": 129}
{"obj": {"type": "LogStrings", "path": ["monitoring", "stdout"], "values": [{"value": "\n", "step": null, "ts": 1659565599.8620691}]}, "version": 130}
{"obj": {"type": "LogStrings", "path": ["monitoring", "stderr"], "values": [{"value": "127.0.0.1 - - [03/Aug/2022 22:26:40] \"GET /predict?text=I%20highly%20recommend%20this%20app%20to%20everyone%20trying%20to%20lose%20weight,%20excellent%20app HTTP/1.1\" 200 -\n", "step": null, "ts": 1659565600.278647}]}, "version": 131}
{"obj": {"type": "LogFloats", "path": ["monitoring", "cpu"], "values": [{"value": 52.3, "step": null, "ts": 1659565603.0382192}]}, "version": 132}
{"obj": {"type": "LogFloats", "path": ["monitoring", "memory"], "values": [{"value": 18.623699188232422, "step": null, "ts": 1659565603.0382192}]}, "version": 133}
{"obj": {"type": "LogFloats", "path": ["monitoring", "gpu_memory"], "values": [{"value": 3.430461883544922, "step": null, "ts": 1659565603.0382192}]}, "version": 134}
{"obj": {"type": "LogFloats", "path": ["monitoring", "cpu"], "values": [{"value": 32.4, "step": null, "ts": 1659565613.053279}]}, "version": 135}
{"obj": {"type": "LogFloats", "path": ["monitoring", "memory"], "values": [{"value": 18.53140640258789, "step": null, "ts": 1659565613.053279}]}, "version": 136}
{"obj": {"type": "LogFloats", "path": ["monitoring", "gpu_memory"], "values": [{"value": 3.443828582763672, "step": null, "ts": 1659565613.053279}]}, "version": 137}
{"obj": {"type": "LogStrings", "path": ["monitoring", "stdout"], "values": [{"value": "Shutting down background jobs, please wait a moment...\n", "step": null, "ts": 1659565615.0083253}]}, "version": 138}
