{"obj": {"type": "AssignString", "path": ["sys", "name"], "value": "Untitled"}, "version": 1}
{"obj": {"type": "AssignString", "path": ["sys", "description"], "value": ""}, "version": 2}
{"obj": {"type": "AssignString", "path": ["sys", "hostname"], "value": "DESKTOP-6KTR5KC"}, "version": 3}
{"obj": {"type": "AssignBool", "path": ["sys", "failed"], "value": false}, "version": 4}
{"obj": {"type": "ClearStringLog", "path": ["monitoring", "stdout"]}, "version": 5}
{"obj": {"type": "ClearStringLog", "path": ["monitoring", "stderr"]}, "version": 6}
{"obj": {"type": "AssignString", "path": ["source_code", "entrypoint"], "value": "inference.py"}, "version": 7}
{"obj": {"type": "UploadFileSet", "path": ["source_code", "files"], "file_globs": ["D:\\Portfolio\\Bert based sentiment system\\*.py"], "reset": "False"}, "version": 8}
{"obj": {"type": "ConfigFloatSeries", "path": ["monitoring", "cpu"], "min": 0.0, "max": 100.0, "unit": "%"}, "version": 9}
{"obj": {"type": "ClearFloatLog", "path": ["monitoring", "cpu"]}, "version": 10}
{"obj": {"type": "ConfigFloatSeries", "path": ["monitoring", "memory"], "min": 0.0, "max": 23.94460678100586, "unit": "GB"}, "version": 11}
{"obj": {"type": "ClearFloatLog", "path": ["monitoring", "memory"]}, "version": 12}
{"obj": {"type": "ConfigFloatSeries", "path": ["monitoring", "gpu"], "min": 0.0, "max": 100.0, "unit": "%"}, "version": 13}
{"obj": {"type": "ClearFloatLog", "path": ["monitoring", "gpu"]}, "version": 14}
{"obj": {"type": "ConfigFloatSeries", "path": ["monitoring", "gpu_memory"], "min": 0.0, "max": 12.0, "unit": "GB"}, "version": 15}
{"obj": {"type": "ClearFloatLog", "path": ["monitoring", "gpu_memory"]}, "version": 16}
{"obj": {"type": "AssignFloat", "path": ["config", "hyperparameters", "lr"], "value": 0.01}, "version": 17}
{"obj": {"type": "AssignInt", "path": ["config", "hyperparameters", "bs"], "value": 32}, "version": 18}
{"obj": {"type": "AssignInt", "path": ["config", "hyperparameters", "H"], "value": 64}, "version": 19}
{"obj": {"type": "AssignInt", "path": ["config", "hyperparameters", "n_classes"], "value": 2}, "version": 20}
{"obj": {"type": "AssignString", "path": ["config", "hyperparameters", "model_filename"], "value": "bertclassifier"}, "version": 21}
{"obj": {"type": "AssignString", "path": ["config", "hyperparameters", "device"], "value": "cuda:0"}, "version": 22}
{"obj": {"type": "AssignString", "path": ["config", "criterion"], "value": "CrossEntropyLoss"}, "version": 23}
{"obj": {"type": "LogFloats", "path": ["monitoring", "cpu"], "values": [{"value": 16.4, "step": null, "ts": 1659480243.8514063}]}, "version": 24}
{"obj": {"type": "LogFloats", "path": ["monitoring", "memory"], "values": [{"value": 10.167076110839844, "step": null, "ts": 1659480243.8514063}]}, "version": 25}
{"obj": {"type": "LogFloats", "path": ["monitoring", "gpu_memory"], "values": [{"value": 2.8898353576660156, "step": null, "ts": 1659480243.8514063}]}, "version": 26}
{"obj": {"type": "LogStrings", "path": ["monitoring", "stderr"], "values": [{"value": " * Running on all addresses (0.0.0.0)\n   WARNING: This is a development server. Do not use it in a production deployment.\n * Running on http://127.0.0.1:5000\n * Running on http://192.168.100.43:5000 (Press CTRL+C to quit)\n", "step": null, "ts": 1659480243.874042}]}, "version": 27}
{"obj": {"type": "LogStrings", "path": ["monitoring", "stderr"], "values": [{"value": " * Restarting with stat\n", "step": null, "ts": 1659480243.878031}]}, "version": 28}
{"obj": {"type": "LogFloats", "path": ["monitoring", "cpu"], "values": [{"value": 49.0, "step": null, "ts": 1659480253.866253}]}, "version": 29}
{"obj": {"type": "LogFloats", "path": ["monitoring", "memory"], "values": [{"value": 10.616474151611328, "step": null, "ts": 1659480253.866253}]}, "version": 30}
{"obj": {"type": "LogFloats", "path": ["monitoring", "gpu_memory"], "values": [{"value": 2.8964881896972656, "step": null, "ts": 1659480253.866253}]}, "version": 31}
{"obj": {"type": "LogFloats", "path": ["monitoring", "cpu"], "values": [{"value": 29.5, "step": null, "ts": 1659480263.8904328}]}, "version": 32}
{"obj": {"type": "LogFloats", "path": ["monitoring", "memory"], "values": [{"value": 10.67281723022461, "step": null, "ts": 1659480263.8904328}]}, "version": 33}
{"obj": {"type": "LogFloats", "path": ["monitoring", "gpu"], "values": [{"value": 1.0, "step": null, "ts": 1659480263.8904328}]}, "version": 34}
{"obj": {"type": "LogFloats", "path": ["monitoring", "gpu_memory"], "values": [{"value": 2.9039344787597656, "step": null, "ts": 1659480263.8904328}]}, "version": 35}
{"obj": {"type": "LogFloats", "path": ["monitoring", "cpu"], "values": [{"value": 17.3, "step": null, "ts": 1659480273.918105}]}, "version": 36}
{"obj": {"type": "LogFloats", "path": ["monitoring", "memory"], "values": [{"value": 10.665489196777344, "step": null, "ts": 1659480273.918105}]}, "version": 37}
{"obj": {"type": "LogFloats", "path": ["monitoring", "gpu"], "values": [{"value": 2.0, "step": null, "ts": 1659480273.918105}]}, "version": 38}
{"obj": {"type": "LogFloats", "path": ["monitoring", "gpu_memory"], "values": [{"value": 2.9049720764160156, "step": null, "ts": 1659480273.918105}]}, "version": 39}
{"obj": {"type": "LogFloats", "path": ["monitoring", "cpu"], "values": [{"value": 16.0, "step": null, "ts": 1659480283.941406}]}, "version": 40}
{"obj": {"type": "LogFloats", "path": ["monitoring", "memory"], "values": [{"value": 10.70797348022461, "step": null, "ts": 1659480283.941406}]}, "version": 41}
{"obj": {"type": "LogFloats", "path": ["monitoring", "gpu"], "values": [{"value": 3.0, "step": null, "ts": 1659480283.941406}]}, "version": 42}
{"obj": {"type": "LogFloats", "path": ["monitoring", "gpu_memory"], "values": [{"value": 2.921009063720703, "step": null, "ts": 1659480283.941406}]}, "version": 43}
{"obj": {"type": "LogFloats", "path": ["monitoring", "cpu"], "values": [{"value": 14.7, "step": null, "ts": 1659480293.9570003}]}, "version": 44}
{"obj": {"type": "LogFloats", "path": ["monitoring", "memory"], "values": [{"value": 10.637828826904297, "step": null, "ts": 1659480293.9570003}]}, "version": 45}
{"obj": {"type": "LogFloats", "path": ["monitoring", "gpu_memory"], "values": [{"value": 2.887592315673828, "step": null, "ts": 1659480293.9570003}]}, "version": 46}
{"obj": {"type": "LogFloats", "path": ["monitoring", "cpu"], "values": [{"value": 5.6, "step": null, "ts": 1659480303.9858875}]}, "version": 47}
{"obj": {"type": "LogFloats", "path": ["monitoring", "memory"], "values": [{"value": 10.624801635742188, "step": null, "ts": 1659480303.9858875}]}, "version": 48}
{"obj": {"type": "LogFloats", "path": ["monitoring", "gpu_memory"], "values": [{"value": 2.887592315673828, "step": null, "ts": 1659480303.9858875}]}, "version": 49}
{"obj": {"type": "LogFloats", "path": ["monitoring", "cpu"], "values": [{"value": 5.7, "step": null, "ts": 1659480314.0147808}]}, "version": 50}
{"obj": {"type": "LogFloats", "path": ["monitoring", "memory"], "values": [{"value": 10.623390197753906, "step": null, "ts": 1659480314.0147808}]}, "version": 51}
{"obj": {"type": "LogFloats", "path": ["monitoring", "gpu_memory"], "values": [{"value": 2.887592315673828, "step": null, "ts": 1659480314.0147808}]}, "version": 52}
{"obj": {"type": "LogFloats", "path": ["monitoring", "cpu"], "values": [{"value": 5.8, "step": null, "ts": 1659480324.0436814}]}, "version": 53}
{"obj": {"type": "LogFloats", "path": ["monitoring", "memory"], "values": [{"value": 10.621925354003906, "step": null, "ts": 1659480324.0436814}]}, "version": 54}
{"obj": {"type": "LogFloats", "path": ["monitoring", "gpu_memory"], "values": [{"value": 2.887592315673828, "step": null, "ts": 1659480324.0436814}]}, "version": 55}
{"obj": {"type": "LogFloats", "path": ["monitoring", "cpu"], "values": [{"value": 5.9, "step": null, "ts": 1659480334.0725756}]}, "version": 56}
{"obj": {"type": "LogFloats", "path": ["monitoring", "memory"], "values": [{"value": 10.62033462524414, "step": null, "ts": 1659480334.0725756}]}, "version": 57}
{"obj": {"type": "LogFloats", "path": ["monitoring", "gpu_memory"], "values": [{"value": 2.887592315673828, "step": null, "ts": 1659480334.0725756}]}, "version": 58}
{"obj": {"type": "LogFloats", "path": ["monitoring", "cpu"], "values": [{"value": 5.6, "step": null, "ts": 1659480344.1014698}]}, "version": 59}
{"obj": {"type": "LogFloats", "path": ["monitoring", "memory"], "values": [{"value": 10.619384765625, "step": null, "ts": 1659480344.1014698}]}, "version": 60}
{"obj": {"type": "LogFloats", "path": ["monitoring", "gpu_memory"], "values": [{"value": 2.887592315673828, "step": null, "ts": 1659480344.1014698}]}, "version": 61}
{"obj": {"type": "LogFloats", "path": ["monitoring", "cpu"], "values": [{"value": 6.0, "step": null, "ts": 1659480354.1355674}]}, "version": 62}
{"obj": {"type": "LogFloats", "path": ["monitoring", "memory"], "values": [{"value": 10.618595123291016, "step": null, "ts": 1659480354.1355674}]}, "version": 63}
{"obj": {"type": "LogFloats", "path": ["monitoring", "gpu_memory"], "values": [{"value": 2.887592315673828, "step": null, "ts": 1659480354.1355674}]}, "version": 64}
{"obj": {"type": "LogFloats", "path": ["monitoring", "cpu"], "values": [{"value": 5.0, "step": null, "ts": 1659480364.1488264}]}, "version": 65}
{"obj": {"type": "LogFloats", "path": ["monitoring", "memory"], "values": [{"value": 10.619159698486328, "step": null, "ts": 1659480364.1488264}]}, "version": 66}
{"obj": {"type": "LogFloats", "path": ["monitoring", "gpu_memory"], "values": [{"value": 2.887592315673828, "step": null, "ts": 1659480364.1488264}]}, "version": 67}
{"obj": {"type": "LogFloats", "path": ["monitoring", "cpu"], "values": [{"value": 5.2, "step": null, "ts": 1659480374.1734126}]}, "version": 68}
{"obj": {"type": "LogFloats", "path": ["monitoring", "memory"], "values": [{"value": 10.62005615234375, "step": null, "ts": 1659480374.1734126}]}, "version": 69}
{"obj": {"type": "LogFloats", "path": ["monitoring", "gpu_memory"], "values": [{"value": 2.887592315673828, "step": null, "ts": 1659480374.1734126}]}, "version": 70}
{"obj": {"type": "LogFloats", "path": ["monitoring", "cpu"], "values": [{"value": 5.8, "step": null, "ts": 1659480384.202467}]}, "version": 71}
{"obj": {"type": "LogFloats", "path": ["monitoring", "memory"], "values": [{"value": 10.619651794433594, "step": null, "ts": 1659480384.202467}]}, "version": 72}
{"obj": {"type": "LogFloats", "path": ["monitoring", "gpu_memory"], "values": [{"value": 2.887592315673828, "step": null, "ts": 1659480384.202467}]}, "version": 73}
{"obj": {"type": "LogFloats", "path": ["monitoring", "cpu"], "values": [{"value": 5.1, "step": null, "ts": 1659480394.231362}]}, "version": 74}
{"obj": {"type": "LogFloats", "path": ["monitoring", "memory"], "values": [{"value": 10.61492919921875, "step": null, "ts": 1659480394.231362}]}, "version": 75}
{"obj": {"type": "LogFloats", "path": ["monitoring", "gpu_memory"], "values": [{"value": 2.887592315673828, "step": null, "ts": 1659480394.231362}]}, "version": 76}
{"obj": {"type": "LogFloats", "path": ["monitoring", "cpu"], "values": [{"value": 4.7, "step": null, "ts": 1659480404.255698}]}, "version": 77}
{"obj": {"type": "LogFloats", "path": ["monitoring", "memory"], "values": [{"value": 10.612308502197266, "step": null, "ts": 1659480404.255698}]}, "version": 78}
{"obj": {"type": "LogFloats", "path": ["monitoring", "gpu_memory"], "values": [{"value": 2.887592315673828, "step": null, "ts": 1659480404.255698}]}, "version": 79}
{"obj": {"type": "LogFloats", "path": ["monitoring", "cpu"], "values": [{"value": 10.6, "step": null, "ts": 1659480414.2764864}]}, "version": 80}
{"obj": {"type": "LogFloats", "path": ["monitoring", "memory"], "values": [{"value": 10.636150360107422, "step": null, "ts": 1659480414.2764864}]}, "version": 81}
{"obj": {"type": "LogFloats", "path": ["monitoring", "gpu_memory"], "values": [{"value": 2.915058135986328, "step": null, "ts": 1659480414.2764864}]}, "version": 82}
{"obj": {"type": "LogStrings", "path": ["monitoring", "stdout"], "values": [{"value": "Shutting down background jobs, please wait a moment...\n", "step": null, "ts": 1659480417.3188932}]}, "version": 83}
