{"obj": {"type": "AssignString", "path": ["sys", "name"], "value": "Untitled"}, "version": 1}
{"obj": {"type": "AssignString", "path": ["sys", "description"], "value": ""}, "version": 2}
{"obj": {"type": "AssignString", "path": ["sys", "hostname"], "value": "DESKTOP-6KTR5KC"}, "version": 3}
{"obj": {"type": "AssignBool", "path": ["sys", "failed"], "value": false}, "version": 4}
{"obj": {"type": "ClearStringLog", "path": ["monitoring", "stdout"]}, "version": 5}
{"obj": {"type": "ClearStringLog", "path": ["monitoring", "stderr"]}, "version": 6}
{"obj": {"type": "AssignString", "path": ["source_code", "entrypoint"], "value": "inference.py"}, "version": 7}
{"obj": {"type": "UploadFileSet", "path": ["source_code", "files"], "file_globs": ["D:\\Portfolio\\Bert based sentiment system\\*.py"], "reset": "False"}, "version": 8}
{"obj": {"type": "ConfigFloatSeries", "path": ["monitoring", "cpu"], "min": 0.0, "max": 100.0, "unit": "%"}, "version": 9}
{"obj": {"type": "ClearFloatLog", "path": ["monitoring", "cpu"]}, "version": 10}
{"obj": {"type": "ConfigFloatSeries", "path": ["monitoring", "memory"], "min": 0.0, "max": 23.94460678100586, "unit": "GB"}, "version": 11}
{"obj": {"type": "ClearFloatLog", "path": ["monitoring", "memory"]}, "version": 12}
{"obj": {"type": "ConfigFloatSeries", "path": ["monitoring", "gpu"], "min": 0.0, "max": 100.0, "unit": "%"}, "version": 13}
{"obj": {"type": "ClearFloatLog", "path": ["monitoring", "gpu"]}, "version": 14}
{"obj": {"type": "ConfigFloatSeries", "path": ["monitoring", "gpu_memory"], "min": 0.0, "max": 12.0, "unit": "GB"}, "version": 15}
{"obj": {"type": "ClearFloatLog", "path": ["monitoring", "gpu_memory"]}, "version": 16}
{"obj": {"type": "AssignFloat", "path": ["config", "hyperparameters", "lr"], "value": 0.01}, "version": 17}
{"obj": {"type": "AssignInt", "path": ["config", "hyperparameters", "bs"], "value": 32}, "version": 18}
{"obj": {"type": "AssignInt", "path": ["config", "hyperparameters", "H"], "value": 64}, "version": 19}
{"obj": {"type": "AssignInt", "path": ["config", "hyperparameters", "n_classes"], "value": 2}, "version": 20}
{"obj": {"type": "AssignString", "path": ["config", "hyperparameters", "model_filename"], "value": "bertclassifier"}, "version": 21}
{"obj": {"type": "AssignString", "path": ["config", "hyperparameters", "device"], "value": "cuda:0"}, "version": 22}
{"obj": {"type": "AssignString", "path": ["config", "criterion"], "value": "CrossEntropyLoss"}, "version": 23}
{"obj": {"type": "LogFloats", "path": ["monitoring", "cpu"], "values": [{"value": 20.0, "step": null, "ts": 1659525876.7676768}]}, "version": 24}
{"obj": {"type": "LogFloats", "path": ["monitoring", "memory"], "values": [{"value": 7.109142303466797, "step": null, "ts": 1659525876.7676768}]}, "version": 25}
{"obj": {"type": "LogFloats", "path": ["monitoring", "gpu_memory"], "values": [{"value": 1.1101875305175781, "step": null, "ts": 1659525876.7676768}]}, "version": 26}
{"obj": {"type": "LogStrings", "path": ["monitoring", "stderr"], "values": [{"value": " * Running on all addresses (0.0.0.0)\n   WARNING: This is a development server. Do not use it in a production deployment.\n * Running on http://127.0.0.1:5000\n * Running on http://192.168.100.43:5000 (Press CTRL+C to quit)\n", "step": null, "ts": 1659525876.7906184}]}, "version": 27}
{"obj": {"type": "LogStrings", "path": ["monitoring", "stderr"], "values": [{"value": " * Restarting with stat\n", "step": null, "ts": 1659525876.795603}]}, "version": 28}
{"obj": {"type": "LogFloats", "path": ["monitoring", "cpu"], "values": [{"value": 72.0, "step": null, "ts": 1659525886.7922542}]}, "version": 29}
{"obj": {"type": "LogFloats", "path": ["monitoring", "memory"], "values": [{"value": 7.600536346435547, "step": null, "ts": 1659525886.7922542}]}, "version": 30}
{"obj": {"type": "LogFloats", "path": ["monitoring", "gpu"], "values": [{"value": 7.0, "step": null, "ts": 1659525886.7922542}]}, "version": 31}
{"obj": {"type": "LogFloats", "path": ["monitoring", "gpu_memory"], "values": [{"value": 1.1298408508300781, "step": null, "ts": 1659525886.7922542}]}, "version": 32}
{"obj": {"type": "LogFloats", "path": ["monitoring", "cpu"], "values": [{"value": 38.2, "step": null, "ts": 1659525896.8100288}]}, "version": 33}
{"obj": {"type": "LogFloats", "path": ["monitoring", "memory"], "values": [{"value": 7.694919586181641, "step": null, "ts": 1659525896.8100288}]}, "version": 34}
{"obj": {"type": "LogFloats", "path": ["monitoring", "gpu"], "values": [{"value": 7.0, "step": null, "ts": 1659525896.8100288}]}, "version": 35}
{"obj": {"type": "LogFloats", "path": ["monitoring", "gpu_memory"], "values": [{"value": 1.1382637023925781, "step": null, "ts": 1659525896.8100288}]}, "version": 36}
{"obj": {"type": "LogFloats", "path": ["monitoring", "cpu"], "values": [{"value": 30.9, "step": null, "ts": 1659525906.8300557}]}, "version": 37}
{"obj": {"type": "LogFloats", "path": ["monitoring", "memory"], "values": [{"value": 7.654701232910156, "step": null, "ts": 1659525906.8300557}]}, "version": 38}
{"obj": {"type": "LogFloats", "path": ["monitoring", "gpu_memory"], "values": [{"value": 1.0100288391113281, "step": null, "ts": 1659525906.8300557}]}, "version": 39}
{"obj": {"type": "LogFloats", "path": ["monitoring", "cpu"], "values": [{"value": 20.5, "step": null, "ts": 1659525916.8520033}]}, "version": 40}
{"obj": {"type": "LogFloats", "path": ["monitoring", "memory"], "values": [{"value": 8.414005279541016, "step": null, "ts": 1659525916.8520033}]}, "version": 41}
{"obj": {"type": "LogFloats", "path": ["monitoring", "gpu_memory"], "values": [{"value": 1.0228462219238281, "step": null, "ts": 1659525916.8520033}]}, "version": 42}
{"obj": {"type": "LogFloats", "path": ["monitoring", "cpu"], "values": [{"value": 28.0, "step": null, "ts": 1659525926.8627722}]}, "version": 43}
{"obj": {"type": "LogFloats", "path": ["monitoring", "memory"], "values": [{"value": 8.05242919921875, "step": null, "ts": 1659525926.8627722}]}, "version": 44}
{"obj": {"type": "LogFloats", "path": ["monitoring", "gpu_memory"], "values": [{"value": 1.5804901123046875, "step": null, "ts": 1659525926.8627722}]}, "version": 45}
{"obj": {"type": "LogFloats", "path": ["monitoring", "cpu"], "values": [{"value": 14.8, "step": null, "ts": 1659525936.8968744}]}, "version": 46}
{"obj": {"type": "LogFloats", "path": ["monitoring", "memory"], "values": [{"value": 8.046310424804688, "step": null, "ts": 1659525936.8968744}]}, "version": 47}
{"obj": {"type": "LogFloats", "path": ["monitoring", "gpu_memory"], "values": [{"value": 1.5872039794921875, "step": null, "ts": 1659525936.8968744}]}, "version": 48}
{"obj": {"type": "LogFloats", "path": ["monitoring", "cpu"], "values": [{"value": 18.3, "step": null, "ts": 1659525946.9302378}]}, "version": 49}
{"obj": {"type": "LogFloats", "path": ["monitoring", "memory"], "values": [{"value": 8.036979675292969, "step": null, "ts": 1659525946.9302378}]}, "version": 50}
{"obj": {"type": "LogFloats", "path": ["monitoring", "gpu"], "values": [{"value": 1.0, "step": null, "ts": 1659525946.9302378}]}, "version": 51}
{"obj": {"type": "LogFloats", "path": ["monitoring", "gpu_memory"], "values": [{"value": 1.6140594482421875, "step": null, "ts": 1659525946.9302378}]}, "version": 52}
{"obj": {"type": "LogStrings", "path": ["monitoring", "stderr"], "values": [{"value": " * Restarting with stat\n", "step": null, "ts": 1659525951.8288577}]}, "version": 53}
{"obj": {"type": "LogFloats", "path": ["monitoring", "cpu"], "values": [{"value": 50.3, "step": null, "ts": 1659525956.9549236}]}, "version": 54}
{"obj": {"type": "LogFloats", "path": ["monitoring", "memory"], "values": [{"value": 7.428565979003906, "step": null, "ts": 1659525956.9549236}]}, "version": 55}
{"obj": {"type": "LogFloats", "path": ["monitoring", "gpu"], "values": [{"value": 7.0, "step": null, "ts": 1659525956.9549236}]}, "version": 56}
{"obj": {"type": "LogFloats", "path": ["monitoring", "gpu_memory"], "values": [{"value": 1.0681343078613281, "step": null, "ts": 1659525956.9549236}]}, "version": 57}
{"obj": {"type": "LogFloats", "path": ["monitoring", "cpu"], "values": [{"value": 32.2, "step": null, "ts": 1659525966.9720285}]}, "version": 58}
{"obj": {"type": "LogFloats", "path": ["monitoring", "memory"], "values": [{"value": 7.524589538574219, "step": null, "ts": 1659525966.9720285}]}, "version": 59}
{"obj": {"type": "LogFloats", "path": ["monitoring", "gpu_memory"], "values": [{"value": 1.0715522766113281, "step": null, "ts": 1659525966.9720285}]}, "version": 60}
{"obj": {"type": "LogStrings", "path": ["monitoring", "stderr"], "values": [{"value": " * Restarting with stat\n", "step": null, "ts": 1659525974.6501446}]}, "version": 61}
{"obj": {"type": "LogFloats", "path": ["monitoring", "cpu"], "values": [{"value": 66.8, "step": null, "ts": 1659525976.996053}]}, "version": 62}
{"obj": {"type": "LogFloats", "path": ["monitoring", "memory"], "values": [{"value": 7.372241973876953, "step": null, "ts": 1659525976.996053}]}, "version": 63}
{"obj": {"type": "LogFloats", "path": ["monitoring", "gpu"], "values": [{"value": 7.0, "step": null, "ts": 1659525976.996053}]}, "version": 64}
{"obj": {"type": "LogFloats", "path": ["monitoring", "gpu_memory"], "values": [{"value": 1.0877876281738281, "step": null, "ts": 1659525976.996053}]}, "version": 65}
{"obj": {"type": "LogFloats", "path": ["monitoring", "cpu"], "values": [{"value": 52.4, "step": null, "ts": 1659525987.0050297}]}, "version": 66}
{"obj": {"type": "LogFloats", "path": ["monitoring", "memory"], "values": [{"value": 7.6075286865234375, "step": null, "ts": 1659525987.0050297}]}, "version": 67}
{"obj": {"type": "LogFloats", "path": ["monitoring", "gpu_memory"], "values": [{"value": 1.0267524719238281, "step": null, "ts": 1659525987.0050297}]}, "version": 68}
{"obj": {"type": "LogFloats", "path": ["monitoring", "cpu"], "values": [{"value": 42.8, "step": null, "ts": 1659525997.0415509}]}, "version": 69}
{"obj": {"type": "LogFloats", "path": ["monitoring", "memory"], "values": [{"value": 7.724620819091797, "step": null, "ts": 1659525997.0415509}]}, "version": 70}
{"obj": {"type": "LogFloats", "path": ["monitoring", "gpu"], "values": [{"value": 7.0, "step": null, "ts": 1659525997.0415509}]}, "version": 71}
{"obj": {"type": "LogFloats", "path": ["monitoring", "gpu_memory"], "values": [{"value": 1.0311470031738281, "step": null, "ts": 1659525997.0415509}]}, "version": 72}
{"obj": {"type": "LogFloats", "path": ["monitoring", "cpu"], "values": [{"value": 25.9, "step": null, "ts": 1659526007.0562646}]}, "version": 73}
{"obj": {"type": "LogFloats", "path": ["monitoring", "memory"], "values": [{"value": 7.683990478515625, "step": null, "ts": 1659526007.0562646}]}, "version": 74}
{"obj": {"type": "LogFloats", "path": ["monitoring", "gpu_memory"], "values": [{"value": 1.0255317687988281, "step": null, "ts": 1659526007.0562646}]}, "version": 75}
{"obj": {"type": "LogFloats", "path": ["monitoring", "cpu"], "values": [{"value": 31.4, "step": null, "ts": 1659526017.0906994}]}, "version": 76}
{"obj": {"type": "LogFloats", "path": ["monitoring", "memory"], "values": [{"value": 8.043079376220703, "step": null, "ts": 1659526017.0906994}]}, "version": 77}
{"obj": {"type": "LogFloats", "path": ["monitoring", "gpu"], "values": [{"value": 2.0, "step": null, "ts": 1659526017.0906994}]}, "version": 78}
{"obj": {"type": "LogFloats", "path": ["monitoring", "gpu_memory"], "values": [{"value": 1.5945281982421875, "step": null, "ts": 1659526017.0906994}]}, "version": 79}
{"obj": {"type": "LogStrings", "path": ["monitoring", "stderr"], "values": [{"value": " * Restarting with stat\n", "step": null, "ts": 1659526022.1108072}]}, "version": 80}
{"obj": {"type": "LogFloats", "path": ["monitoring", "cpu"], "values": [{"value": 44.9, "step": null, "ts": 1659526027.1110713}]}, "version": 81}
{"obj": {"type": "LogFloats", "path": ["monitoring", "memory"], "values": [{"value": 7.410701751708984, "step": null, "ts": 1659526027.1110713}]}, "version": 82}
{"obj": {"type": "LogFloats", "path": ["monitoring", "gpu"], "values": [{"value": 9.0, "step": null, "ts": 1659526027.1110713}]}, "version": 83}
{"obj": {"type": "LogFloats", "path": ["monitoring", "gpu_memory"], "values": [{"value": 1.0486640930175781, "step": null, "ts": 1659526027.1110713}]}, "version": 84}
{"obj": {"type": "LogFloats", "path": ["monitoring", "cpu"], "values": [{"value": 23.7, "step": null, "ts": 1659526037.142983}]}, "version": 85}
{"obj": {"type": "LogFloats", "path": ["monitoring", "memory"], "values": [{"value": 7.534385681152344, "step": null, "ts": 1659526037.142983}]}, "version": 86}
{"obj": {"type": "LogFloats", "path": ["monitoring", "gpu_memory"], "values": [{"value": 1.0456733703613281, "step": null, "ts": 1659526037.142983}]}, "version": 87}
{"obj": {"type": "LogFloats", "path": ["monitoring", "cpu"], "values": [{"value": 59.4, "step": null, "ts": 1659526047.164646}]}, "version": 88}
{"obj": {"type": "LogFloats", "path": ["monitoring", "memory"], "values": [{"value": 8.16522216796875, "step": null, "ts": 1659526047.164646}]}, "version": 89}
{"obj": {"type": "LogFloats", "path": ["monitoring", "gpu"], "values": [{"value": 2.0, "step": null, "ts": 1659526047.164646}]}, "version": 90}
{"obj": {"type": "LogFloats", "path": ["monitoring", "gpu_memory"], "values": [{"value": 1.6159515380859375, "step": null, "ts": 1659526047.164646}]}, "version": 91}
{"obj": {"type": "LogFloats", "path": ["monitoring", "cpu"], "values": [{"value": 18.6, "step": null, "ts": 1659526057.1764495}]}, "version": 92}
{"obj": {"type": "LogFloats", "path": ["monitoring", "memory"], "values": [{"value": 8.107349395751953, "step": null, "ts": 1659526057.1764495}]}, "version": 93}
{"obj": {"type": "LogFloats", "path": ["monitoring", "gpu"], "values": [{"value": 7.0, "step": null, "ts": 1659526057.1764495}]}, "version": 94}
{"obj": {"type": "LogFloats", "path": ["monitoring", "gpu_memory"], "values": [{"value": 1.5516815185546875, "step": null, "ts": 1659526057.1764495}]}, "version": 95}
{"obj": {"type": "LogFloats", "path": ["monitoring", "cpu"], "values": [{"value": 19.7, "step": null, "ts": 1659526067.2049322}]}, "version": 96}
{"obj": {"type": "LogFloats", "path": ["monitoring", "memory"], "values": [{"value": 8.034259796142578, "step": null, "ts": 1659526067.2049322}]}, "version": 97}
{"obj": {"type": "LogFloats", "path": ["monitoring", "gpu"], "values": [{"value": 1.0, "step": null, "ts": 1659526067.2049322}]}, "version": 98}
{"obj": {"type": "LogFloats", "path": ["monitoring", "gpu_memory"], "values": [{"value": 1.5898895263671875, "step": null, "ts": 1659526067.2049322}]}, "version": 99}
{"obj": {"type": "LogFloats", "path": ["monitoring", "cpu"], "values": [{"value": 21.6, "step": null, "ts": 1659526077.2169392}]}, "version": 100}
{"obj": {"type": "LogFloats", "path": ["monitoring", "memory"], "values": [{"value": 8.075416564941406, "step": null, "ts": 1659526077.2169392}]}, "version": 101}
{"obj": {"type": "LogFloats", "path": ["monitoring", "gpu_memory"], "values": [{"value": 1.5947723388671875, "step": null, "ts": 1659526077.2169392}]}, "version": 102}
{"obj": {"type": "LogFloats", "path": ["monitoring", "cpu"], "values": [{"value": 24.9, "step": null, "ts": 1659526087.2518604}]}, "version": 103}
{"obj": {"type": "LogFloats", "path": ["monitoring", "memory"], "values": [{"value": 8.148998260498047, "step": null, "ts": 1659526087.2518604}]}, "version": 104}
{"obj": {"type": "LogFloats", "path": ["monitoring", "gpu"], "values": [{"value": 12.0, "step": null, "ts": 1659526087.2518604}]}, "version": 105}
{"obj": {"type": "LogFloats", "path": ["monitoring", "gpu_memory"], "values": [{"value": 1.6064910888671875, "step": null, "ts": 1659526087.2518604}]}, "version": 106}
{"obj": {"type": "LogFloats", "path": ["monitoring", "cpu"], "values": [{"value": 19.0, "step": null, "ts": 1659526097.2820709}]}, "version": 107}
{"obj": {"type": "LogFloats", "path": ["monitoring", "memory"], "values": [{"value": 8.097480773925781, "step": null, "ts": 1659526097.2820709}]}, "version": 108}
{"obj": {"type": "LogFloats", "path": ["monitoring", "gpu_memory"], "values": [{"value": 1.6124954223632812, "step": null, "ts": 1659526097.2820709}]}, "version": 109}
{"obj": {"type": "LogFloats", "path": ["monitoring", "cpu"], "values": [{"value": 9.0, "step": null, "ts": 1659526107.2953613}]}, "version": 110}
{"obj": {"type": "LogFloats", "path": ["monitoring", "memory"], "values": [{"value": 8.095199584960938, "step": null, "ts": 1659526107.2953613}]}, "version": 111}
{"obj": {"type": "LogFloats", "path": ["monitoring", "gpu_memory"], "values": [{"value": 1.5619583129882812, "step": null, "ts": 1659526107.2953613}]}, "version": 112}
{"obj": {"type": "LogFloats", "path": ["monitoring", "cpu"], "values": [{"value": 12.5, "step": null, "ts": 1659526117.3086436}]}, "version": 113}
{"obj": {"type": "LogFloats", "path": ["monitoring", "memory"], "values": [{"value": 8.100944519042969, "step": null, "ts": 1659526117.3086436}]}, "version": 114}
{"obj": {"type": "LogFloats", "path": ["monitoring", "gpu_memory"], "values": [{"value": 1.5788230895996094, "step": null, "ts": 1659526117.3086436}]}, "version": 115}
{"obj": {"type": "LogFloats", "path": ["monitoring", "cpu"], "values": [{"value": 20.5, "step": null, "ts": 1659526127.3409114}]}, "version": 116}
{"obj": {"type": "LogFloats", "path": ["monitoring", "memory"], "values": [{"value": 8.235214233398438, "step": null, "ts": 1659526127.3409114}]}, "version": 117}
{"obj": {"type": "LogFloats", "path": ["monitoring", "gpu_memory"], "values": [{"value": 1.5811729431152344, "step": null, "ts": 1659526127.3409114}]}, "version": 118}
{"obj": {"type": "LogFloats", "path": ["monitoring", "cpu"], "values": [{"value": 22.9, "step": null, "ts": 1659526137.3649206}]}, "version": 119}
{"obj": {"type": "LogFloats", "path": ["monitoring", "memory"], "values": [{"value": 8.342628479003906, "step": null, "ts": 1659526137.3649206}]}, "version": 120}
{"obj": {"type": "LogFloats", "path": ["monitoring", "gpu"], "values": [{"value": 4.0, "step": null, "ts": 1659526137.3649206}]}, "version": 121}
{"obj": {"type": "LogFloats", "path": ["monitoring", "gpu_memory"], "values": [{"value": 1.6053504943847656, "step": null, "ts": 1659526137.3649206}]}, "version": 122}
{"obj": {"type": "LogFloats", "path": ["monitoring", "cpu"], "values": [{"value": 17.8, "step": null, "ts": 1659526147.3725429}]}, "version": 123}
{"obj": {"type": "LogFloats", "path": ["monitoring", "memory"], "values": [{"value": 8.397552490234375, "step": null, "ts": 1659526147.3725429}]}, "version": 124}
{"obj": {"type": "LogFloats", "path": ["monitoring", "gpu"], "values": [{"value": 1.0, "step": null, "ts": 1659526147.3725429}]}, "version": 125}
{"obj": {"type": "LogFloats", "path": ["monitoring", "gpu_memory"], "values": [{"value": 1.5669593811035156, "step": null, "ts": 1659526147.3725429}]}, "version": 126}
{"obj": {"type": "LogFloats", "path": ["monitoring", "cpu"], "values": [{"value": 26.4, "step": null, "ts": 1659526157.4061677}]}, "version": 127}
{"obj": {"type": "LogFloats", "path": ["monitoring", "memory"], "values": [{"value": 8.44882583618164, "step": null, "ts": 1659526157.4061677}]}, "version": 128}
{"obj": {"type": "LogFloats", "path": ["monitoring", "gpu"], "values": [{"value": 2.0, "step": null, "ts": 1659526157.4061677}]}, "version": 129}
{"obj": {"type": "LogFloats", "path": ["monitoring", "gpu_memory"], "values": [{"value": 1.6449623107910156, "step": null, "ts": 1659526157.4061677}]}, "version": 130}
{"obj": {"type": "LogFloats", "path": ["monitoring", "cpu"], "values": [{"value": 25.6, "step": null, "ts": 1659526167.4209356}]}, "version": 131}
{"obj": {"type": "LogFloats", "path": ["monitoring", "memory"], "values": [{"value": 8.416671752929688, "step": null, "ts": 1659526167.4209356}]}, "version": 132}
{"obj": {"type": "LogFloats", "path": ["monitoring", "gpu_memory"], "values": [{"value": 1.6186485290527344, "step": null, "ts": 1659526167.4209356}]}, "version": 133}
{"obj": {"type": "LogFloats", "path": ["monitoring", "cpu"], "values": [{"value": 19.8, "step": null, "ts": 1659526177.439018}]}, "version": 134}
{"obj": {"type": "LogFloats", "path": ["monitoring", "memory"], "values": [{"value": 8.370002746582031, "step": null, "ts": 1659526177.439018}]}, "version": 135}
{"obj": {"type": "LogFloats", "path": ["monitoring", "gpu"], "values": [{"value": 7.0, "step": null, "ts": 1659526177.439018}]}, "version": 136}
{"obj": {"type": "LogFloats", "path": ["monitoring", "gpu_memory"], "values": [{"value": 1.6215171813964844, "step": null, "ts": 1659526177.439018}]}, "version": 137}
{"obj": {"type": "LogStrings", "path": ["monitoring", "stderr"], "values": [{"value": " * Restarting with stat\n", "step": null, "ts": 1659526182.3865712}]}, "version": 138}
{"obj": {"type": "LogFloats", "path": ["monitoring", "cpu"], "values": [{"value": 51.2, "step": null, "ts": 1659526187.4728324}]}, "version": 139}
{"obj": {"type": "LogFloats", "path": ["monitoring", "memory"], "values": [{"value": 7.756420135498047, "step": null, "ts": 1659526187.4728324}]}, "version": 140}
{"obj": {"type": "LogFloats", "path": ["monitoring", "gpu"], "values": [{"value": 1.0, "step": null, "ts": 1659526187.4728324}]}, "version": 141}
{"obj": {"type": "LogFloats", "path": ["monitoring", "gpu_memory"], "values": [{"value": 1.073150634765625, "step": null, "ts": 1659526187.4728324}]}, "version": 142}
{"obj": {"type": "LogFloats", "path": ["monitoring", "cpu"], "values": [{"value": 33.0, "step": null, "ts": 1659526197.49131}]}, "version": 143}
{"obj": {"type": "LogFloats", "path": ["monitoring", "memory"], "values": [{"value": 7.859096527099609, "step": null, "ts": 1659526197.49131}]}, "version": 144}
{"obj": {"type": "LogFloats", "path": ["monitoring", "gpu"], "values": [{"value": 19.0, "step": null, "ts": 1659526197.49131}]}, "version": 145}
{"obj": {"type": "LogFloats", "path": ["monitoring", "gpu_memory"], "values": [{"value": 1.088287353515625, "step": null, "ts": 1659526197.49131}]}, "version": 146}
{"obj": {"type": "LogFloats", "path": ["monitoring", "cpu"], "values": [{"value": 61.7, "step": null, "ts": 1659526207.5046382}]}, "version": 147}
{"obj": {"type": "LogFloats", "path": ["monitoring", "memory"], "values": [{"value": 8.49234390258789, "step": null, "ts": 1659526207.5046382}]}, "version": 148}
{"obj": {"type": "LogFloats", "path": ["monitoring", "gpu"], "values": [{"value": 1.0, "step": null, "ts": 1659526207.5046382}]}, "version": 149}
{"obj": {"type": "LogFloats", "path": ["monitoring", "gpu_memory"], "values": [{"value": 1.6530723571777344, "step": null, "ts": 1659526207.5046382}]}, "version": 150}
{"obj": {"type": "LogFloats", "path": ["monitoring", "cpu"], "values": [{"value": 40.1, "step": null, "ts": 1659526217.513193}]}, "version": 151}
{"obj": {"type": "LogFloats", "path": ["monitoring", "memory"], "values": [{"value": 8.465206146240234, "step": null, "ts": 1659526217.513193}]}, "version": 152}
{"obj": {"type": "LogFloats", "path": ["monitoring", "gpu"], "values": [{"value": 2.0, "step": null, "ts": 1659526217.513193}]}, "version": 153}
{"obj": {"type": "LogFloats", "path": ["monitoring", "gpu_memory"], "values": [{"value": 1.6814537048339844, "step": null, "ts": 1659526217.513193}]}, "version": 154}
{"obj": {"type": "LogFloats", "path": ["monitoring", "cpu"], "values": [{"value": 22.9, "step": null, "ts": 1659526227.536004}]}, "version": 155}
{"obj": {"type": "LogFloats", "path": ["monitoring", "memory"], "values": [{"value": 8.433032989501953, "step": null, "ts": 1659526227.536004}]}, "version": 156}
{"obj": {"type": "LogFloats", "path": ["monitoring", "gpu"], "values": [{"value": 6.0, "step": null, "ts": 1659526227.536004}]}, "version": 157}
{"obj": {"type": "LogFloats", "path": ["monitoring", "gpu_memory"], "values": [{"value": 1.6695518493652344, "step": null, "ts": 1659526227.536004}]}, "version": 158}
{"obj": {"type": "LogFloats", "path": ["monitoring", "cpu"], "values": [{"value": 27.6, "step": null, "ts": 1659526237.5595896}]}, "version": 159}
{"obj": {"type": "LogFloats", "path": ["monitoring", "memory"], "values": [{"value": 8.405860900878906, "step": null, "ts": 1659526237.5595896}]}, "version": 160}
{"obj": {"type": "LogFloats", "path": ["monitoring", "gpu"], "values": [{"value": 13.0, "step": null, "ts": 1659526237.5595896}]}, "version": 161}
{"obj": {"type": "LogFloats", "path": ["monitoring", "gpu_memory"], "values": [{"value": 1.5745201110839844, "step": null, "ts": 1659526237.5595896}]}, "version": 162}
{"obj": {"type": "LogStrings", "path": ["monitoring", "stderr"], "values": [{"value": " * Restarting with stat\n", "step": null, "ts": 1659526240.017432}]}, "version": 163}
{"obj": {"type": "LogFloats", "path": ["monitoring", "cpu"], "values": [{"value": 60.0, "step": null, "ts": 1659526247.579236}]}, "version": 164}
{"obj": {"type": "LogFloats", "path": ["monitoring", "memory"], "values": [{"value": 7.86260986328125, "step": null, "ts": 1659526247.579236}]}, "version": 165}
{"obj": {"type": "LogFloats", "path": ["monitoring", "gpu"], "values": [{"value": 8.0, "step": null, "ts": 1659526247.579236}]}, "version": 166}
{"obj": {"type": "LogFloats", "path": ["monitoring", "gpu_memory"], "values": [{"value": 1.044647216796875, "step": null, "ts": 1659526247.579236}]}, "version": 167}
{"obj": {"type": "LogFloats", "path": ["monitoring", "cpu"], "values": [{"value": 43.3, "step": null, "ts": 1659526257.601614}]}, "version": 168}
{"obj": {"type": "LogFloats", "path": ["monitoring", "memory"], "values": [{"value": 7.941226959228516, "step": null, "ts": 1659526257.601614}]}, "version": 169}
{"obj": {"type": "LogFloats", "path": ["monitoring", "gpu"], "values": [{"value": 7.0, "step": null, "ts": 1659526257.601614}]}, "version": 170}
{"obj": {"type": "LogFloats", "path": ["monitoring", "gpu_memory"], "values": [{"value": 1.056610107421875, "step": null, "ts": 1659526257.601614}]}, "version": 171}
{"obj": {"type": "LogFloats", "path": ["monitoring", "cpu"], "values": [{"value": 59.4, "step": null, "ts": 1659526267.6213415}]}, "version": 172}
{"obj": {"type": "LogFloats", "path": ["monitoring", "memory"], "values": [{"value": 8.476348876953125, "step": null, "ts": 1659526267.6213415}]}, "version": 173}
{"obj": {"type": "LogFloats", "path": ["monitoring", "gpu_memory"], "values": [{"value": 1.6211509704589844, "step": null, "ts": 1659526267.6213415}]}, "version": 174}
{"obj": {"type": "LogFloats", "path": ["monitoring", "cpu"], "values": [{"value": 20.5, "step": null, "ts": 1659526277.6461973}]}, "version": 175}
{"obj": {"type": "LogFloats", "path": ["monitoring", "memory"], "values": [{"value": 8.468128204345703, "step": null, "ts": 1659526277.6461973}]}, "version": 176}
{"obj": {"type": "LogFloats", "path": ["monitoring", "gpu"], "values": [{"value": 6.0, "step": null, "ts": 1659526277.6461973}]}, "version": 177}
{"obj": {"type": "LogFloats", "path": ["monitoring", "gpu_memory"], "values": [{"value": 1.6326866149902344, "step": null, "ts": 1659526277.6461973}]}, "version": 178}
{"obj": {"type": "LogFloats", "path": ["monitoring", "cpu"], "values": [{"value": 27.1, "step": null, "ts": 1659526287.6638117}]}, "version": 179}
{"obj": {"type": "LogFloats", "path": ["monitoring", "memory"], "values": [{"value": 8.41836166381836, "step": null, "ts": 1659526287.6638117}]}, "version": 180}
{"obj": {"type": "LogFloats", "path": ["monitoring", "gpu"], "values": [{"value": 4.0, "step": null, "ts": 1659526287.6638117}]}, "version": 181}
{"obj": {"type": "LogFloats", "path": ["monitoring", "gpu_memory"], "values": [{"value": 1.6343345642089844, "step": null, "ts": 1659526287.6638117}]}, "version": 182}
{"obj": {"type": "LogStrings", "path": ["monitoring", "stderr"], "values": [{"value": " * Restarting with stat\n", "step": null, "ts": 1659526291.7433774}]}, "version": 183}
{"obj": {"type": "LogFloats", "path": ["monitoring", "cpu"], "values": [{"value": 50.8, "step": null, "ts": 1659526297.694617}]}, "version": 184}
{"obj": {"type": "LogFloats", "path": ["monitoring", "memory"], "values": [{"value": 7.8107147216796875, "step": null, "ts": 1659526297.694617}]}, "version": 185}
{"obj": {"type": "LogFloats", "path": ["monitoring", "gpu"], "values": [{"value": 7.0, "step": null, "ts": 1659526297.694617}]}, "version": 186}
{"obj": {"type": "LogFloats", "path": ["monitoring", "gpu_memory"], "values": [{"value": 1.098114013671875, "step": null, "ts": 1659526297.694617}]}, "version": 187}
{"obj": {"type": "LogFloats", "path": ["monitoring", "cpu"], "values": [{"value": 49.8, "step": null, "ts": 1659526307.7083213}]}, "version": 188}
{"obj": {"type": "LogFloats", "path": ["monitoring", "memory"], "values": [{"value": 7.878013610839844, "step": null, "ts": 1659526307.7083213}]}, "version": 189}
{"obj": {"type": "LogFloats", "path": ["monitoring", "gpu"], "values": [{"value": 7.0, "step": null, "ts": 1659526307.7083213}]}, "version": 190}
{"obj": {"type": "LogFloats", "path": ["monitoring", "gpu_memory"], "values": [{"value": 1.101409912109375, "step": null, "ts": 1659526307.7083213}]}, "version": 191}
{"obj": {"type": "LogFloats", "path": ["monitoring", "cpu"], "values": [{"value": 62.6, "step": null, "ts": 1659526317.724452}]}, "version": 192}
{"obj": {"type": "LogFloats", "path": ["monitoring", "memory"], "values": [{"value": 8.477890014648438, "step": null, "ts": 1659526317.724452}]}, "version": 193}
{"obj": {"type": "LogFloats", "path": ["monitoring", "gpu"], "values": [{"value": 1.0, "step": null, "ts": 1659526317.724452}]}, "version": 194}
{"obj": {"type": "LogFloats", "path": ["monitoring", "gpu_memory"], "values": [{"value": 1.6722984313964844, "step": null, "ts": 1659526317.724452}]}, "version": 195}
{"obj": {"type": "LogFloats", "path": ["monitoring", "cpu"], "values": [{"value": 42.3, "step": null, "ts": 1659526327.7356114}]}, "version": 196}
{"obj": {"type": "LogFloats", "path": ["monitoring", "memory"], "values": [{"value": 8.537200927734375, "step": null, "ts": 1659526327.7356114}]}, "version": 197}
{"obj": {"type": "LogFloats", "path": ["monitoring", "gpu_memory"], "values": [{"value": 1.6852378845214844, "step": null, "ts": 1659526327.7356114}]}, "version": 198}
{"obj": {"type": "LogFloats", "path": ["monitoring", "cpu"], "values": [{"value": 21.8, "step": null, "ts": 1659526337.754882}]}, "version": 199}
{"obj": {"type": "LogFloats", "path": ["monitoring", "memory"], "values": [{"value": 8.519607543945312, "step": null, "ts": 1659526337.754882}]}, "version": 200}
{"obj": {"type": "LogFloats", "path": ["monitoring", "gpu"], "values": [{"value": 1.0, "step": null, "ts": 1659526337.754882}]}, "version": 201}
{"obj": {"type": "LogFloats", "path": ["monitoring", "gpu_memory"], "values": [{"value": 1.6941490173339844, "step": null, "ts": 1659526337.754882}]}, "version": 202}
{"obj": {"type": "LogFloats", "path": ["monitoring", "cpu"], "values": [{"value": 15.8, "step": null, "ts": 1659526347.7875614}]}, "version": 203}
{"obj": {"type": "LogFloats", "path": ["monitoring", "memory"], "values": [{"value": 8.50052261352539, "step": null, "ts": 1659526347.7875614}]}, "version": 204}
{"obj": {"type": "LogFloats", "path": ["monitoring", "gpu"], "values": [{"value": 1.0, "step": null, "ts": 1659526347.7875614}]}, "version": 205}
{"obj": {"type": "LogFloats", "path": ["monitoring", "gpu_memory"], "values": [{"value": 1.7075767517089844, "step": null, "ts": 1659526347.7875614}]}, "version": 206}
{"obj": {"type": "LogFloats", "path": ["monitoring", "cpu"], "values": [{"value": 15.8, "step": null, "ts": 1659526357.8172944}]}, "version": 207}
{"obj": {"type": "LogFloats", "path": ["monitoring", "memory"], "values": [{"value": 8.416004180908203, "step": null, "ts": 1659526357.8172944}]}, "version": 208}
{"obj": {"type": "LogFloats", "path": ["monitoring", "gpu"], "values": [{"value": 1.0, "step": null, "ts": 1659526357.8172944}]}, "version": 209}
{"obj": {"type": "LogFloats", "path": ["monitoring", "gpu_memory"], "values": [{"value": 1.5762901306152344, "step": null, "ts": 1659526357.8172944}]}, "version": 210}
{"obj": {"type": "LogFloats", "path": ["monitoring", "cpu"], "values": [{"value": 14.3, "step": null, "ts": 1659526367.8480322}]}, "version": 211}
{"obj": {"type": "LogFloats", "path": ["monitoring", "memory"], "values": [{"value": 8.349861145019531, "step": null, "ts": 1659526367.8480322}]}, "version": 212}
{"obj": {"type": "LogFloats", "path": ["monitoring", "gpu_memory"], "values": [{"value": 1.5847129821777344, "step": null, "ts": 1659526367.8480322}]}, "version": 213}
{"obj": {"type": "LogFloats", "path": ["monitoring", "cpu"], "values": [{"value": 14.9, "step": null, "ts": 1659526377.8803449}]}, "version": 214}
{"obj": {"type": "LogFloats", "path": ["monitoring", "memory"], "values": [{"value": 8.351306915283203, "step": null, "ts": 1659526377.8803449}]}, "version": 215}
{"obj": {"type": "LogFloats", "path": ["monitoring", "gpu"], "values": [{"value": 8.0, "step": null, "ts": 1659526377.8803449}]}, "version": 216}
{"obj": {"type": "LogFloats", "path": ["monitoring", "gpu_memory"], "values": [{"value": 1.6047325134277344, "step": null, "ts": 1659526377.8803449}]}, "version": 217}
{"obj": {"type": "LogFloats", "path": ["monitoring", "cpu"], "values": [{"value": 22.4, "step": null, "ts": 1659526387.8887541}]}, "version": 218}
{"obj": {"type": "LogFloats", "path": ["monitoring", "memory"], "values": [{"value": 8.367805480957031, "step": null, "ts": 1659526387.8887541}]}, "version": 219}
{"obj": {"type": "LogFloats", "path": ["monitoring", "gpu"], "values": [{"value": 1.0, "step": null, "ts": 1659526387.8887541}]}, "version": 220}
{"obj": {"type": "LogFloats", "path": ["monitoring", "gpu_memory"], "values": [{"value": 1.5919761657714844, "step": null, "ts": 1659526387.8887541}]}, "version": 221}
{"obj": {"type": "LogFloats", "path": ["monitoring", "cpu"], "values": [{"value": 18.3, "step": null, "ts": 1659526397.9130056}]}, "version": 222}
{"obj": {"type": "LogFloats", "path": ["monitoring", "memory"], "values": [{"value": 8.329593658447266, "step": null, "ts": 1659526397.9130056}]}, "version": 223}
{"obj": {"type": "LogFloats", "path": ["monitoring", "gpu"], "values": [{"value": 5.0, "step": null, "ts": 1659526397.9130056}]}, "version": 224}
{"obj": {"type": "LogFloats", "path": ["monitoring", "gpu_memory"], "values": [{"value": 1.6065635681152344, "step": null, "ts": 1659526397.9130056}]}, "version": 225}
{"obj": {"type": "LogStrings", "path": ["monitoring", "stderr"], "values": [{"value": " * Restarting with stat\n", "step": null, "ts": 1659526401.5676217}]}, "version": 226}
{"obj": {"type": "LogFloats", "path": ["monitoring", "cpu"], "values": [{"value": 57.8, "step": null, "ts": 1659526407.9299395}]}, "version": 227}
{"obj": {"type": "LogFloats", "path": ["monitoring", "memory"], "values": [{"value": 7.739051818847656, "step": null, "ts": 1659526407.9299395}]}, "version": 228}
{"obj": {"type": "LogFloats", "path": ["monitoring", "gpu"], "values": [{"value": 8.0, "step": null, "ts": 1659526407.9299395}]}, "version": 229}
{"obj": {"type": "LogFloats", "path": ["monitoring", "gpu_memory"], "values": [{"value": 1.074676513671875, "step": null, "ts": 1659526407.9299395}]}, "version": 230}
{"obj": {"type": "LogFloats", "path": ["monitoring", "cpu"], "values": [{"value": 34.0, "step": null, "ts": 1659526417.9528852}]}, "version": 231}
{"obj": {"type": "LogFloats", "path": ["monitoring", "memory"], "values": [{"value": 7.869060516357422, "step": null, "ts": 1659526417.9528852}]}, "version": 232}
{"obj": {"type": "LogFloats", "path": ["monitoring", "gpu"], "values": [{"value": 4.0, "step": null, "ts": 1659526417.9528852}]}, "version": 233}
{"obj": {"type": "LogFloats", "path": ["monitoring", "gpu_memory"], "values": [{"value": 1.083099365234375, "step": null, "ts": 1659526417.9528852}]}, "version": 234}
{"obj": {"type": "LogFloats", "path": ["monitoring", "cpu"], "values": [{"value": 66.9, "step": null, "ts": 1659526427.9816914}]}, "version": 235}
{"obj": {"type": "LogFloats", "path": ["monitoring", "memory"], "values": [{"value": 8.503742218017578, "step": null, "ts": 1659526427.9816914}]}, "version": 236}
{"obj": {"type": "LogFloats", "path": ["monitoring", "gpu"], "values": [{"value": 1.0, "step": null, "ts": 1659526427.9816914}]}, "version": 237}
{"obj": {"type": "LogFloats", "path": ["monitoring", "gpu_memory"], "values": [{"value": 1.6395225524902344, "step": null, "ts": 1659526427.9816914}]}, "version": 238}
{"obj": {"type": "LogFloats", "path": ["monitoring", "cpu"], "values": [{"value": 15.2, "step": null, "ts": 1659526437.9985068}]}, "version": 239}
{"obj": {"type": "LogFloats", "path": ["monitoring", "memory"], "values": [{"value": 8.464179992675781, "step": null, "ts": 1659526437.9985068}]}, "version": 240}
{"obj": {"type": "LogFloats", "path": ["monitoring", "gpu_memory"], "values": [{"value": 1.6474571228027344, "step": null, "ts": 1659526437.9985068}]}, "version": 241}
{"obj": {"type": "LogStrings", "path": ["monitoring", "stderr"], "values": [{"value": " * Restarting with stat\n", "step": null, "ts": 1659526442.2497895}]}, "version": 242}
{"obj": {"type": "LogFloats", "path": ["monitoring", "cpu"], "values": [{"value": 53.5, "step": null, "ts": 1659526448.0134633}]}, "version": 243}
{"obj": {"type": "LogFloats", "path": ["monitoring", "memory"], "values": [{"value": 7.778106689453125, "step": null, "ts": 1659526448.0134633}]}, "version": 244}
{"obj": {"type": "LogFloats", "path": ["monitoring", "gpu"], "values": [{"value": 7.0, "step": null, "ts": 1659526448.0134633}]}, "version": 245}
{"obj": {"type": "LogFloats", "path": ["monitoring", "gpu_memory"], "values": [{"value": 1.099395751953125, "step": null, "ts": 1659526448.0134633}]}, "version": 246}
{"obj": {"type": "LogFloats", "path": ["monitoring", "cpu"], "values": [{"value": 29.4, "step": null, "ts": 1659526458.0250359}]}, "version": 247}
{"obj": {"type": "LogFloats", "path": ["monitoring", "memory"], "values": [{"value": 7.865955352783203, "step": null, "ts": 1659526458.0250359}]}, "version": 248}
{"obj": {"type": "LogFloats", "path": ["monitoring", "gpu"], "values": [{"value": 7.0, "step": null, "ts": 1659526458.0250359}]}, "version": 249}
{"obj": {"type": "LogFloats", "path": ["monitoring", "gpu_memory"], "values": [{"value": 1.105926513671875, "step": null, "ts": 1659526458.0250359}]}, "version": 250}
{"obj": {"type": "LogFloats", "path": ["monitoring", "cpu"], "values": [{"value": 61.0, "step": null, "ts": 1659526468.0397186}]}, "version": 251}
{"obj": {"type": "LogFloats", "path": ["monitoring", "memory"], "values": [{"value": 8.455585479736328, "step": null, "ts": 1659526468.0397186}]}, "version": 252}
{"obj": {"type": "LogFloats", "path": ["monitoring", "gpu"], "values": [{"value": 1.0, "step": null, "ts": 1659526468.0397186}]}, "version": 253}
{"obj": {"type": "LogFloats", "path": ["monitoring", "gpu_memory"], "values": [{"value": 1.6767539978027344, "step": null, "ts": 1659526468.0397186}]}, "version": 254}
{"obj": {"type": "LogFloats", "path": ["monitoring", "cpu"], "values": [{"value": 13.1, "step": null, "ts": 1659526478.0489707}]}, "version": 255}
{"obj": {"type": "LogFloats", "path": ["monitoring", "memory"], "values": [{"value": 8.384666442871094, "step": null, "ts": 1659526478.0489707}]}, "version": 256}
{"obj": {"type": "LogFloats", "path": ["monitoring", "gpu_memory"], "values": [{"value": 1.5616416931152344, "step": null, "ts": 1659526478.0489707}]}, "version": 257}
{"obj": {"type": "LogFloats", "path": ["monitoring", "cpu"], "values": [{"value": 13.0, "step": null, "ts": 1659526488.069228}]}, "version": 258}
{"obj": {"type": "LogFloats", "path": ["monitoring", "memory"], "values": [{"value": 8.339546203613281, "step": null, "ts": 1659526488.069228}]}, "version": 259}
{"obj": {"type": "LogFloats", "path": ["monitoring", "gpu_memory"], "values": [{"value": 1.5616416931152344, "step": null, "ts": 1659526488.069228}]}, "version": 260}
{"obj": {"type": "LogFloats", "path": ["monitoring", "cpu"], "values": [{"value": 9.0, "step": null, "ts": 1659526498.0888827}]}, "version": 261}
{"obj": {"type": "LogFloats", "path": ["monitoring", "memory"], "values": [{"value": 8.341041564941406, "step": null, "ts": 1659526498.0888827}]}, "version": 262}
{"obj": {"type": "LogFloats", "path": ["monitoring", "gpu_memory"], "values": [{"value": 1.5736045837402344, "step": null, "ts": 1659526498.0888827}]}, "version": 263}
{"obj": {"type": "LogFloats", "path": ["monitoring", "cpu"], "values": [{"value": 15.1, "step": null, "ts": 1659526508.1212149}]}, "version": 264}
{"obj": {"type": "LogFloats", "path": ["monitoring", "memory"], "values": [{"value": 8.358306884765625, "step": null, "ts": 1659526508.1212149}]}, "version": 265}
{"obj": {"type": "LogFloats", "path": ["monitoring", "gpu_memory"], "values": [{"value": 1.5879478454589844, "step": null, "ts": 1659526508.1212149}]}, "version": 266}
{"obj": {"type": "LogFloats", "path": ["monitoring", "cpu"], "values": [{"value": 22.6, "step": null, "ts": 1659526518.1282716}]}, "version": 267}
{"obj": {"type": "LogFloats", "path": ["monitoring", "memory"], "values": [{"value": 8.344196319580078, "step": null, "ts": 1659526518.1282716}]}, "version": 268}
{"obj": {"type": "LogFloats", "path": ["monitoring", "gpu"], "values": [{"value": 3.0, "step": null, "ts": 1659526518.1282716}]}, "version": 269}
{"obj": {"type": "LogFloats", "path": ["monitoring", "gpu_memory"], "values": [{"value": 1.5917930603027344, "step": null, "ts": 1659526518.1282716}]}, "version": 270}
{"obj": {"type": "LogStrings", "path": ["monitoring", "stderr"], "values": [{"value": " * Restarting with stat\n", "step": null, "ts": 1659526523.3522017}]}, "version": 271}
{"obj": {"type": "LogFloats", "path": ["monitoring", "cpu"], "values": [{"value": 49.5, "step": null, "ts": 1659526528.1423512}]}, "version": 272}
{"obj": {"type": "LogFloats", "path": ["monitoring", "memory"], "values": [{"value": 7.7040863037109375, "step": null, "ts": 1659526528.1423512}]}, "version": 273}
{"obj": {"type": "LogFloats", "path": ["monitoring", "gpu"], "values": [{"value": 1.0, "step": null, "ts": 1659526528.1423512}]}, "version": 274}
{"obj": {"type": "LogFloats", "path": ["monitoring", "gpu_memory"], "values": [{"value": 1.054046630859375, "step": null, "ts": 1659526528.1423512}]}, "version": 275}
{"obj": {"type": "LogFloats", "path": ["monitoring", "cpu"], "values": [{"value": 21.7, "step": null, "ts": 1659526538.1618836}]}, "version": 276}
{"obj": {"type": "LogFloats", "path": ["monitoring", "memory"], "values": [{"value": 7.829723358154297, "step": null, "ts": 1659526538.1618836}]}, "version": 277}
{"obj": {"type": "LogFloats", "path": ["monitoring", "gpu_memory"], "values": [{"value": 1.060943603515625, "step": null, "ts": 1659526538.1618836}]}, "version": 278}
{"obj": {"type": "LogFloats", "path": ["monitoring", "cpu"], "values": [{"value": 59.7, "step": null, "ts": 1659526548.1856523}]}, "version": 279}
{"obj": {"type": "LogFloats", "path": ["monitoring", "memory"], "values": [{"value": 8.461505889892578, "step": null, "ts": 1659526548.1856523}]}, "version": 280}
{"obj": {"type": "LogFloats", "path": ["monitoring", "gpu"], "values": [{"value": 1.0, "step": null, "ts": 1659526548.1856523}]}, "version": 281}
{"obj": {"type": "LogFloats", "path": ["monitoring", "gpu_memory"], "values": [{"value": 1.6312217712402344, "step": null, "ts": 1659526548.1856523}]}, "version": 282}
{"obj": {"type": "LogFloats", "path": ["monitoring", "cpu"], "values": [{"value": 30.1, "step": null, "ts": 1659526558.2158759}]}, "version": 283}
{"obj": {"type": "LogFloats", "path": ["monitoring", "memory"], "values": [{"value": 8.438980102539062, "step": null, "ts": 1659526558.2158759}]}, "version": 284}
{"obj": {"type": "LogFloats", "path": ["monitoring", "gpu_memory"], "values": [{"value": 1.6398887634277344, "step": null, "ts": 1659526558.2158759}]}, "version": 285}
{"obj": {"type": "LogFloats", "path": ["monitoring", "cpu"], "values": [{"value": 19.2, "step": null, "ts": 1659526568.2447042}]}, "version": 286}
{"obj": {"type": "LogFloats", "path": ["monitoring", "memory"], "values": [{"value": 8.370845794677734, "step": null, "ts": 1659526568.2447042}]}, "version": 287}
{"obj": {"type": "LogFloats", "path": ["monitoring", "gpu"], "values": [{"value": 21.0, "step": null, "ts": 1659526568.2447042}]}, "version": 288}
{"obj": {"type": "LogFloats", "path": ["monitoring", "gpu_memory"], "values": [{"value": 1.6620445251464844, "step": null, "ts": 1659526568.2447042}]}, "version": 289}
{"obj": {"type": "LogStrings", "path": ["monitoring", "stderr"], "values": [{"value": " * Restarting with stat\n", "step": null, "ts": 1659526574.3087988}]}, "version": 290}
{"obj": {"type": "LogFloats", "path": ["monitoring", "cpu"], "values": [{"value": 44.6, "step": null, "ts": 1659526578.2621603}]}, "version": 291}
{"obj": {"type": "LogFloats", "path": ["monitoring", "memory"], "values": [{"value": 7.663387298583984, "step": null, "ts": 1659526578.2621603}]}, "version": 292}
{"obj": {"type": "LogFloats", "path": ["monitoring", "gpu"], "values": [{"value": 27.0, "step": null, "ts": 1659526578.2621603}]}, "version": 293}
{"obj": {"type": "LogFloats", "path": ["monitoring", "gpu_memory"], "values": [{"value": 1.115203857421875, "step": null, "ts": 1659526578.2621603}]}, "version": 294}
{"obj": {"type": "LogFloats", "path": ["monitoring", "cpu"], "values": [{"value": 57.6, "step": null, "ts": 1659526588.2774558}]}, "version": 295}
{"obj": {"type": "LogFloats", "path": ["monitoring", "memory"], "values": [{"value": 7.898120880126953, "step": null, "ts": 1659526588.2774558}]}, "version": 296}
{"obj": {"type": "LogFloats", "path": ["monitoring", "gpu"], "values": [{"value": 7.0, "step": null, "ts": 1659526588.2774558}]}, "version": 297}
{"obj": {"type": "LogFloats", "path": ["monitoring", "gpu_memory"], "values": [{"value": 1.137786865234375, "step": null, "ts": 1659526588.2774558}]}, "version": 298}
{"obj": {"type": "LogFloats", "path": ["monitoring", "cpu"], "values": [{"value": 62.5, "step": null, "ts": 1659526598.2855783}]}, "version": 299}
{"obj": {"type": "LogFloats", "path": ["monitoring", "memory"], "values": [{"value": 8.504257202148438, "step": null, "ts": 1659526598.2855783}]}, "version": 300}
{"obj": {"type": "LogFloats", "path": ["monitoring", "gpu"], "values": [{"value": 1.0, "step": null, "ts": 1659526598.2855783}]}, "version": 301}
{"obj": {"type": "LogFloats", "path": ["monitoring", "gpu_memory"], "values": [{"value": 1.6946983337402344, "step": null, "ts": 1659526598.2855783}]}, "version": 302}
{"obj": {"type": "LogFloats", "path": ["monitoring", "cpu"], "values": [{"value": 36.2, "step": null, "ts": 1659526608.2956743}]}, "version": 303}
{"obj": {"type": "LogFloats", "path": ["monitoring", "memory"], "values": [{"value": 8.43258285522461, "step": null, "ts": 1659526608.2956743}]}, "version": 304}
{"obj": {"type": "LogFloats", "path": ["monitoring", "gpu_memory"], "values": [{"value": 1.7032432556152344, "step": null, "ts": 1659526608.2956743}]}, "version": 305}
{"obj": {"type": "LogFloats", "path": ["monitoring", "cpu"], "values": [{"value": 23.8, "step": null, "ts": 1659526618.3039026}]}, "version": 306}
{"obj": {"type": "LogFloats", "path": ["monitoring", "memory"], "values": [{"value": 8.302669525146484, "step": null, "ts": 1659526618.3039026}]}, "version": 307}
{"obj": {"type": "LogFloats", "path": ["monitoring", "gpu"], "values": [{"value": 14.0, "step": null, "ts": 1659526618.3039026}]}, "version": 308}
{"obj": {"type": "LogFloats", "path": ["monitoring", "gpu_memory"], "values": [{"value": 1.5333023071289062, "step": null, "ts": 1659526618.3039026}]}, "version": 309}
{"obj": {"type": "LogFloats", "path": ["monitoring", "cpu"], "values": [{"value": 26.9, "step": null, "ts": 1659526628.3212526}]}, "version": 310}
{"obj": {"type": "LogFloats", "path": ["monitoring", "memory"], "values": [{"value": 7.770484924316406, "step": null, "ts": 1659526628.3212526}]}, "version": 311}
{"obj": {"type": "LogFloats", "path": ["monitoring", "gpu"], "values": [{"value": 5.0, "step": null, "ts": 1659526628.3212526}]}, "version": 312}
{"obj": {"type": "LogFloats", "path": ["monitoring", "gpu_memory"], "values": [{"value": 1.451080322265625, "step": null, "ts": 1659526628.3212526}]}, "version": 313}
{"obj": {"type": "LogFloats", "path": ["monitoring", "cpu"], "values": [{"value": 23.2, "step": null, "ts": 1659526638.3424673}]}, "version": 314}
{"obj": {"type": "LogFloats", "path": ["monitoring", "memory"], "values": [{"value": 7.834781646728516, "step": null, "ts": 1659526638.3424673}]}, "version": 315}
{"obj": {"type": "LogFloats", "path": ["monitoring", "gpu_memory"], "values": [{"value": 1.5199508666992188, "step": null, "ts": 1659526638.3424673}]}, "version": 316}
{"obj": {"type": "LogFloats", "path": ["monitoring", "cpu"], "values": [{"value": 17.5, "step": null, "ts": 1659526648.362978}]}, "version": 317}
{"obj": {"type": "LogFloats", "path": ["monitoring", "memory"], "values": [{"value": 7.814502716064453, "step": null, "ts": 1659526648.362978}]}, "version": 318}
{"obj": {"type": "LogFloats", "path": ["monitoring", "gpu"], "values": [{"value": 1.0, "step": null, "ts": 1659526648.362978}]}, "version": 319}
{"obj": {"type": "LogFloats", "path": ["monitoring", "gpu_memory"], "values": [{"value": 1.4833755493164062, "step": null, "ts": 1659526648.362978}]}, "version": 320}
{"obj": {"type": "LogFloats", "path": ["monitoring", "cpu"], "values": [{"value": 46.8, "step": null, "ts": 1659526658.3734686}]}, "version": 321}
{"obj": {"type": "LogFloats", "path": ["monitoring", "memory"], "values": [{"value": 8.196640014648438, "step": null, "ts": 1659526658.3734686}]}, "version": 322}
{"obj": {"type": "LogFloats", "path": ["monitoring", "gpu"], "values": [{"value": 22.0, "step": null, "ts": 1659526658.3734686}]}, "version": 323}
{"obj": {"type": "LogFloats", "path": ["monitoring", "gpu_memory"], "values": [{"value": 1.5512313842773438, "step": null, "ts": 1659526658.3734686}]}, "version": 324}
{"obj": {"type": "LogFloats", "path": ["monitoring", "cpu"], "values": [{"value": 42.5, "step": null, "ts": 1659526668.381597}]}, "version": 325}
{"obj": {"type": "LogFloats", "path": ["monitoring", "memory"], "values": [{"value": 8.336688995361328, "step": null, "ts": 1659526668.381597}]}, "version": 326}
{"obj": {"type": "LogFloats", "path": ["monitoring", "gpu_memory"], "values": [{"value": 1.5783309936523438, "step": null, "ts": 1659526668.381597}]}, "version": 327}
{"obj": {"type": "LogFloats", "path": ["monitoring", "cpu"], "values": [{"value": 31.1, "step": null, "ts": 1659526678.3875751}]}, "version": 328}
{"obj": {"type": "LogFloats", "path": ["monitoring", "memory"], "values": [{"value": 8.321247100830078, "step": null, "ts": 1659526678.3875751}]}, "version": 329}
{"obj": {"type": "LogFloats", "path": ["monitoring", "gpu_memory"], "values": [{"value": 1.5700531005859375, "step": null, "ts": 1659526678.3875751}]}, "version": 330}
{"obj": {"type": "LogFloats", "path": ["monitoring", "cpu"], "values": [{"value": 30.0, "step": null, "ts": 1659526688.396498}]}, "version": 331}
{"obj": {"type": "LogFloats", "path": ["monitoring", "memory"], "values": [{"value": 8.333992004394531, "step": null, "ts": 1659526688.396498}]}, "version": 332}
{"obj": {"type": "LogFloats", "path": ["monitoring", "gpu_memory"], "values": [{"value": 1.5643157958984375, "step": null, "ts": 1659526688.396498}]}, "version": 333}
{"obj": {"type": "LogFloats", "path": ["monitoring", "cpu"], "values": [{"value": 28.2, "step": null, "ts": 1659526698.4131992}]}, "version": 334}
{"obj": {"type": "LogFloats", "path": ["monitoring", "memory"], "values": [{"value": 8.315208435058594, "step": null, "ts": 1659526698.4131992}]}, "version": 335}
{"obj": {"type": "LogFloats", "path": ["monitoring", "gpu_memory"], "values": [{"value": 1.5644378662109375, "step": null, "ts": 1659526698.4131992}]}, "version": 336}
{"obj": {"type": "LogFloats", "path": ["monitoring", "cpu"], "values": [{"value": 27.9, "step": null, "ts": 1659526708.4251285}]}, "version": 337}
{"obj": {"type": "LogFloats", "path": ["monitoring", "memory"], "values": [{"value": 8.38250732421875, "step": null, "ts": 1659526708.4251285}]}, "version": 338}
{"obj": {"type": "LogFloats", "path": ["monitoring", "gpu"], "values": [{"value": 19.0, "step": null, "ts": 1659526708.4251285}]}, "version": 339}
{"obj": {"type": "LogFloats", "path": ["monitoring", "gpu_memory"], "values": [{"value": 1.5877304077148438, "step": null, "ts": 1659526708.4251285}]}, "version": 340}
{"obj": {"type": "LogFloats", "path": ["monitoring", "cpu"], "values": [{"value": 32.8, "step": null, "ts": 1659526718.4521024}]}, "version": 341}
{"obj": {"type": "LogFloats", "path": ["monitoring", "memory"], "values": [{"value": 8.412792205810547, "step": null, "ts": 1659526718.4521024}]}, "version": 342}
{"obj": {"type": "LogFloats", "path": ["monitoring", "gpu"], "values": [{"value": 1.0, "step": null, "ts": 1659526718.4521024}]}, "version": 343}
{"obj": {"type": "LogFloats", "path": ["monitoring", "gpu_memory"], "values": [{"value": 1.5956649780273438, "step": null, "ts": 1659526718.4521024}]}, "version": 344}
{"obj": {"type": "LogFloats", "path": ["monitoring", "cpu"], "values": [{"value": 12.7, "step": null, "ts": 1659526728.4630902}]}, "version": 345}
{"obj": {"type": "LogFloats", "path": ["monitoring", "memory"], "values": [{"value": 8.37051773071289, "step": null, "ts": 1659526728.4630902}]}, "version": 346}
{"obj": {"type": "LogFloats", "path": ["monitoring", "gpu_memory"], "values": [{"value": 1.5752525329589844, "step": null, "ts": 1659526728.4630902}]}, "version": 347}
{"obj": {"type": "LogFloats", "path": ["monitoring", "cpu"], "values": [{"value": 11.0, "step": null, "ts": 1659526738.4804065}]}, "version": 348}
{"obj": {"type": "LogFloats", "path": ["monitoring", "memory"], "values": [{"value": 8.390083312988281, "step": null, "ts": 1659526738.4804065}]}, "version": 349}
{"obj": {"type": "LogFloats", "path": ["monitoring", "gpu_memory"], "values": [{"value": 1.4757041931152344, "step": null, "ts": 1659526738.4804065}]}, "version": 350}
{"obj": {"type": "LogFloats", "path": ["monitoring", "cpu"], "values": [{"value": 21.0, "step": null, "ts": 1659526748.4886825}]}, "version": 351}
{"obj": {"type": "LogFloats", "path": ["monitoring", "memory"], "values": [{"value": 8.379497528076172, "step": null, "ts": 1659526748.4886825}]}, "version": 352}
{"obj": {"type": "LogFloats", "path": ["monitoring", "gpu"], "values": [{"value": 3.0, "step": null, "ts": 1659526748.4886825}]}, "version": 353}
{"obj": {"type": "LogFloats", "path": ["monitoring", "gpu_memory"], "values": [{"value": 1.4757041931152344, "step": null, "ts": 1659526748.4886825}]}, "version": 354}
{"obj": {"type": "LogFloats", "path": ["monitoring", "cpu"], "values": [{"value": 10.6, "step": null, "ts": 1659526758.5123558}]}, "version": 355}
{"obj": {"type": "LogFloats", "path": ["monitoring", "memory"], "values": [{"value": 8.374954223632812, "step": null, "ts": 1659526758.5123558}]}, "version": 356}
{"obj": {"type": "LogFloats", "path": ["monitoring", "gpu_memory"], "values": [{"value": 1.4795265197753906, "step": null, "ts": 1659526758.5123558}]}, "version": 357}
{"obj": {"type": "LogFloats", "path": ["monitoring", "cpu"], "values": [{"value": 10.1, "step": null, "ts": 1659526768.5412452}]}, "version": 358}
{"obj": {"type": "LogFloats", "path": ["monitoring", "memory"], "values": [{"value": 8.419200897216797, "step": null, "ts": 1659526768.5412452}]}, "version": 359}
{"obj": {"type": "LogFloats", "path": ["monitoring", "gpu"], "values": [{"value": 1.0, "step": null, "ts": 1659526768.5412452}]}, "version": 360}
{"obj": {"type": "LogFloats", "path": ["monitoring", "gpu_memory"], "values": [{"value": 1.4999122619628906, "step": null, "ts": 1659526768.5412452}]}, "version": 361}
{"obj": {"type": "LogFloats", "path": ["monitoring", "cpu"], "values": [{"value": 11.1, "step": null, "ts": 1659526778.5530274}]}, "version": 362}
{"obj": {"type": "LogFloats", "path": ["monitoring", "memory"], "values": [{"value": 8.372150421142578, "step": null, "ts": 1659526778.5530274}]}, "version": 363}
{"obj": {"type": "LogFloats", "path": ["monitoring", "gpu_memory"], "values": [{"value": 1.4979591369628906, "step": null, "ts": 1659526778.5530274}]}, "version": 364}
{"obj": {"type": "LogFloats", "path": ["monitoring", "cpu"], "values": [{"value": 8.6, "step": null, "ts": 1659526788.5819528}]}, "version": 365}
{"obj": {"type": "LogFloats", "path": ["monitoring", "memory"], "values": [{"value": 8.371322631835938, "step": null, "ts": 1659526788.5819528}]}, "version": 366}
{"obj": {"type": "LogFloats", "path": ["monitoring", "gpu_memory"], "values": [{"value": 1.5063819885253906, "step": null, "ts": 1659526788.5819528}]}, "version": 367}
{"obj": {"type": "LogFloats", "path": ["monitoring", "cpu"], "values": [{"value": 23.4, "step": null, "ts": 1659526798.5947857}]}, "version": 368}
{"obj": {"type": "LogFloats", "path": ["monitoring", "memory"], "values": [{"value": 8.052177429199219, "step": null, "ts": 1659526798.5947857}]}, "version": 369}
{"obj": {"type": "LogFloats", "path": ["monitoring", "gpu_memory"], "values": [{"value": 2.0644912719726562, "step": null, "ts": 1659526798.5947857}]}, "version": 370}
{"obj": {"type": "LogFloats", "path": ["monitoring", "cpu"], "values": [{"value": 22.6, "step": null, "ts": 1659526808.615791}]}, "version": 371}
{"obj": {"type": "LogFloats", "path": ["monitoring", "memory"], "values": [{"value": 9.20611572265625, "step": null, "ts": 1659526808.615791}]}, "version": 372}
{"obj": {"type": "LogFloats", "path": ["monitoring", "gpu"], "values": [{"value": 11.0, "step": null, "ts": 1659526808.615791}]}, "version": 373}
{"obj": {"type": "LogFloats", "path": ["monitoring", "gpu_memory"], "values": [{"value": 3.0107192993164062, "step": null, "ts": 1659526808.615791}]}, "version": 374}
{"obj": {"type": "LogFloats", "path": ["monitoring", "cpu"], "values": [{"value": 30.4, "step": null, "ts": 1659526818.629948}]}, "version": 375}
{"obj": {"type": "LogFloats", "path": ["monitoring", "memory"], "values": [{"value": 9.775039672851562, "step": null, "ts": 1659526818.629948}]}, "version": 376}
{"obj": {"type": "LogFloats", "path": ["monitoring", "gpu"], "values": [{"value": 100.0, "step": null, "ts": 1659526818.629948}]}, "version": 377}
{"obj": {"type": "LogFloats", "path": ["monitoring", "gpu_memory"], "values": [{"value": 3.5882339477539062, "step": null, "ts": 1659526818.629948}]}, "version": 378}
{"obj": {"type": "LogFloats", "path": ["monitoring", "cpu"], "values": [{"value": 16.9, "step": null, "ts": 1659526828.6346858}]}, "version": 379}
{"obj": {"type": "LogFloats", "path": ["monitoring", "memory"], "values": [{"value": 9.78530502319336, "step": null, "ts": 1659526828.6346858}]}, "version": 380}
{"obj": {"type": "LogFloats", "path": ["monitoring", "gpu_memory"], "values": [{"value": 3.6034927368164062, "step": null, "ts": 1659526828.6346858}]}, "version": 381}
{"obj": {"type": "LogFloats", "path": ["monitoring", "cpu"], "values": [{"value": 10.9, "step": null, "ts": 1659526838.656768}]}, "version": 382}
{"obj": {"type": "LogFloats", "path": ["monitoring", "memory"], "values": [{"value": 9.788753509521484, "step": null, "ts": 1659526838.656768}]}, "version": 383}
{"obj": {"type": "LogFloats", "path": ["monitoring", "gpu_memory"], "values": [{"value": 3.6188125610351562, "step": null, "ts": 1659526838.656768}]}, "version": 384}
{"obj": {"type": "LogFloats", "path": ["monitoring", "cpu"], "values": [{"value": 20.1, "step": null, "ts": 1659526848.6833537}]}, "version": 385}
{"obj": {"type": "LogFloats", "path": ["monitoring", "memory"], "values": [{"value": 9.898914337158203, "step": null, "ts": 1659526848.6833537}]}, "version": 386}
{"obj": {"type": "LogFloats", "path": ["monitoring", "gpu"], "values": [{"value": 9.0, "step": null, "ts": 1659526848.6833537}]}, "version": 387}
{"obj": {"type": "LogFloats", "path": ["monitoring", "gpu_memory"], "values": [{"value": 3.6367416381835938, "step": null, "ts": 1659526848.6833537}]}, "version": 388}
{"obj": {"type": "LogFloats", "path": ["monitoring", "cpu"], "values": [{"value": 29.6, "step": null, "ts": 1659526858.7078338}]}, "version": 389}
{"obj": {"type": "LogFloats", "path": ["monitoring", "memory"], "values": [{"value": 10.013660430908203, "step": null, "ts": 1659526858.7078338}]}, "version": 390}
{"obj": {"type": "LogFloats", "path": ["monitoring", "gpu_memory"], "values": [{"value": 3.6668243408203125, "step": null, "ts": 1659526858.7078338}]}, "version": 391}
{"obj": {"type": "LogFloats", "path": ["monitoring", "cpu"], "values": [{"value": 32.3, "step": null, "ts": 1659526868.7219815}]}, "version": 392}
{"obj": {"type": "LogFloats", "path": ["monitoring", "memory"], "values": [{"value": 10.018787384033203, "step": null, "ts": 1659526868.7219815}]}, "version": 393}
{"obj": {"type": "LogFloats", "path": ["monitoring", "gpu_memory"], "values": [{"value": 3.659210205078125, "step": null, "ts": 1659526868.7219815}]}, "version": 394}
{"obj": {"type": "LogFloats", "path": ["monitoring", "cpu"], "values": [{"value": 13.0, "step": null, "ts": 1659526878.7559872}]}, "version": 395}
{"obj": {"type": "LogFloats", "path": ["monitoring", "memory"], "values": [{"value": 9.945247650146484, "step": null, "ts": 1659526878.7559872}]}, "version": 396}
{"obj": {"type": "LogFloats", "path": ["monitoring", "gpu_memory"], "values": [{"value": 3.530548095703125, "step": null, "ts": 1659526878.7559872}]}, "version": 397}
{"obj": {"type": "LogFloats", "path": ["monitoring", "cpu"], "values": [{"value": 8.0, "step": null, "ts": 1659526888.778182}]}, "version": 398}
{"obj": {"type": "LogFloats", "path": ["monitoring", "memory"], "values": [{"value": 9.939556121826172, "step": null, "ts": 1659526888.778182}]}, "version": 399}
{"obj": {"type": "LogFloats", "path": ["monitoring", "gpu_memory"], "values": [{"value": 3.538970947265625, "step": null, "ts": 1659526888.778182}]}, "version": 400}
{"obj": {"type": "LogFloats", "path": ["monitoring", "cpu"], "values": [{"value": 9.9, "step": null, "ts": 1659526898.8043077}]}, "version": 401}
{"obj": {"type": "LogFloats", "path": ["monitoring", "memory"], "values": [{"value": 9.940788269042969, "step": null, "ts": 1659526898.8043077}]}, "version": 402}
{"obj": {"type": "LogFloats", "path": ["monitoring", "gpu_memory"], "values": [{"value": 3.559356689453125, "step": null, "ts": 1659526898.8043077}]}, "version": 403}
{"obj": {"type": "LogFloats", "path": ["monitoring", "cpu"], "values": [{"value": 10.8, "step": null, "ts": 1659526908.825713}]}, "version": 404}
{"obj": {"type": "LogFloats", "path": ["monitoring", "memory"], "values": [{"value": 9.871749877929688, "step": null, "ts": 1659526908.825713}]}, "version": 405}
{"obj": {"type": "LogFloats", "path": ["monitoring", "gpu_memory"], "values": [{"value": 3.567779541015625, "step": null, "ts": 1659526908.825713}]}, "version": 406}
{"obj": {"type": "LogFloats", "path": ["monitoring", "cpu"], "values": [{"value": 12.2, "step": null, "ts": 1659526918.8626544}]}, "version": 407}
{"obj": {"type": "LogFloats", "path": ["monitoring", "memory"], "values": [{"value": 9.88943862915039, "step": null, "ts": 1659526918.8626544}]}, "version": 408}
{"obj": {"type": "LogFloats", "path": ["monitoring", "gpu"], "values": [{"value": 6.0, "step": null, "ts": 1659526918.8626544}]}, "version": 409}
{"obj": {"type": "LogFloats", "path": ["monitoring", "gpu_memory"], "values": [{"value": 3.572784423828125, "step": null, "ts": 1659526918.8626544}]}, "version": 410}
{"obj": {"type": "LogFloats", "path": ["monitoring", "cpu"], "values": [{"value": 18.9, "step": null, "ts": 1659526928.8790796}]}, "version": 411}
{"obj": {"type": "LogFloats", "path": ["monitoring", "memory"], "values": [{"value": 9.904670715332031, "step": null, "ts": 1659526928.8790796}]}, "version": 412}
{"obj": {"type": "LogFloats", "path": ["monitoring", "gpu"], "values": [{"value": 5.0, "step": null, "ts": 1659526928.8790796}]}, "version": 413}
{"obj": {"type": "LogFloats", "path": ["monitoring", "gpu_memory"], "values": [{"value": 3.5823593139648438, "step": null, "ts": 1659526928.8790796}]}, "version": 414}
{"obj": {"type": "LogFloats", "path": ["monitoring", "cpu"], "values": [{"value": 15.5, "step": null, "ts": 1659526938.8917232}]}, "version": 415}
{"obj": {"type": "LogFloats", "path": ["monitoring", "memory"], "values": [{"value": 9.909526824951172, "step": null, "ts": 1659526938.8917232}]}, "version": 416}
{"obj": {"type": "LogFloats", "path": ["monitoring", "gpu_memory"], "values": [{"value": 3.5884017944335938, "step": null, "ts": 1659526938.8917232}]}, "version": 417}
{"obj": {"type": "LogFloats", "path": ["monitoring", "cpu"], "values": [{"value": 15.7, "step": null, "ts": 1659526948.9226677}]}, "version": 418}
{"obj": {"type": "LogFloats", "path": ["monitoring", "memory"], "values": [{"value": 9.890583038330078, "step": null, "ts": 1659526948.9226677}]}, "version": 419}
{"obj": {"type": "LogFloats", "path": ["monitoring", "gpu_memory"], "values": [{"value": 3.5947647094726562, "step": null, "ts": 1659526948.9226677}]}, "version": 420}
{"obj": {"type": "LogFloats", "path": ["monitoring", "cpu"], "values": [{"value": 14.9, "step": null, "ts": 1659526958.9552593}]}, "version": 421}
{"obj": {"type": "LogFloats", "path": ["monitoring", "memory"], "values": [{"value": 9.893753051757812, "step": null, "ts": 1659526958.9552593}]}, "version": 422}
{"obj": {"type": "LogFloats", "path": ["monitoring", "gpu"], "values": [{"value": 1.0, "step": null, "ts": 1659526958.9552593}]}, "version": 423}
{"obj": {"type": "LogFloats", "path": ["monitoring", "gpu_memory"], "values": [{"value": 3.6133804321289062, "step": null, "ts": 1659526958.9552593}]}, "version": 424}
{"obj": {"type": "LogFloats", "path": ["monitoring", "cpu"], "values": [{"value": 17.4, "step": null, "ts": 1659526968.9844728}]}, "version": 425}
{"obj": {"type": "LogFloats", "path": ["monitoring", "memory"], "values": [{"value": 9.888755798339844, "step": null, "ts": 1659526968.9844728}]}, "version": 426}
{"obj": {"type": "LogFloats", "path": ["monitoring", "gpu_memory"], "values": [{"value": 3.6272354125976562, "step": null, "ts": 1659526968.9844728}]}, "version": 427}
{"obj": {"type": "LogFloats", "path": ["monitoring", "cpu"], "values": [{"value": 14.0, "step": null, "ts": 1659526979.0191007}]}, "version": 428}
{"obj": {"type": "LogFloats", "path": ["monitoring", "memory"], "values": [{"value": 9.9112548828125, "step": null, "ts": 1659526979.0191007}]}, "version": 429}
{"obj": {"type": "LogFloats", "path": ["monitoring", "gpu_memory"], "values": [{"value": 3.5175552368164062, "step": null, "ts": 1659526979.0191007}]}, "version": 430}
{"obj": {"type": "LogFloats", "path": ["monitoring", "cpu"], "values": [{"value": 35.6, "step": null, "ts": 1659526989.041971}]}, "version": 431}
{"obj": {"type": "LogFloats", "path": ["monitoring", "memory"], "values": [{"value": 9.948104858398438, "step": null, "ts": 1659526989.041971}]}, "version": 432}
{"obj": {"type": "LogFloats", "path": ["monitoring", "gpu"], "values": [{"value": 1.0, "step": null, "ts": 1659526989.041971}]}, "version": 433}
{"obj": {"type": "LogFloats", "path": ["monitoring", "gpu_memory"], "values": [{"value": 3.5258560180664062, "step": null, "ts": 1659526989.041971}]}, "version": 434}
{"obj": {"type": "LogFloats", "path": ["monitoring", "cpu"], "values": [{"value": 15.2, "step": null, "ts": 1659526999.0702538}]}, "version": 435}
{"obj": {"type": "LogFloats", "path": ["monitoring", "memory"], "values": [{"value": 9.905029296875, "step": null, "ts": 1659526999.0702538}]}, "version": 436}
{"obj": {"type": "LogFloats", "path": ["monitoring", "gpu_memory"], "values": [{"value": 3.5189590454101562, "step": null, "ts": 1659526999.0702538}]}, "version": 437}
{"obj": {"type": "LogStrings", "path": ["monitoring", "stdout"], "values": [{"value": "Shutting down background jobs, please wait a moment...\n", "step": null, "ts": 1659527006.6869965}]}, "version": 438}
